<?xml version="1.0" encoding="UTF-8"?>
<TestRun id="829167fb-11ad-4325-acf6-2bccd5a91ab3" name="KERNER-M@25KYJS1 2013-01-30 15:54:17" runUser="SA\KERNER-M" xmlns="http://microsoft.com/schemas/VisualStudio/TeamTest/2010">
  <TestSettings name="Local" id="0dbed112-f3d2-45f0-833e-0741c6af46f4">
    <Description>These are default test settings for a local test run.</Description>
    <Deployment enabled="false" runDeploymentRoot="KERNER-M_25KYJS1 2013-01-30 15_54_17">
      <DeploymentItem filename="C:\Users\kerner-m\Documents\GitHub\AwesomeMart\AwesomeMart\AwesomeMart\packages\EntityFramework.5.0.0\lib\net40\EntityFramework.dll" />
      <DeploymentItem filename="C:\Users\kerner-m\Documents\GitHub\AwesomeMart\AwesomeMart\AwesomeMart.Enumerations\bin\Debug\AwesomeMart.Enumerations.dll" />
      <DeploymentItem filename="C:\Users\kerner-m\Documents\GitHub\AwesomeMart\AwesomeMart\AwesomeMart.Model\bin\Debug\AwesomeMart.Data.dll" />
    </Deployment>
    <Execution>
      <TestTypeSpecific />
      <AgentRule name="Execution Agents">
      </AgentRule>
    </Execution>
  </TestSettings>
  <Times creation="2013-01-30T15:54:17.6173763-08:00" queuing="2013-01-30T15:54:18.5603763-08:00" start="2013-01-30T15:54:18.6613763-08:00" finish="2013-01-30T15:54:38.8513763-08:00" />
  <ResultSummary outcome="Error">
    <Counters total="1" executed="1" error="0" failed="0" timeout="0" aborted="1" inconclusive="0" passedButRunAborted="0" notRunnable="0" notExecuted="0" disconnected="0" warning="0" passed="0" completed="0" inProgress="0" pending="0" />
    <RunInfos>
      <RunInfo computerName="25KYJS1" outcome="Error" timestamp="2013-01-30T15:54:38.8503763-08:00">
        <Text>Test host process exited unexpectedly.</Text>
      </RunInfo>
    </RunInfos>
  </ResultSummary>
  <TestDefinitions>
    <UnitTest name="can_check_validation_before_saving" storage="c:\users\kerner-m\documents\github\awesomemart\awesomemart\awesomemart.test\bin\debug\awesomemart.test.dll" id="722c35cf-2531-e329-3845-21b56e247aad">
      <Execution id="e0bb9290-0f8a-424d-862a-dfb7b678d2ef" />
      <TestMethod codeBase="C:/Users/kerner-m/Documents/GitHub/AwesomeMart/AwesomeMart/AwesomeMart.Test/bin/Debug/AwesomeMart.Test.DLL" adapterTypeName="Microsoft.VisualStudio.TestTools.TestTypes.Unit.UnitTestAdapter, Microsoft.VisualStudio.QualityTools.Tips.UnitTest.Adapter, Version=10.0.0.0, Culture=neutral, PublicKeyToken=b03f5f7f11d50a3a" className="AwesomeMart.Test.Model.Employee_Test, AwesomeMart.Test, Version=1.0.0.0, Culture=neutral, PublicKeyToken=null" name="can_check_validation_before_saving" />
    </UnitTest>
  </TestDefinitions>
  <TestLists>
    <TestList name="Results Not in a List" id="8c84fa94-04c1-424b-9868-57a2d4851a1d" />
    <TestList name="All Loaded Results" id="19431567-8539-422a-85d7-44ee4e166bda" />
  </TestLists>
  <TestEntries>
    <TestEntry testId="722c35cf-2531-e329-3845-21b56e247aad" executionId="e0bb9290-0f8a-424d-862a-dfb7b678d2ef" testListId="8c84fa94-04c1-424b-9868-57a2d4851a1d" />
  </TestEntries>
  <Results>
    <UnitTestResult executionId="e0bb9290-0f8a-424d-862a-dfb7b678d2ef" testId="722c35cf-2531-e329-3845-21b56e247aad" testName="can_check_validation_before_saving" computerName="25KYJS1" duration="00:00:20.0920000" startTime="2013-01-30T15:54:18.7593763-08:00" endTime="2013-01-30T15:54:38.8513763-08:00" testType="13cdc9d9-ddb5-4fa4-a97d-d965ccfc6d4b" outcome="Aborted" testListId="8c84fa94-04c1-424b-9868-57a2d4851a1d" relativeResultsDirectory="e0bb9290-0f8a-424d-862a-dfb7b678d2ef">
    </UnitTestResult>
  </Results>
</TestRun>