<?xml version="1.0" encoding="UTF-8"?>
<TestRun id="7d344c70-48ac-4f25-ba57-ebc23ceb8b19" name="KERNER-M@25KYJS1 2013-01-30 16:09:37" runUser="SA\KERNER-M" xmlns="http://microsoft.com/schemas/VisualStudio/TeamTest/2010">
  <TestSettings name="Local" id="0dbed112-f3d2-45f0-833e-0741c6af46f4">
    <Description>These are default test settings for a local test run.</Description>
    <Deployment enabled="false" runDeploymentRoot="KERNER-M_25KYJS1 2013-01-30 16_09_37">
      <DeploymentItem filename="C:\Users\kerner-m\Documents\GitHub\AwesomeMart\AwesomeMart\AwesomeMart\packages\EntityFramework.5.0.0\lib\net40\EntityFramework.dll" />
      <DeploymentItem filename="C:\Users\kerner-m\Documents\GitHub\AwesomeMart\AwesomeMart\AwesomeMart.Enumerations\bin\Debug\AwesomeMart.Enumerations.dll" />
      <DeploymentItem filename="C:\Users\kerner-m\Documents\GitHub\AwesomeMart\AwesomeMart\AwesomeMart.Model\bin\Debug\AwesomeMart.Data.dll" />
    </Deployment>
    <Execution>
      <TestTypeSpecific />
      <AgentRule name="Execution Agents">
      </AgentRule>
    </Execution>
  </TestSettings>
  <Times creation="2013-01-30T16:09:37.4293763-08:00" queuing="2013-01-30T16:09:37.4683763-08:00" start="2013-01-30T16:09:37.4733763-08:00" finish="2013-01-30T16:09:44.1723763-08:00" />
  <ResultSummary outcome="Completed">
    <Counters total="22" executed="22" passed="22" error="0" failed="0" timeout="0" aborted="0" inconclusive="0" passedButRunAborted="0" notRunnable="0" notExecuted="0" disconnected="0" warning="0" completed="0" inProgress="0" pending="0" />
  </ResultSummary>
  <TestDefinitions>
    <UnitTest name="can_get_validation_message_from_annotation" storage="c:\users\kerner-m\documents\github\awesomemart\awesomemart\awesomemart.test\bin\debug\awesomemart.test.dll" id="1de479d9-767f-0f2e-8696-ae1995c42fa6">
      <Execution id="a79ab370-8230-4e2c-9c5e-54564385d498" />
      <TestMethod codeBase="C:/Users/kerner-m/Documents/GitHub/AwesomeMart/AwesomeMart/AwesomeMart.Test/bin/Debug/AwesomeMart.Test.DLL" adapterTypeName="Microsoft.VisualStudio.TestTools.TestTypes.Unit.UnitTestAdapter, Microsoft.VisualStudio.QualityTools.Tips.UnitTest.Adapter, Version=10.0.0.0, Culture=neutral, PublicKeyToken=b03f5f7f11d50a3a" className="AwesomeMart.Test.Model.Employee_Test, AwesomeMart.Test, Version=1.0.0.0, Culture=neutral, PublicKeyToken=null" name="can_get_validation_message_from_annotation" />
    </UnitTest>
    <UnitTest name="lazy_loading_works_between_sales_and_employee" storage="c:\users\kerner-m\documents\github\awesomemart\awesomemart\awesomemart.test\bin\debug\awesomemart.test.dll" id="c2e768e2-9389-62d7-8919-0d56c84b6986">
      <Execution id="1d4d3129-52ea-4a8c-9f0f-52bb7a9994b6" />
      <TestMethod codeBase="C:/Users/kerner-m/Documents/GitHub/AwesomeMart/AwesomeMart/AwesomeMart.Test/bin/Debug/AwesomeMart.Test.DLL" adapterTypeName="Microsoft.VisualStudio.TestTools.TestTypes.Unit.UnitTestAdapter, Microsoft.VisualStudio.QualityTools.Tips.UnitTest.Adapter, Version=10.0.0.0, Culture=neutral, PublicKeyToken=b03f5f7f11d50a3a" className="AwesomeMart.Test.Model.Sale_Test, AwesomeMart.Test, Version=1.0.0.0, Culture=neutral, PublicKeyToken=null" name="lazy_loading_works_between_sales_and_employee" />
    </UnitTest>
    <UnitTest name="can_get_invalid_entity" storage="c:\users\kerner-m\documents\github\awesomemart\awesomemart\awesomemart.test\bin\debug\awesomemart.test.dll" id="31afd779-579d-d7cd-63bf-667b03aa9167">
      <Execution id="37f9a2ab-c2fd-4b6d-a684-ae8e44aec67a" />
      <TestMethod codeBase="C:/Users/kerner-m/Documents/GitHub/AwesomeMart/AwesomeMart/AwesomeMart.Test/bin/Debug/AwesomeMart.Test.DLL" adapterTypeName="Microsoft.VisualStudio.TestTools.TestTypes.Unit.UnitTestAdapter, Microsoft.VisualStudio.QualityTools.Tips.UnitTest.Adapter, Version=10.0.0.0, Culture=neutral, PublicKeyToken=b03f5f7f11d50a3a" className="AwesomeMart.Test.Model.Employee_Test, AwesomeMart.Test, Version=1.0.0.0, Culture=neutral, PublicKeyToken=null" name="can_get_invalid_entity" />
    </UnitTest>
    <UnitTest name="can_seed_database_with_employee" storage="c:\users\kerner-m\documents\github\awesomemart\awesomemart\awesomemart.test\bin\debug\awesomemart.test.dll" id="9010d12c-3f2d-3c6d-95a8-9b36449c2b43">
      <Execution id="09ea2cb9-bfaa-4282-9b5e-242fcced5c99" />
      <TestMethod codeBase="C:/Users/kerner-m/Documents/GitHub/AwesomeMart/AwesomeMart/AwesomeMart.Test/bin/Debug/AwesomeMart.Test.DLL" adapterTypeName="Microsoft.VisualStudio.TestTools.TestTypes.Unit.UnitTestAdapter, Microsoft.VisualStudio.QualityTools.Tips.UnitTest.Adapter, Version=10.0.0.0, Culture=neutral, PublicKeyToken=b03f5f7f11d50a3a" className="AwesomeMart.Test.Model.Employee_Test, AwesomeMart.Test, Version=1.0.0.0, Culture=neutral, PublicKeyToken=null" name="can_seed_database_with_employee" />
    </UnitTest>
    <UnitTest name="default_value_for_pay_type_is_hourly" storage="c:\users\kerner-m\documents\github\awesomemart\awesomemart\awesomemart.test\bin\debug\awesomemart.test.dll" id="1faebceb-8451-a275-e86e-3b894760aa1e">
      <Execution id="54d08d1e-8f7e-4e41-9f8a-a756d4d876b2" />
      <TestMethod codeBase="C:/Users/kerner-m/Documents/GitHub/AwesomeMart/AwesomeMart/AwesomeMart.Test/bin/Debug/AwesomeMart.Test.DLL" adapterTypeName="Microsoft.VisualStudio.TestTools.TestTypes.Unit.UnitTestAdapter, Microsoft.VisualStudio.QualityTools.Tips.UnitTest.Adapter, Version=10.0.0.0, Culture=neutral, PublicKeyToken=b03f5f7f11d50a3a" className="AwesomeMart.Test.Model.Employee_Test, AwesomeMart.Test, Version=1.0.0.0, Culture=neutral, PublicKeyToken=null" name="default_value_for_pay_type_is_hourly" />
    </UnitTest>
    <UnitTest name="linq_shorthand_is_equivalent_to_regular_syntax" storage="c:\users\kerner-m\documents\github\awesomemart\awesomemart\awesomemart.test\bin\debug\awesomemart.test.dll" id="7948a2ab-75da-b66f-01dc-cc0c50dd9b98">
      <Execution id="1024ae33-61f3-4e4b-a12a-9b7a3215e469" />
      <TestMethod codeBase="C:/Users/kerner-m/Documents/GitHub/AwesomeMart/AwesomeMart/AwesomeMart.Test/bin/Debug/AwesomeMart.Test.DLL" adapterTypeName="Microsoft.VisualStudio.TestTools.TestTypes.Unit.UnitTestAdapter, Microsoft.VisualStudio.QualityTools.Tips.UnitTest.Adapter, Version=10.0.0.0, Culture=neutral, PublicKeyToken=b03f5f7f11d50a3a" className="AwesomeMart.Test.Model.Employee_Test, AwesomeMart.Test, Version=1.0.0.0, Culture=neutral, PublicKeyToken=null" name="linq_shorthand_is_equivalent_to_regular_syntax" />
    </UnitTest>
    <UnitTest name="pay_rate_cant_be_negative" storage="c:\users\kerner-m\documents\github\awesomemart\awesomemart\awesomemart.test\bin\debug\awesomemart.test.dll" id="492926e9-0840-f02c-f7b4-b90f733c4f50">
      <Execution id="b1cb86fc-9c84-477a-a3b2-b5b7695bf5ae" />
      <TestMethod codeBase="C:/Users/kerner-m/Documents/GitHub/AwesomeMart/AwesomeMart/AwesomeMart.Test/bin/Debug/AwesomeMart.Test.DLL" adapterTypeName="Microsoft.VisualStudio.TestTools.TestTypes.Unit.UnitTestAdapter, Microsoft.VisualStudio.QualityTools.Tips.UnitTest.Adapter, Version=10.0.0.0, Culture=neutral, PublicKeyToken=b03f5f7f11d50a3a" className="AwesomeMart.Test.Model.Employee_Test, AwesomeMart.Test, Version=1.0.0.0, Culture=neutral, PublicKeyToken=null" name="pay_rate_cant_be_negative" />
    </UnitTest>
    <UnitTest name="can_have_more_than_one_product_in_sale" storage="c:\users\kerner-m\documents\github\awesomemart\awesomemart\awesomemart.test\bin\debug\awesomemart.test.dll" id="25e07621-69c6-eba1-3e42-eb19005502df">
      <Execution id="cd127d52-6393-4905-bfee-ddf6b93a110a" />
      <TestMethod codeBase="C:/Users/kerner-m/Documents/GitHub/AwesomeMart/AwesomeMart/AwesomeMart.Test/bin/Debug/AwesomeMart.Test.DLL" adapterTypeName="Microsoft.VisualStudio.TestTools.TestTypes.Unit.UnitTestAdapter, Microsoft.VisualStudio.QualityTools.Tips.UnitTest.Adapter, Version=10.0.0.0, Culture=neutral, PublicKeyToken=b03f5f7f11d50a3a" className="AwesomeMart.Test.Model.Sale_Test, AwesomeMart.Test, Version=1.0.0.0, Culture=neutral, PublicKeyToken=null" name="can_have_more_than_one_product_in_sale" />
    </UnitTest>
    <UnitTest name="relationships_work_between_sales_and_employees" storage="c:\users\kerner-m\documents\github\awesomemart\awesomemart\awesomemart.test\bin\debug\awesomemart.test.dll" id="8edd6437-f89d-5258-0bc8-730c57fc8d24">
      <Execution id="97ca4963-ae3c-4677-9db0-3262a4c03139" />
      <TestMethod codeBase="C:/Users/kerner-m/Documents/GitHub/AwesomeMart/AwesomeMart/AwesomeMart.Test/bin/Debug/AwesomeMart.Test.DLL" adapterTypeName="Microsoft.VisualStudio.TestTools.TestTypes.Unit.UnitTestAdapter, Microsoft.VisualStudio.QualityTools.Tips.UnitTest.Adapter, Version=10.0.0.0, Culture=neutral, PublicKeyToken=b03f5f7f11d50a3a" className="AwesomeMart.Test.Model.Sale_Test, AwesomeMart.Test, Version=1.0.0.0, Culture=neutral, PublicKeyToken=null" name="relationships_work_between_sales_and_employees" />
    </UnitTest>
    <UnitTest name="can_enter_sale" storage="c:\users\kerner-m\documents\github\awesomemart\awesomemart\awesomemart.test\bin\debug\awesomemart.test.dll" id="23156d09-9880-eee1-5655-94cfcbb1914a">
      <Execution id="bec0ba93-5256-429f-b468-410b0dea25c2" />
      <TestMethod codeBase="C:/Users/kerner-m/Documents/GitHub/AwesomeMart/AwesomeMart/AwesomeMart.Test/bin/Debug/AwesomeMart.Test.DLL" adapterTypeName="Microsoft.VisualStudio.TestTools.TestTypes.Unit.UnitTestAdapter, Microsoft.VisualStudio.QualityTools.Tips.UnitTest.Adapter, Version=10.0.0.0, Culture=neutral, PublicKeyToken=b03f5f7f11d50a3a" className="AwesomeMart.Test.Model.Sale_Test, AwesomeMart.Test, Version=1.0.0.0, Culture=neutral, PublicKeyToken=null" name="can_enter_sale" />
    </UnitTest>
    <UnitTest name="default_value_for_position_is_null" storage="c:\users\kerner-m\documents\github\awesomemart\awesomemart\awesomemart.test\bin\debug\awesomemart.test.dll" id="d7c04fbe-7743-bb05-94f9-69ebbf46de8f">
      <Execution id="07bad652-d984-4ae1-985a-aa1d413a763c" />
      <TestMethod codeBase="C:/Users/kerner-m/Documents/GitHub/AwesomeMart/AwesomeMart/AwesomeMart.Test/bin/Debug/AwesomeMart.Test.DLL" adapterTypeName="Microsoft.VisualStudio.TestTools.TestTypes.Unit.UnitTestAdapter, Microsoft.VisualStudio.QualityTools.Tips.UnitTest.Adapter, Version=10.0.0.0, Culture=neutral, PublicKeyToken=b03f5f7f11d50a3a" className="AwesomeMart.Test.Model.Employee_Test, AwesomeMart.Test, Version=1.0.0.0, Culture=neutral, PublicKeyToken=null" name="default_value_for_position_is_null" />
    </UnitTest>
    <UnitTest name="can_add_new_employee" storage="c:\users\kerner-m\documents\github\awesomemart\awesomemart\awesomemart.test\bin\debug\awesomemart.test.dll" id="937886fc-50f1-96f2-137f-12f0beea6931">
      <Execution id="1324b92e-ffa2-4b1b-95a7-d4269c644b87" />
      <TestMethod codeBase="C:/Users/kerner-m/Documents/GitHub/AwesomeMart/AwesomeMart/AwesomeMart.Test/bin/Debug/AwesomeMart.Test.DLL" adapterTypeName="Microsoft.VisualStudio.TestTools.TestTypes.Unit.UnitTestAdapter, Microsoft.VisualStudio.QualityTools.Tips.UnitTest.Adapter, Version=10.0.0.0, Culture=neutral, PublicKeyToken=b03f5f7f11d50a3a" className="AwesomeMart.Test.Model.Employee_Test, AwesomeMart.Test, Version=1.0.0.0, Culture=neutral, PublicKeyToken=null" name="can_add_new_employee" />
    </UnitTest>
    <UnitTest name="can_retrieve_employee" storage="c:\users\kerner-m\documents\github\awesomemart\awesomemart\awesomemart.test\bin\debug\awesomemart.test.dll" id="637ca211-9ce2-7473-7d49-6124301dbf38">
      <Execution id="dd3b9f55-9e9f-490b-8b23-60a7ca099371" />
      <TestMethod codeBase="C:/Users/kerner-m/Documents/GitHub/AwesomeMart/AwesomeMart/AwesomeMart.Test/bin/Debug/AwesomeMart.Test.DLL" adapterTypeName="Microsoft.VisualStudio.TestTools.TestTypes.Unit.UnitTestAdapter, Microsoft.VisualStudio.QualityTools.Tips.UnitTest.Adapter, Version=10.0.0.0, Culture=neutral, PublicKeyToken=b03f5f7f11d50a3a" className="AwesomeMart.Test.Model.Employee_Test, AwesomeMart.Test, Version=1.0.0.0, Culture=neutral, PublicKeyToken=null" name="can_retrieve_employee" />
    </UnitTest>
    <UnitTest name="default_value_for_start_date_is_null" storage="c:\users\kerner-m\documents\github\awesomemart\awesomemart\awesomemart.test\bin\debug\awesomemart.test.dll" id="7ba9dac2-7723-9839-8900-7d8d62e34f38">
      <Execution id="3a00c4d5-a678-4f6a-b631-fa74be8079d5" />
      <TestMethod codeBase="C:/Users/kerner-m/Documents/GitHub/AwesomeMart/AwesomeMart/AwesomeMart.Test/bin/Debug/AwesomeMart.Test.DLL" adapterTypeName="Microsoft.VisualStudio.TestTools.TestTypes.Unit.UnitTestAdapter, Microsoft.VisualStudio.QualityTools.Tips.UnitTest.Adapter, Version=10.0.0.0, Culture=neutral, PublicKeyToken=b03f5f7f11d50a3a" className="AwesomeMart.Test.Model.Employee_Test, AwesomeMart.Test, Version=1.0.0.0, Culture=neutral, PublicKeyToken=null" name="default_value_for_start_date_is_null" />
    </UnitTest>
    <UnitTest name="can_delete_employee" storage="c:\users\kerner-m\documents\github\awesomemart\awesomemart\awesomemart.test\bin\debug\awesomemart.test.dll" id="19d8dede-1a91-62cf-015c-c3c0f4e96b93">
      <Execution id="6badbf4d-2200-4a67-8b87-c6301c764c5f" />
      <TestMethod codeBase="C:/Users/kerner-m/Documents/GitHub/AwesomeMart/AwesomeMart/AwesomeMart.Test/bin/Debug/AwesomeMart.Test.DLL" adapterTypeName="Microsoft.VisualStudio.TestTools.TestTypes.Unit.UnitTestAdapter, Microsoft.VisualStudio.QualityTools.Tips.UnitTest.Adapter, Version=10.0.0.0, Culture=neutral, PublicKeyToken=b03f5f7f11d50a3a" className="AwesomeMart.Test.Model.Employee_Test, AwesomeMart.Test, Version=1.0.0.0, Culture=neutral, PublicKeyToken=null" name="can_delete_employee" />
    </UnitTest>
    <UnitTest name="can_check_for_validation_before_saving" storage="c:\users\kerner-m\documents\github\awesomemart\awesomemart\awesomemart.test\bin\debug\awesomemart.test.dll" id="e0371036-8b9a-f916-a7da-ca40b074839f">
      <Execution id="15f601f8-df32-4c70-a3f9-ace963533e70" />
      <TestMethod codeBase="C:/Users/kerner-m/Documents/GitHub/AwesomeMart/AwesomeMart/AwesomeMart.Test/bin/Debug/AwesomeMart.Test.DLL" adapterTypeName="Microsoft.VisualStudio.TestTools.TestTypes.Unit.UnitTestAdapter, Microsoft.VisualStudio.QualityTools.Tips.UnitTest.Adapter, Version=10.0.0.0, Culture=neutral, PublicKeyToken=b03f5f7f11d50a3a" className="AwesomeMart.Test.Model.Employee_Test, AwesomeMart.Test, Version=1.0.0.0, Culture=neutral, PublicKeyToken=null" name="can_check_for_validation_before_saving" />
    </UnitTest>
    <UnitTest name="can_edit_employee" storage="c:\users\kerner-m\documents\github\awesomemart\awesomemart\awesomemart.test\bin\debug\awesomemart.test.dll" id="7e89b305-8675-3aed-4c84-f356b475469a">
      <Execution id="bae0c308-10ef-4d4b-be28-8e0d4a5c96b1" />
      <TestMethod codeBase="C:/Users/kerner-m/Documents/GitHub/AwesomeMart/AwesomeMart/AwesomeMart.Test/bin/Debug/AwesomeMart.Test.DLL" adapterTypeName="Microsoft.VisualStudio.TestTools.TestTypes.Unit.UnitTestAdapter, Microsoft.VisualStudio.QualityTools.Tips.UnitTest.Adapter, Version=10.0.0.0, Culture=neutral, PublicKeyToken=b03f5f7f11d50a3a" className="AwesomeMart.Test.Model.Employee_Test, AwesomeMart.Test, Version=1.0.0.0, Culture=neutral, PublicKeyToken=null" name="can_edit_employee" />
    </UnitTest>
    <UnitTest name="default_value_for_pay_rate_is_zero" storage="c:\users\kerner-m\documents\github\awesomemart\awesomemart\awesomemart.test\bin\debug\awesomemart.test.dll" id="190ade80-aa7a-0241-1baf-701b223668fe">
      <Execution id="00bcb3a9-0640-426c-85c8-e3ee242bbc9f" />
      <TestMethod codeBase="C:/Users/kerner-m/Documents/GitHub/AwesomeMart/AwesomeMart/AwesomeMart.Test/bin/Debug/AwesomeMart.Test.DLL" adapterTypeName="Microsoft.VisualStudio.TestTools.TestTypes.Unit.UnitTestAdapter, Microsoft.VisualStudio.QualityTools.Tips.UnitTest.Adapter, Version=10.0.0.0, Culture=neutral, PublicKeyToken=b03f5f7f11d50a3a" className="AwesomeMart.Test.Model.Employee_Test, AwesomeMart.Test, Version=1.0.0.0, Culture=neutral, PublicKeyToken=null" name="default_value_for_pay_rate_is_zero" />
    </UnitTest>
    <UnitTest name="pay_rate_cant_be_more_than_5000000000" storage="c:\users\kerner-m\documents\github\awesomemart\awesomemart\awesomemart.test\bin\debug\awesomemart.test.dll" id="ff8df26d-cfd2-ee2a-0027-fc09a963f201">
      <Execution id="dfcc4c1e-ef6c-4a55-8cc0-b57213b26942" />
      <TestMethod codeBase="C:/Users/kerner-m/Documents/GitHub/AwesomeMart/AwesomeMart/AwesomeMart.Test/bin/Debug/AwesomeMart.Test.DLL" adapterTypeName="Microsoft.VisualStudio.TestTools.TestTypes.Unit.UnitTestAdapter, Microsoft.VisualStudio.QualityTools.Tips.UnitTest.Adapter, Version=10.0.0.0, Culture=neutral, PublicKeyToken=b03f5f7f11d50a3a" className="AwesomeMart.Test.Model.Employee_Test, AwesomeMart.Test, Version=1.0.0.0, Culture=neutral, PublicKeyToken=null" name="pay_rate_cant_be_more_than_5000000000" />
    </UnitTest>
    <UnitTest name="id_field_is_updated_locally_when_the_context_is_saved" storage="c:\users\kerner-m\documents\github\awesomemart\awesomemart\awesomemart.test\bin\debug\awesomemart.test.dll" id="3c10e73d-4da6-0220-9d85-4f94384ad704">
      <Execution id="03db3609-aba1-4371-996f-5acaae734319" />
      <TestMethod codeBase="C:/Users/kerner-m/Documents/GitHub/AwesomeMart/AwesomeMart/AwesomeMart.Test/bin/Debug/AwesomeMart.Test.DLL" adapterTypeName="Microsoft.VisualStudio.TestTools.TestTypes.Unit.UnitTestAdapter, Microsoft.VisualStudio.QualityTools.Tips.UnitTest.Adapter, Version=10.0.0.0, Culture=neutral, PublicKeyToken=b03f5f7f11d50a3a" className="AwesomeMart.Test.Model.Employee_Test, AwesomeMart.Test, Version=1.0.0.0, Culture=neutral, PublicKeyToken=null" name="id_field_is_updated_locally_when_the_context_is_saved" />
    </UnitTest>
    <UnitTest name="pay_rate_can_be_0" storage="c:\users\kerner-m\documents\github\awesomemart\awesomemart\awesomemart.test\bin\debug\awesomemart.test.dll" id="50016594-dfeb-0321-044f-2714ce910c7a">
      <Execution id="c2c9bd7c-08cb-4f84-99dd-b2101dd13bb0" />
      <TestMethod codeBase="C:/Users/kerner-m/Documents/GitHub/AwesomeMart/AwesomeMart/AwesomeMart.Test/bin/Debug/AwesomeMart.Test.DLL" adapterTypeName="Microsoft.VisualStudio.TestTools.TestTypes.Unit.UnitTestAdapter, Microsoft.VisualStudio.QualityTools.Tips.UnitTest.Adapter, Version=10.0.0.0, Culture=neutral, PublicKeyToken=b03f5f7f11d50a3a" className="AwesomeMart.Test.Model.Employee_Test, AwesomeMart.Test, Version=1.0.0.0, Culture=neutral, PublicKeyToken=null" name="pay_rate_can_be_0" />
    </UnitTest>
    <UnitTest name="pay_rate_can_be_5000000000" storage="c:\users\kerner-m\documents\github\awesomemart\awesomemart\awesomemart.test\bin\debug\awesomemart.test.dll" id="493c682a-ac29-c76e-bbbb-178d91201411">
      <Execution id="4b2f01a9-561b-4763-9f17-94e711a867e4" />
      <TestMethod codeBase="C:/Users/kerner-m/Documents/GitHub/AwesomeMart/AwesomeMart/AwesomeMart.Test/bin/Debug/AwesomeMart.Test.DLL" adapterTypeName="Microsoft.VisualStudio.TestTools.TestTypes.Unit.UnitTestAdapter, Microsoft.VisualStudio.QualityTools.Tips.UnitTest.Adapter, Version=10.0.0.0, Culture=neutral, PublicKeyToken=b03f5f7f11d50a3a" className="AwesomeMart.Test.Model.Employee_Test, AwesomeMart.Test, Version=1.0.0.0, Culture=neutral, PublicKeyToken=null" name="pay_rate_can_be_5000000000" />
    </UnitTest>
  </TestDefinitions>
  <TestLists>
    <TestList name="Results Not in a List" id="8c84fa94-04c1-424b-9868-57a2d4851a1d" />
    <TestList name="All Loaded Results" id="19431567-8539-422a-85d7-44ee4e166bda" />
  </TestLists>
  <TestEntries>
    <TestEntry testId="190ade80-aa7a-0241-1baf-701b223668fe" executionId="00bcb3a9-0640-426c-85c8-e3ee242bbc9f" testListId="8c84fa94-04c1-424b-9868-57a2d4851a1d" />
    <TestEntry testId="19d8dede-1a91-62cf-015c-c3c0f4e96b93" executionId="6badbf4d-2200-4a67-8b87-c6301c764c5f" testListId="8c84fa94-04c1-424b-9868-57a2d4851a1d" />
    <TestEntry testId="1de479d9-767f-0f2e-8696-ae1995c42fa6" executionId="a79ab370-8230-4e2c-9c5e-54564385d498" testListId="8c84fa94-04c1-424b-9868-57a2d4851a1d" />
    <TestEntry testId="1faebceb-8451-a275-e86e-3b894760aa1e" executionId="54d08d1e-8f7e-4e41-9f8a-a756d4d876b2" testListId="8c84fa94-04c1-424b-9868-57a2d4851a1d" />
    <TestEntry testId="23156d09-9880-eee1-5655-94cfcbb1914a" executionId="bec0ba93-5256-429f-b468-410b0dea25c2" testListId="8c84fa94-04c1-424b-9868-57a2d4851a1d" />
    <TestEntry testId="25e07621-69c6-eba1-3e42-eb19005502df" executionId="cd127d52-6393-4905-bfee-ddf6b93a110a" testListId="8c84fa94-04c1-424b-9868-57a2d4851a1d" />
    <TestEntry testId="31afd779-579d-d7cd-63bf-667b03aa9167" executionId="37f9a2ab-c2fd-4b6d-a684-ae8e44aec67a" testListId="8c84fa94-04c1-424b-9868-57a2d4851a1d" />
    <TestEntry testId="3c10e73d-4da6-0220-9d85-4f94384ad704" executionId="03db3609-aba1-4371-996f-5acaae734319" testListId="8c84fa94-04c1-424b-9868-57a2d4851a1d" />
    <TestEntry testId="492926e9-0840-f02c-f7b4-b90f733c4f50" executionId="b1cb86fc-9c84-477a-a3b2-b5b7695bf5ae" testListId="8c84fa94-04c1-424b-9868-57a2d4851a1d" />
    <TestEntry testId="493c682a-ac29-c76e-bbbb-178d91201411" executionId="4b2f01a9-561b-4763-9f17-94e711a867e4" testListId="8c84fa94-04c1-424b-9868-57a2d4851a1d" />
    <TestEntry testId="50016594-dfeb-0321-044f-2714ce910c7a" executionId="c2c9bd7c-08cb-4f84-99dd-b2101dd13bb0" testListId="8c84fa94-04c1-424b-9868-57a2d4851a1d" />
    <TestEntry testId="637ca211-9ce2-7473-7d49-6124301dbf38" executionId="dd3b9f55-9e9f-490b-8b23-60a7ca099371" testListId="8c84fa94-04c1-424b-9868-57a2d4851a1d" />
    <TestEntry testId="7948a2ab-75da-b66f-01dc-cc0c50dd9b98" executionId="1024ae33-61f3-4e4b-a12a-9b7a3215e469" testListId="8c84fa94-04c1-424b-9868-57a2d4851a1d" />
    <TestEntry testId="7ba9dac2-7723-9839-8900-7d8d62e34f38" executionId="3a00c4d5-a678-4f6a-b631-fa74be8079d5" testListId="8c84fa94-04c1-424b-9868-57a2d4851a1d" />
    <TestEntry testId="7e89b305-8675-3aed-4c84-f356b475469a" executionId="bae0c308-10ef-4d4b-be28-8e0d4a5c96b1" testListId="8c84fa94-04c1-424b-9868-57a2d4851a1d" />
    <TestEntry testId="8edd6437-f89d-5258-0bc8-730c57fc8d24" executionId="97ca4963-ae3c-4677-9db0-3262a4c03139" testListId="8c84fa94-04c1-424b-9868-57a2d4851a1d" />
    <TestEntry testId="9010d12c-3f2d-3c6d-95a8-9b36449c2b43" executionId="09ea2cb9-bfaa-4282-9b5e-242fcced5c99" testListId="8c84fa94-04c1-424b-9868-57a2d4851a1d" />
    <TestEntry testId="937886fc-50f1-96f2-137f-12f0beea6931" executionId="1324b92e-ffa2-4b1b-95a7-d4269c644b87" testListId="8c84fa94-04c1-424b-9868-57a2d4851a1d" />
    <TestEntry testId="c2e768e2-9389-62d7-8919-0d56c84b6986" executionId="1d4d3129-52ea-4a8c-9f0f-52bb7a9994b6" testListId="8c84fa94-04c1-424b-9868-57a2d4851a1d" />
    <TestEntry testId="d7c04fbe-7743-bb05-94f9-69ebbf46de8f" executionId="07bad652-d984-4ae1-985a-aa1d413a763c" testListId="8c84fa94-04c1-424b-9868-57a2d4851a1d" />
    <TestEntry testId="e0371036-8b9a-f916-a7da-ca40b074839f" executionId="15f601f8-df32-4c70-a3f9-ace963533e70" testListId="8c84fa94-04c1-424b-9868-57a2d4851a1d" />
    <TestEntry testId="ff8df26d-cfd2-ee2a-0027-fc09a963f201" executionId="dfcc4c1e-ef6c-4a55-8cc0-b57213b26942" testListId="8c84fa94-04c1-424b-9868-57a2d4851a1d" />
  </TestEntries>
  <Results>
    <UnitTestResult executionId="00bcb3a9-0640-426c-85c8-e3ee242bbc9f" testId="190ade80-aa7a-0241-1baf-701b223668fe" testName="default_value_for_pay_rate_is_zero" computerName="25KYJS1" duration="00:00:00.8722003" startTime="2013-01-30T16:09:37.4753763-08:00" endTime="2013-01-30T16:09:38.4873763-08:00" testType="13cdc9d9-ddb5-4fa4-a97d-d965ccfc6d4b" outcome="Passed" testListId="8c84fa94-04c1-424b-9868-57a2d4851a1d" relativeResultsDirectory="00bcb3a9-0640-426c-85c8-e3ee242bbc9f">
    </UnitTestResult>
    <UnitTestResult executionId="6badbf4d-2200-4a67-8b87-c6301c764c5f" testId="19d8dede-1a91-62cf-015c-c3c0f4e96b93" testName="can_delete_employee" computerName="25KYJS1" duration="00:00:00.2743663" startTime="2013-01-30T16:09:38.4893763-08:00" endTime="2013-01-30T16:09:38.7653763-08:00" testType="13cdc9d9-ddb5-4fa4-a97d-d965ccfc6d4b" outcome="Passed" testListId="8c84fa94-04c1-424b-9868-57a2d4851a1d" relativeResultsDirectory="6badbf4d-2200-4a67-8b87-c6301c764c5f">
    </UnitTestResult>
    <UnitTestResult executionId="a79ab370-8230-4e2c-9c5e-54564385d498" testId="1de479d9-767f-0f2e-8696-ae1995c42fa6" testName="can_get_validation_message_from_annotation" computerName="25KYJS1" duration="00:00:00.2209777" startTime="2013-01-30T16:09:38.7673763-08:00" endTime="2013-01-30T16:09:38.9893763-08:00" testType="13cdc9d9-ddb5-4fa4-a97d-d965ccfc6d4b" outcome="Passed" testListId="8c84fa94-04c1-424b-9868-57a2d4851a1d" relativeResultsDirectory="a79ab370-8230-4e2c-9c5e-54564385d498">
    </UnitTestResult>
    <UnitTestResult executionId="54d08d1e-8f7e-4e41-9f8a-a756d4d876b2" testId="1faebceb-8451-a275-e86e-3b894760aa1e" testName="default_value_for_pay_type_is_hourly" computerName="25KYJS1" duration="00:00:00.2249715" startTime="2013-01-30T16:09:38.9923763-08:00" endTime="2013-01-30T16:09:39.2183763-08:00" testType="13cdc9d9-ddb5-4fa4-a97d-d965ccfc6d4b" outcome="Passed" testListId="8c84fa94-04c1-424b-9868-57a2d4851a1d" relativeResultsDirectory="54d08d1e-8f7e-4e41-9f8a-a756d4d876b2">
    </UnitTestResult>
    <UnitTestResult executionId="bec0ba93-5256-429f-b468-410b0dea25c2" testId="23156d09-9880-eee1-5655-94cfcbb1914a" testName="can_enter_sale" computerName="25KYJS1" duration="00:00:00.3235446" startTime="2013-01-30T16:09:39.2203763-08:00" endTime="2013-01-30T16:09:39.5453763-08:00" testType="13cdc9d9-ddb5-4fa4-a97d-d965ccfc6d4b" outcome="Passed" testListId="8c84fa94-04c1-424b-9868-57a2d4851a1d" relativeResultsDirectory="bec0ba93-5256-429f-b468-410b0dea25c2">
    </UnitTestResult>
    <UnitTestResult executionId="cd127d52-6393-4905-bfee-ddf6b93a110a" testId="25e07621-69c6-eba1-3e42-eb19005502df" testName="can_have_more_than_one_product_in_sale" computerName="25KYJS1" duration="00:00:00.2590151" startTime="2013-01-30T16:09:39.5463763-08:00" endTime="2013-01-30T16:09:39.8073763-08:00" testType="13cdc9d9-ddb5-4fa4-a97d-d965ccfc6d4b" outcome="Passed" testListId="8c84fa94-04c1-424b-9868-57a2d4851a1d" relativeResultsDirectory="cd127d52-6393-4905-bfee-ddf6b93a110a">
    </UnitTestResult>
    <UnitTestResult executionId="37f9a2ab-c2fd-4b6d-a684-ae8e44aec67a" testId="31afd779-579d-d7cd-63bf-667b03aa9167" testName="can_get_invalid_entity" computerName="25KYJS1" duration="00:00:00.1917755" startTime="2013-01-30T16:09:39.8093763-08:00" endTime="2013-01-30T16:09:40.0033763-08:00" testType="13cdc9d9-ddb5-4fa4-a97d-d965ccfc6d4b" outcome="Passed" testListId="8c84fa94-04c1-424b-9868-57a2d4851a1d" relativeResultsDirectory="37f9a2ab-c2fd-4b6d-a684-ae8e44aec67a">
    </UnitTestResult>
    <UnitTestResult executionId="03db3609-aba1-4371-996f-5acaae734319" testId="3c10e73d-4da6-0220-9d85-4f94384ad704" testName="id_field_is_updated_locally_when_the_context_is_saved" computerName="25KYJS1" duration="00:00:00.2112178" startTime="2013-01-30T16:09:40.0053763-08:00" endTime="2013-01-30T16:09:40.2183763-08:00" testType="13cdc9d9-ddb5-4fa4-a97d-d965ccfc6d4b" outcome="Passed" testListId="8c84fa94-04c1-424b-9868-57a2d4851a1d" relativeResultsDirectory="03db3609-aba1-4371-996f-5acaae734319">
    </UnitTestResult>
    <UnitTestResult executionId="b1cb86fc-9c84-477a-a3b2-b5b7695bf5ae" testId="492926e9-0840-f02c-f7b4-b90f733c4f50" testName="pay_rate_cant_be_negative" computerName="25KYJS1" duration="00:00:00.1879764" startTime="2013-01-30T16:09:40.2203763-08:00" endTime="2013-01-30T16:09:40.4093763-08:00" testType="13cdc9d9-ddb5-4fa4-a97d-d965ccfc6d4b" outcome="Passed" testListId="8c84fa94-04c1-424b-9868-57a2d4851a1d" relativeResultsDirectory="b1cb86fc-9c84-477a-a3b2-b5b7695bf5ae">
    </UnitTestResult>
    <UnitTestResult executionId="4b2f01a9-561b-4763-9f17-94e711a867e4" testId="493c682a-ac29-c76e-bbbb-178d91201411" testName="pay_rate_can_be_5000000000" computerName="25KYJS1" duration="00:00:00.2147449" startTime="2013-01-30T16:09:40.4113763-08:00" endTime="2013-01-30T16:09:40.6273763-08:00" testType="13cdc9d9-ddb5-4fa4-a97d-d965ccfc6d4b" outcome="Passed" testListId="8c84fa94-04c1-424b-9868-57a2d4851a1d" relativeResultsDirectory="4b2f01a9-561b-4763-9f17-94e711a867e4">
    </UnitTestResult>
    <UnitTestResult executionId="c2c9bd7c-08cb-4f84-99dd-b2101dd13bb0" testId="50016594-dfeb-0321-044f-2714ce910c7a" testName="pay_rate_can_be_0" computerName="25KYJS1" duration="00:00:00.2016381" startTime="2013-01-30T16:09:40.6293763-08:00" endTime="2013-01-30T16:09:40.8333763-08:00" testType="13cdc9d9-ddb5-4fa4-a97d-d965ccfc6d4b" outcome="Passed" testListId="8c84fa94-04c1-424b-9868-57a2d4851a1d" relativeResultsDirectory="c2c9bd7c-08cb-4f84-99dd-b2101dd13bb0">
    </UnitTestResult>
    <UnitTestResult executionId="dd3b9f55-9e9f-490b-8b23-60a7ca099371" testId="637ca211-9ce2-7473-7d49-6124301dbf38" testName="can_retrieve_employee" computerName="25KYJS1" duration="00:00:00.3338587" startTime="2013-01-30T16:09:40.8343763-08:00" endTime="2013-01-30T16:09:41.1703763-08:00" testType="13cdc9d9-ddb5-4fa4-a97d-d965ccfc6d4b" outcome="Passed" testListId="8c84fa94-04c1-424b-9868-57a2d4851a1d" relativeResultsDirectory="dd3b9f55-9e9f-490b-8b23-60a7ca099371">
    </UnitTestResult>
    <UnitTestResult executionId="1024ae33-61f3-4e4b-a12a-9b7a3215e469" testId="7948a2ab-75da-b66f-01dc-cc0c50dd9b98" testName="linq_shorthand_is_equivalent_to_regular_syntax" computerName="25KYJS1" duration="00:00:00.2191040" startTime="2013-01-30T16:09:41.1713763-08:00" endTime="2013-01-30T16:09:41.3933763-08:00" testType="13cdc9d9-ddb5-4fa4-a97d-d965ccfc6d4b" outcome="Passed" testListId="8c84fa94-04c1-424b-9868-57a2d4851a1d" relativeResultsDirectory="1024ae33-61f3-4e4b-a12a-9b7a3215e469">
    </UnitTestResult>
    <UnitTestResult executionId="3a00c4d5-a678-4f6a-b631-fa74be8079d5" testId="7ba9dac2-7723-9839-8900-7d8d62e34f38" testName="default_value_for_start_date_is_null" computerName="25KYJS1" duration="00:00:00.2348443" startTime="2013-01-30T16:09:41.3953763-08:00" endTime="2013-01-30T16:09:41.6323763-08:00" testType="13cdc9d9-ddb5-4fa4-a97d-d965ccfc6d4b" outcome="Passed" testListId="8c84fa94-04c1-424b-9868-57a2d4851a1d" relativeResultsDirectory="3a00c4d5-a678-4f6a-b631-fa74be8079d5">
    </UnitTestResult>
    <UnitTestResult executionId="bae0c308-10ef-4d4b-be28-8e0d4a5c96b1" testId="7e89b305-8675-3aed-4c84-f356b475469a" testName="can_edit_employee" computerName="25KYJS1" duration="00:00:00.2324500" startTime="2013-01-30T16:09:41.6333763-08:00" endTime="2013-01-30T16:09:41.8683763-08:00" testType="13cdc9d9-ddb5-4fa4-a97d-d965ccfc6d4b" outcome="Passed" testListId="8c84fa94-04c1-424b-9868-57a2d4851a1d" relativeResultsDirectory="bae0c308-10ef-4d4b-be28-8e0d4a5c96b1">
    </UnitTestResult>
    <UnitTestResult executionId="97ca4963-ae3c-4677-9db0-3262a4c03139" testId="8edd6437-f89d-5258-0bc8-730c57fc8d24" testName="relationships_work_between_sales_and_employees" computerName="25KYJS1" duration="00:00:00.3583969" startTime="2013-01-30T16:09:41.8693763-08:00" endTime="2013-01-30T16:09:42.2303763-08:00" testType="13cdc9d9-ddb5-4fa4-a97d-d965ccfc6d4b" outcome="Passed" testListId="8c84fa94-04c1-424b-9868-57a2d4851a1d" relativeResultsDirectory="97ca4963-ae3c-4677-9db0-3262a4c03139">
    </UnitTestResult>
    <UnitTestResult executionId="09ea2cb9-bfaa-4282-9b5e-242fcced5c99" testId="9010d12c-3f2d-3c6d-95a8-9b36449c2b43" testName="can_seed_database_with_employee" computerName="25KYJS1" duration="00:00:00.3238332" startTime="2013-01-30T16:09:42.2313763-08:00" endTime="2013-01-30T16:09:42.5573763-08:00" testType="13cdc9d9-ddb5-4fa4-a97d-d965ccfc6d4b" outcome="Passed" testListId="8c84fa94-04c1-424b-9868-57a2d4851a1d" relativeResultsDirectory="09ea2cb9-bfaa-4282-9b5e-242fcced5c99">
    </UnitTestResult>
    <UnitTestResult executionId="1324b92e-ffa2-4b1b-95a7-d4269c644b87" testId="937886fc-50f1-96f2-137f-12f0beea6931" testName="can_add_new_employee" computerName="25KYJS1" duration="00:00:00.2215949" startTime="2013-01-30T16:09:42.5633763-08:00" endTime="2013-01-30T16:09:42.7883763-08:00" testType="13cdc9d9-ddb5-4fa4-a97d-d965ccfc6d4b" outcome="Passed" testListId="8c84fa94-04c1-424b-9868-57a2d4851a1d" relativeResultsDirectory="1324b92e-ffa2-4b1b-95a7-d4269c644b87">
    </UnitTestResult>
    <UnitTestResult executionId="1d4d3129-52ea-4a8c-9f0f-52bb7a9994b6" testId="c2e768e2-9389-62d7-8919-0d56c84b6986" testName="lazy_loading_works_between_sales_and_employee" computerName="25KYJS1" duration="00:00:00.2484595" startTime="2013-01-30T16:09:42.7893763-08:00" endTime="2013-01-30T16:09:43.0403763-08:00" testType="13cdc9d9-ddb5-4fa4-a97d-d965ccfc6d4b" outcome="Passed" testListId="8c84fa94-04c1-424b-9868-57a2d4851a1d" relativeResultsDirectory="1d4d3129-52ea-4a8c-9f0f-52bb7a9994b6">
    </UnitTestResult>
    <UnitTestResult executionId="07bad652-d984-4ae1-985a-aa1d413a763c" testId="d7c04fbe-7743-bb05-94f9-69ebbf46de8f" testName="default_value_for_position_is_null" computerName="25KYJS1" duration="00:00:00.3807550" startTime="2013-01-30T16:09:43.0413763-08:00" endTime="2013-01-30T16:09:43.4253763-08:00" testType="13cdc9d9-ddb5-4fa4-a97d-d965ccfc6d4b" outcome="Passed" testListId="8c84fa94-04c1-424b-9868-57a2d4851a1d" relativeResultsDirectory="07bad652-d984-4ae1-985a-aa1d413a763c">
    </UnitTestResult>
    <UnitTestResult executionId="15f601f8-df32-4c70-a3f9-ace963533e70" testId="e0371036-8b9a-f916-a7da-ca40b074839f" testName="can_check_for_validation_before_saving" computerName="25KYJS1" duration="00:00:00.1866986" startTime="2013-01-30T16:09:43.4263763-08:00" endTime="2013-01-30T16:09:43.6143763-08:00" testType="13cdc9d9-ddb5-4fa4-a97d-d965ccfc6d4b" outcome="Passed" testListId="8c84fa94-04c1-424b-9868-57a2d4851a1d" relativeResultsDirectory="15f601f8-df32-4c70-a3f9-ace963533e70">
    </UnitTestResult>
    <UnitTestResult executionId="dfcc4c1e-ef6c-4a55-8cc0-b57213b26942" testId="ff8df26d-cfd2-ee2a-0027-fc09a963f201" testName="pay_rate_cant_be_more_than_5000000000" computerName="25KYJS1" duration="00:00:00.1912977" startTime="2013-01-30T16:09:43.6163763-08:00" endTime="2013-01-30T16:09:43.8093763-08:00" testType="13cdc9d9-ddb5-4fa4-a97d-d965ccfc6d4b" outcome="Passed" testListId="8c84fa94-04c1-424b-9868-57a2d4851a1d" relativeResultsDirectory="dfcc4c1e-ef6c-4a55-8cc0-b57213b26942">
    </UnitTestResult>
  </Results>
</TestRun>