<?xml version="1.0" encoding="UTF-8"?>
<TestRun id="3d0be437-46ed-43eb-960b-b93084de8d8b" name="KERNER-M@25KYJS1 2013-01-30 16:33:15" runUser="SA\KERNER-M" xmlns="http://microsoft.com/schemas/VisualStudio/TeamTest/2010">
  <TestSettings name="Local" id="0dbed112-f3d2-45f0-833e-0741c6af46f4">
    <Description>These are default test settings for a local test run.</Description>
    <Deployment enabled="false" runDeploymentRoot="KERNER-M_25KYJS1 2013-01-30 16_33_15">
      <DeploymentItem filename="C:\Users\kerner-m\Documents\GitHub\AwesomeMart\AwesomeMart\AwesomeMart\packages\EntityFramework.5.0.0\lib\net40\EntityFramework.dll" />
      <DeploymentItem filename="C:\Users\kerner-m\Documents\GitHub\AwesomeMart\AwesomeMart\AwesomeMart.Enumerations\bin\Debug\AwesomeMart.Enumerations.dll" />
      <DeploymentItem filename="C:\Users\kerner-m\Documents\GitHub\AwesomeMart\AwesomeMart\AwesomeMart.Model\bin\Debug\AwesomeMart.Data.dll" />
    </Deployment>
    <Execution>
      <TestTypeSpecific />
      <AgentRule name="Execution Agents">
      </AgentRule>
    </Execution>
  </TestSettings>
  <Times creation="2013-01-30T16:33:15.1783763-08:00" queuing="2013-01-30T16:33:15.2163763-08:00" start="2013-01-30T16:33:15.2233763-08:00" finish="2013-01-30T16:33:21.6883763-08:00" />
  <ResultSummary outcome="Completed">
    <Counters total="23" executed="23" passed="23" error="0" failed="0" timeout="0" aborted="0" inconclusive="0" passedButRunAborted="0" notRunnable="0" notExecuted="0" disconnected="0" warning="0" completed="0" inProgress="0" pending="0" />
  </ResultSummary>
  <TestDefinitions>
    <UnitTest name="can_get_validation_message_from_annotation" storage="c:\users\kerner-m\documents\github\awesomemart\awesomemart\awesomemart.test\bin\debug\awesomemart.test.dll" id="1de479d9-767f-0f2e-8696-ae1995c42fa6">
      <Execution id="b155f6fd-0853-4416-a668-fbc941efcfe7" />
      <TestMethod codeBase="C:/Users/kerner-m/Documents/GitHub/AwesomeMart/AwesomeMart/AwesomeMart.Test/bin/Debug/AwesomeMart.Test.DLL" adapterTypeName="Microsoft.VisualStudio.TestTools.TestTypes.Unit.UnitTestAdapter, Microsoft.VisualStudio.QualityTools.Tips.UnitTest.Adapter, Version=10.0.0.0, Culture=neutral, PublicKeyToken=b03f5f7f11d50a3a" className="AwesomeMart.Test.Model.Employee_Test, AwesomeMart.Test, Version=1.0.0.0, Culture=neutral, PublicKeyToken=null" name="can_get_validation_message_from_annotation" />
    </UnitTest>
    <UnitTest name="lazy_loading_works_between_sales_and_employee" storage="c:\users\kerner-m\documents\github\awesomemart\awesomemart\awesomemart.test\bin\debug\awesomemart.test.dll" id="c2e768e2-9389-62d7-8919-0d56c84b6986">
      <Execution id="1553e036-4c5f-4895-ba5b-3ad470dcc5ed" />
      <TestMethod codeBase="C:/Users/kerner-m/Documents/GitHub/AwesomeMart/AwesomeMart/AwesomeMart.Test/bin/Debug/AwesomeMart.Test.DLL" adapterTypeName="Microsoft.VisualStudio.TestTools.TestTypes.Unit.UnitTestAdapter, Microsoft.VisualStudio.QualityTools.Tips.UnitTest.Adapter, Version=10.0.0.0, Culture=neutral, PublicKeyToken=b03f5f7f11d50a3a" className="AwesomeMart.Test.Model.Sale_Test, AwesomeMart.Test, Version=1.0.0.0, Culture=neutral, PublicKeyToken=null" name="lazy_loading_works_between_sales_and_employee" />
    </UnitTest>
    <UnitTest name="can_get_invalid_entity" storage="c:\users\kerner-m\documents\github\awesomemart\awesomemart\awesomemart.test\bin\debug\awesomemart.test.dll" id="31afd779-579d-d7cd-63bf-667b03aa9167">
      <Execution id="5bd399f5-e3fc-4f24-bcb8-9ad6cda897a0" />
      <TestMethod codeBase="C:/Users/kerner-m/Documents/GitHub/AwesomeMart/AwesomeMart/AwesomeMart.Test/bin/Debug/AwesomeMart.Test.DLL" adapterTypeName="Microsoft.VisualStudio.TestTools.TestTypes.Unit.UnitTestAdapter, Microsoft.VisualStudio.QualityTools.Tips.UnitTest.Adapter, Version=10.0.0.0, Culture=neutral, PublicKeyToken=b03f5f7f11d50a3a" className="AwesomeMart.Test.Model.Employee_Test, AwesomeMart.Test, Version=1.0.0.0, Culture=neutral, PublicKeyToken=null" name="can_get_invalid_entity" />
    </UnitTest>
    <UnitTest name="can_seed_database_with_employee" storage="c:\users\kerner-m\documents\github\awesomemart\awesomemart\awesomemart.test\bin\debug\awesomemart.test.dll" id="9010d12c-3f2d-3c6d-95a8-9b36449c2b43">
      <Execution id="2a53245d-019a-48d3-b89a-8d3dfafd8f85" />
      <TestMethod codeBase="C:/Users/kerner-m/Documents/GitHub/AwesomeMart/AwesomeMart/AwesomeMart.Test/bin/Debug/AwesomeMart.Test.DLL" adapterTypeName="Microsoft.VisualStudio.TestTools.TestTypes.Unit.UnitTestAdapter, Microsoft.VisualStudio.QualityTools.Tips.UnitTest.Adapter, Version=10.0.0.0, Culture=neutral, PublicKeyToken=b03f5f7f11d50a3a" className="AwesomeMart.Test.Model.Employee_Test, AwesomeMart.Test, Version=1.0.0.0, Culture=neutral, PublicKeyToken=null" name="can_seed_database_with_employee" />
    </UnitTest>
    <UnitTest name="default_value_for_pay_type_is_hourly" storage="c:\users\kerner-m\documents\github\awesomemart\awesomemart\awesomemart.test\bin\debug\awesomemart.test.dll" id="1faebceb-8451-a275-e86e-3b894760aa1e">
      <Execution id="af5214fd-f3de-413b-98c3-89e18835e606" />
      <TestMethod codeBase="C:/Users/kerner-m/Documents/GitHub/AwesomeMart/AwesomeMart/AwesomeMart.Test/bin/Debug/AwesomeMart.Test.DLL" adapterTypeName="Microsoft.VisualStudio.TestTools.TestTypes.Unit.UnitTestAdapter, Microsoft.VisualStudio.QualityTools.Tips.UnitTest.Adapter, Version=10.0.0.0, Culture=neutral, PublicKeyToken=b03f5f7f11d50a3a" className="AwesomeMart.Test.Model.Employee_Test, AwesomeMart.Test, Version=1.0.0.0, Culture=neutral, PublicKeyToken=null" name="default_value_for_pay_type_is_hourly" />
    </UnitTest>
    <UnitTest name="linq_shorthand_is_equivalent_to_regular_syntax" storage="c:\users\kerner-m\documents\github\awesomemart\awesomemart\awesomemart.test\bin\debug\awesomemart.test.dll" id="7948a2ab-75da-b66f-01dc-cc0c50dd9b98">
      <Execution id="1095e3a5-c5bd-42dc-8205-582c69c3edb0" />
      <TestMethod codeBase="C:/Users/kerner-m/Documents/GitHub/AwesomeMart/AwesomeMart/AwesomeMart.Test/bin/Debug/AwesomeMart.Test.DLL" adapterTypeName="Microsoft.VisualStudio.TestTools.TestTypes.Unit.UnitTestAdapter, Microsoft.VisualStudio.QualityTools.Tips.UnitTest.Adapter, Version=10.0.0.0, Culture=neutral, PublicKeyToken=b03f5f7f11d50a3a" className="AwesomeMart.Test.Model.Employee_Test, AwesomeMart.Test, Version=1.0.0.0, Culture=neutral, PublicKeyToken=null" name="linq_shorthand_is_equivalent_to_regular_syntax" />
    </UnitTest>
    <UnitTest name="pay_rate_cant_be_negative" storage="c:\users\kerner-m\documents\github\awesomemart\awesomemart\awesomemart.test\bin\debug\awesomemart.test.dll" id="492926e9-0840-f02c-f7b4-b90f733c4f50">
      <Execution id="542068a0-df00-4ac0-b75a-f497ab0c74e8" />
      <TestMethod codeBase="C:/Users/kerner-m/Documents/GitHub/AwesomeMart/AwesomeMart/AwesomeMart.Test/bin/Debug/AwesomeMart.Test.DLL" adapterTypeName="Microsoft.VisualStudio.TestTools.TestTypes.Unit.UnitTestAdapter, Microsoft.VisualStudio.QualityTools.Tips.UnitTest.Adapter, Version=10.0.0.0, Culture=neutral, PublicKeyToken=b03f5f7f11d50a3a" className="AwesomeMart.Test.Model.Employee_Test, AwesomeMart.Test, Version=1.0.0.0, Culture=neutral, PublicKeyToken=null" name="pay_rate_cant_be_negative" />
    </UnitTest>
    <UnitTest name="can_have_more_than_one_product_in_sale" storage="c:\users\kerner-m\documents\github\awesomemart\awesomemart\awesomemart.test\bin\debug\awesomemart.test.dll" id="25e07621-69c6-eba1-3e42-eb19005502df">
      <Execution id="14377966-8360-48e1-849c-aa6d254a8c9d" />
      <TestMethod codeBase="C:/Users/kerner-m/Documents/GitHub/AwesomeMart/AwesomeMart/AwesomeMart.Test/bin/Debug/AwesomeMart.Test.DLL" adapterTypeName="Microsoft.VisualStudio.TestTools.TestTypes.Unit.UnitTestAdapter, Microsoft.VisualStudio.QualityTools.Tips.UnitTest.Adapter, Version=10.0.0.0, Culture=neutral, PublicKeyToken=b03f5f7f11d50a3a" className="AwesomeMart.Test.Model.Sale_Test, AwesomeMart.Test, Version=1.0.0.0, Culture=neutral, PublicKeyToken=null" name="can_have_more_than_one_product_in_sale" />
    </UnitTest>
    <UnitTest name="relationships_work_between_sales_and_employees" storage="c:\users\kerner-m\documents\github\awesomemart\awesomemart\awesomemart.test\bin\debug\awesomemart.test.dll" id="8edd6437-f89d-5258-0bc8-730c57fc8d24">
      <Execution id="1e8bb811-f3e1-4781-93bd-4f60ac96b269" />
      <TestMethod codeBase="C:/Users/kerner-m/Documents/GitHub/AwesomeMart/AwesomeMart/AwesomeMart.Test/bin/Debug/AwesomeMart.Test.DLL" adapterTypeName="Microsoft.VisualStudio.TestTools.TestTypes.Unit.UnitTestAdapter, Microsoft.VisualStudio.QualityTools.Tips.UnitTest.Adapter, Version=10.0.0.0, Culture=neutral, PublicKeyToken=b03f5f7f11d50a3a" className="AwesomeMart.Test.Model.Sale_Test, AwesomeMart.Test, Version=1.0.0.0, Culture=neutral, PublicKeyToken=null" name="relationships_work_between_sales_and_employees" />
    </UnitTest>
    <UnitTest name="can_enter_sale" storage="c:\users\kerner-m\documents\github\awesomemart\awesomemart\awesomemart.test\bin\debug\awesomemart.test.dll" id="23156d09-9880-eee1-5655-94cfcbb1914a">
      <Execution id="162f5e2e-b4ba-41ac-8c69-8b35b0790aeb" />
      <TestMethod codeBase="C:/Users/kerner-m/Documents/GitHub/AwesomeMart/AwesomeMart/AwesomeMart.Test/bin/Debug/AwesomeMart.Test.DLL" adapterTypeName="Microsoft.VisualStudio.TestTools.TestTypes.Unit.UnitTestAdapter, Microsoft.VisualStudio.QualityTools.Tips.UnitTest.Adapter, Version=10.0.0.0, Culture=neutral, PublicKeyToken=b03f5f7f11d50a3a" className="AwesomeMart.Test.Model.Sale_Test, AwesomeMart.Test, Version=1.0.0.0, Culture=neutral, PublicKeyToken=null" name="can_enter_sale" />
    </UnitTest>
    <UnitTest name="default_value_for_position_is_null" storage="c:\users\kerner-m\documents\github\awesomemart\awesomemart\awesomemart.test\bin\debug\awesomemart.test.dll" id="d7c04fbe-7743-bb05-94f9-69ebbf46de8f">
      <Execution id="d6c8beb1-3e54-44e8-84b6-7364a55dd2b0" />
      <TestMethod codeBase="C:/Users/kerner-m/Documents/GitHub/AwesomeMart/AwesomeMart/AwesomeMart.Test/bin/Debug/AwesomeMart.Test.DLL" adapterTypeName="Microsoft.VisualStudio.TestTools.TestTypes.Unit.UnitTestAdapter, Microsoft.VisualStudio.QualityTools.Tips.UnitTest.Adapter, Version=10.0.0.0, Culture=neutral, PublicKeyToken=b03f5f7f11d50a3a" className="AwesomeMart.Test.Model.Employee_Test, AwesomeMart.Test, Version=1.0.0.0, Culture=neutral, PublicKeyToken=null" name="default_value_for_position_is_null" />
    </UnitTest>
    <UnitTest name="can_add_new_employee" storage="c:\users\kerner-m\documents\github\awesomemart\awesomemart\awesomemart.test\bin\debug\awesomemart.test.dll" id="937886fc-50f1-96f2-137f-12f0beea6931">
      <Execution id="825a52da-b7dd-43ba-aadb-f464abd7c4bd" />
      <TestMethod codeBase="C:/Users/kerner-m/Documents/GitHub/AwesomeMart/AwesomeMart/AwesomeMart.Test/bin/Debug/AwesomeMart.Test.DLL" adapterTypeName="Microsoft.VisualStudio.TestTools.TestTypes.Unit.UnitTestAdapter, Microsoft.VisualStudio.QualityTools.Tips.UnitTest.Adapter, Version=10.0.0.0, Culture=neutral, PublicKeyToken=b03f5f7f11d50a3a" className="AwesomeMart.Test.Model.Employee_Test, AwesomeMart.Test, Version=1.0.0.0, Culture=neutral, PublicKeyToken=null" name="can_add_new_employee" />
    </UnitTest>
    <UnitTest name="can_retrieve_employee" storage="c:\users\kerner-m\documents\github\awesomemart\awesomemart\awesomemart.test\bin\debug\awesomemart.test.dll" id="637ca211-9ce2-7473-7d49-6124301dbf38">
      <Execution id="1a0a1b16-757c-4394-977b-55ccf7561d9b" />
      <TestMethod codeBase="C:/Users/kerner-m/Documents/GitHub/AwesomeMart/AwesomeMart/AwesomeMart.Test/bin/Debug/AwesomeMart.Test.DLL" adapterTypeName="Microsoft.VisualStudio.TestTools.TestTypes.Unit.UnitTestAdapter, Microsoft.VisualStudio.QualityTools.Tips.UnitTest.Adapter, Version=10.0.0.0, Culture=neutral, PublicKeyToken=b03f5f7f11d50a3a" className="AwesomeMart.Test.Model.Employee_Test, AwesomeMart.Test, Version=1.0.0.0, Culture=neutral, PublicKeyToken=null" name="can_retrieve_employee" />
    </UnitTest>
    <UnitTest name="pay_type_is_able_to_be_changed" storage="c:\users\kerner-m\documents\github\awesomemart\awesomemart\awesomemart.test\bin\debug\awesomemart.test.dll" id="64b1c73e-cbd6-9f2f-f8b0-fe4804f3ee4f">
      <Execution id="93c70a86-b0ee-4fa2-b5f9-ce4c5b624cc1" />
      <TestMethod codeBase="C:/Users/kerner-m/Documents/GitHub/AwesomeMart/AwesomeMart/AwesomeMart.Test/bin/Debug/AwesomeMart.Test.DLL" adapterTypeName="Microsoft.VisualStudio.TestTools.TestTypes.Unit.UnitTestAdapter, Microsoft.VisualStudio.QualityTools.Tips.UnitTest.Adapter, Version=10.0.0.0, Culture=neutral, PublicKeyToken=b03f5f7f11d50a3a" className="AwesomeMart.Test.Model.Employee_Test, AwesomeMart.Test, Version=1.0.0.0, Culture=neutral, PublicKeyToken=null" name="pay_type_is_able_to_be_changed" />
    </UnitTest>
    <UnitTest name="can_delete_employee" storage="c:\users\kerner-m\documents\github\awesomemart\awesomemart\awesomemart.test\bin\debug\awesomemart.test.dll" id="19d8dede-1a91-62cf-015c-c3c0f4e96b93">
      <Execution id="461b93f6-8a59-4735-983a-3ebad5b4d017" />
      <TestMethod codeBase="C:/Users/kerner-m/Documents/GitHub/AwesomeMart/AwesomeMart/AwesomeMart.Test/bin/Debug/AwesomeMart.Test.DLL" adapterTypeName="Microsoft.VisualStudio.TestTools.TestTypes.Unit.UnitTestAdapter, Microsoft.VisualStudio.QualityTools.Tips.UnitTest.Adapter, Version=10.0.0.0, Culture=neutral, PublicKeyToken=b03f5f7f11d50a3a" className="AwesomeMart.Test.Model.Employee_Test, AwesomeMart.Test, Version=1.0.0.0, Culture=neutral, PublicKeyToken=null" name="can_delete_employee" />
    </UnitTest>
    <UnitTest name="can_check_for_validation_before_saving" storage="c:\users\kerner-m\documents\github\awesomemart\awesomemart\awesomemart.test\bin\debug\awesomemart.test.dll" id="e0371036-8b9a-f916-a7da-ca40b074839f">
      <Execution id="12395d85-def9-428e-a1ea-a74b34878915" />
      <TestMethod codeBase="C:/Users/kerner-m/Documents/GitHub/AwesomeMart/AwesomeMart/AwesomeMart.Test/bin/Debug/AwesomeMart.Test.DLL" adapterTypeName="Microsoft.VisualStudio.TestTools.TestTypes.Unit.UnitTestAdapter, Microsoft.VisualStudio.QualityTools.Tips.UnitTest.Adapter, Version=10.0.0.0, Culture=neutral, PublicKeyToken=b03f5f7f11d50a3a" className="AwesomeMart.Test.Model.Employee_Test, AwesomeMart.Test, Version=1.0.0.0, Culture=neutral, PublicKeyToken=null" name="can_check_for_validation_before_saving" />
    </UnitTest>
    <UnitTest name="can_edit_employee" storage="c:\users\kerner-m\documents\github\awesomemart\awesomemart\awesomemart.test\bin\debug\awesomemart.test.dll" id="7e89b305-8675-3aed-4c84-f356b475469a">
      <Execution id="e7fd30c9-321e-43cf-a1a7-64ce63d074a8" />
      <TestMethod codeBase="C:/Users/kerner-m/Documents/GitHub/AwesomeMart/AwesomeMart/AwesomeMart.Test/bin/Debug/AwesomeMart.Test.DLL" adapterTypeName="Microsoft.VisualStudio.TestTools.TestTypes.Unit.UnitTestAdapter, Microsoft.VisualStudio.QualityTools.Tips.UnitTest.Adapter, Version=10.0.0.0, Culture=neutral, PublicKeyToken=b03f5f7f11d50a3a" className="AwesomeMart.Test.Model.Employee_Test, AwesomeMart.Test, Version=1.0.0.0, Culture=neutral, PublicKeyToken=null" name="can_edit_employee" />
    </UnitTest>
    <UnitTest name="default_value_for_pay_rate_is_zero" storage="c:\users\kerner-m\documents\github\awesomemart\awesomemart\awesomemart.test\bin\debug\awesomemart.test.dll" id="190ade80-aa7a-0241-1baf-701b223668fe">
      <Execution id="a60248f9-d901-479d-a7e9-0907ccbcf175" />
      <TestMethod codeBase="C:/Users/kerner-m/Documents/GitHub/AwesomeMart/AwesomeMart/AwesomeMart.Test/bin/Debug/AwesomeMart.Test.DLL" adapterTypeName="Microsoft.VisualStudio.TestTools.TestTypes.Unit.UnitTestAdapter, Microsoft.VisualStudio.QualityTools.Tips.UnitTest.Adapter, Version=10.0.0.0, Culture=neutral, PublicKeyToken=b03f5f7f11d50a3a" className="AwesomeMart.Test.Model.Employee_Test, AwesomeMart.Test, Version=1.0.0.0, Culture=neutral, PublicKeyToken=null" name="default_value_for_pay_rate_is_zero" />
    </UnitTest>
    <UnitTest name="pay_rate_cant_be_more_than_5000000000" storage="c:\users\kerner-m\documents\github\awesomemart\awesomemart\awesomemart.test\bin\debug\awesomemart.test.dll" id="ff8df26d-cfd2-ee2a-0027-fc09a963f201">
      <Execution id="77b8e43f-4555-4b26-acbf-302255d828a5" />
      <TestMethod codeBase="C:/Users/kerner-m/Documents/GitHub/AwesomeMart/AwesomeMart/AwesomeMart.Test/bin/Debug/AwesomeMart.Test.DLL" adapterTypeName="Microsoft.VisualStudio.TestTools.TestTypes.Unit.UnitTestAdapter, Microsoft.VisualStudio.QualityTools.Tips.UnitTest.Adapter, Version=10.0.0.0, Culture=neutral, PublicKeyToken=b03f5f7f11d50a3a" className="AwesomeMart.Test.Model.Employee_Test, AwesomeMart.Test, Version=1.0.0.0, Culture=neutral, PublicKeyToken=null" name="pay_rate_cant_be_more_than_5000000000" />
    </UnitTest>
    <UnitTest name="id_field_is_updated_locally_when_the_context_is_saved" storage="c:\users\kerner-m\documents\github\awesomemart\awesomemart\awesomemart.test\bin\debug\awesomemart.test.dll" id="3c10e73d-4da6-0220-9d85-4f94384ad704">
      <Execution id="66c8120b-e551-4532-acd7-0ad7bbc4e370" />
      <TestMethod codeBase="C:/Users/kerner-m/Documents/GitHub/AwesomeMart/AwesomeMart/AwesomeMart.Test/bin/Debug/AwesomeMart.Test.DLL" adapterTypeName="Microsoft.VisualStudio.TestTools.TestTypes.Unit.UnitTestAdapter, Microsoft.VisualStudio.QualityTools.Tips.UnitTest.Adapter, Version=10.0.0.0, Culture=neutral, PublicKeyToken=b03f5f7f11d50a3a" className="AwesomeMart.Test.Model.Employee_Test, AwesomeMart.Test, Version=1.0.0.0, Culture=neutral, PublicKeyToken=null" name="id_field_is_updated_locally_when_the_context_is_saved" />
    </UnitTest>
    <UnitTest name="pay_rate_can_be_0" storage="c:\users\kerner-m\documents\github\awesomemart\awesomemart\awesomemart.test\bin\debug\awesomemart.test.dll" id="50016594-dfeb-0321-044f-2714ce910c7a">
      <Execution id="b7521627-bb7c-4360-ac79-290130b830d8" />
      <TestMethod codeBase="C:/Users/kerner-m/Documents/GitHub/AwesomeMart/AwesomeMart/AwesomeMart.Test/bin/Debug/AwesomeMart.Test.DLL" adapterTypeName="Microsoft.VisualStudio.TestTools.TestTypes.Unit.UnitTestAdapter, Microsoft.VisualStudio.QualityTools.Tips.UnitTest.Adapter, Version=10.0.0.0, Culture=neutral, PublicKeyToken=b03f5f7f11d50a3a" className="AwesomeMart.Test.Model.Employee_Test, AwesomeMart.Test, Version=1.0.0.0, Culture=neutral, PublicKeyToken=null" name="pay_rate_can_be_0" />
    </UnitTest>
    <UnitTest name="pay_rate_can_be_5000000000" storage="c:\users\kerner-m\documents\github\awesomemart\awesomemart\awesomemart.test\bin\debug\awesomemart.test.dll" id="493c682a-ac29-c76e-bbbb-178d91201411">
      <Execution id="dd1b3118-7cbb-4b01-9beb-54e3381c551a" />
      <TestMethod codeBase="C:/Users/kerner-m/Documents/GitHub/AwesomeMart/AwesomeMart/AwesomeMart.Test/bin/Debug/AwesomeMart.Test.DLL" adapterTypeName="Microsoft.VisualStudio.TestTools.TestTypes.Unit.UnitTestAdapter, Microsoft.VisualStudio.QualityTools.Tips.UnitTest.Adapter, Version=10.0.0.0, Culture=neutral, PublicKeyToken=b03f5f7f11d50a3a" className="AwesomeMart.Test.Model.Employee_Test, AwesomeMart.Test, Version=1.0.0.0, Culture=neutral, PublicKeyToken=null" name="pay_rate_can_be_5000000000" />
    </UnitTest>
    <UnitTest name="default_value_for_start_date_is_null" storage="c:\users\kerner-m\documents\github\awesomemart\awesomemart\awesomemart.test\bin\debug\awesomemart.test.dll" id="7ba9dac2-7723-9839-8900-7d8d62e34f38">
      <Execution id="938c39eb-667e-482b-b848-98058dc13142" />
      <TestMethod codeBase="C:/Users/kerner-m/Documents/GitHub/AwesomeMart/AwesomeMart/AwesomeMart.Test/bin/Debug/AwesomeMart.Test.DLL" adapterTypeName="Microsoft.VisualStudio.TestTools.TestTypes.Unit.UnitTestAdapter, Microsoft.VisualStudio.QualityTools.Tips.UnitTest.Adapter, Version=10.0.0.0, Culture=neutral, PublicKeyToken=b03f5f7f11d50a3a" className="AwesomeMart.Test.Model.Employee_Test, AwesomeMart.Test, Version=1.0.0.0, Culture=neutral, PublicKeyToken=null" name="default_value_for_start_date_is_null" />
    </UnitTest>
  </TestDefinitions>
  <TestLists>
    <TestList name="Results Not in a List" id="8c84fa94-04c1-424b-9868-57a2d4851a1d" />
    <TestList name="All Loaded Results" id="19431567-8539-422a-85d7-44ee4e166bda" />
  </TestLists>
  <TestEntries>
    <TestEntry testId="190ade80-aa7a-0241-1baf-701b223668fe" executionId="a60248f9-d901-479d-a7e9-0907ccbcf175" testListId="8c84fa94-04c1-424b-9868-57a2d4851a1d" />
    <TestEntry testId="19d8dede-1a91-62cf-015c-c3c0f4e96b93" executionId="461b93f6-8a59-4735-983a-3ebad5b4d017" testListId="8c84fa94-04c1-424b-9868-57a2d4851a1d" />
    <TestEntry testId="1de479d9-767f-0f2e-8696-ae1995c42fa6" executionId="b155f6fd-0853-4416-a668-fbc941efcfe7" testListId="8c84fa94-04c1-424b-9868-57a2d4851a1d" />
    <TestEntry testId="1faebceb-8451-a275-e86e-3b894760aa1e" executionId="af5214fd-f3de-413b-98c3-89e18835e606" testListId="8c84fa94-04c1-424b-9868-57a2d4851a1d" />
    <TestEntry testId="23156d09-9880-eee1-5655-94cfcbb1914a" executionId="162f5e2e-b4ba-41ac-8c69-8b35b0790aeb" testListId="8c84fa94-04c1-424b-9868-57a2d4851a1d" />
    <TestEntry testId="25e07621-69c6-eba1-3e42-eb19005502df" executionId="14377966-8360-48e1-849c-aa6d254a8c9d" testListId="8c84fa94-04c1-424b-9868-57a2d4851a1d" />
    <TestEntry testId="31afd779-579d-d7cd-63bf-667b03aa9167" executionId="5bd399f5-e3fc-4f24-bcb8-9ad6cda897a0" testListId="8c84fa94-04c1-424b-9868-57a2d4851a1d" />
    <TestEntry testId="3c10e73d-4da6-0220-9d85-4f94384ad704" executionId="66c8120b-e551-4532-acd7-0ad7bbc4e370" testListId="8c84fa94-04c1-424b-9868-57a2d4851a1d" />
    <TestEntry testId="492926e9-0840-f02c-f7b4-b90f733c4f50" executionId="542068a0-df00-4ac0-b75a-f497ab0c74e8" testListId="8c84fa94-04c1-424b-9868-57a2d4851a1d" />
    <TestEntry testId="493c682a-ac29-c76e-bbbb-178d91201411" executionId="dd1b3118-7cbb-4b01-9beb-54e3381c551a" testListId="8c84fa94-04c1-424b-9868-57a2d4851a1d" />
    <TestEntry testId="50016594-dfeb-0321-044f-2714ce910c7a" executionId="b7521627-bb7c-4360-ac79-290130b830d8" testListId="8c84fa94-04c1-424b-9868-57a2d4851a1d" />
    <TestEntry testId="637ca211-9ce2-7473-7d49-6124301dbf38" executionId="1a0a1b16-757c-4394-977b-55ccf7561d9b" testListId="8c84fa94-04c1-424b-9868-57a2d4851a1d" />
    <TestEntry testId="64b1c73e-cbd6-9f2f-f8b0-fe4804f3ee4f" executionId="93c70a86-b0ee-4fa2-b5f9-ce4c5b624cc1" testListId="8c84fa94-04c1-424b-9868-57a2d4851a1d" />
    <TestEntry testId="7948a2ab-75da-b66f-01dc-cc0c50dd9b98" executionId="1095e3a5-c5bd-42dc-8205-582c69c3edb0" testListId="8c84fa94-04c1-424b-9868-57a2d4851a1d" />
    <TestEntry testId="7ba9dac2-7723-9839-8900-7d8d62e34f38" executionId="938c39eb-667e-482b-b848-98058dc13142" testListId="8c84fa94-04c1-424b-9868-57a2d4851a1d" />
    <TestEntry testId="7e89b305-8675-3aed-4c84-f356b475469a" executionId="e7fd30c9-321e-43cf-a1a7-64ce63d074a8" testListId="8c84fa94-04c1-424b-9868-57a2d4851a1d" />
    <TestEntry testId="8edd6437-f89d-5258-0bc8-730c57fc8d24" executionId="1e8bb811-f3e1-4781-93bd-4f60ac96b269" testListId="8c84fa94-04c1-424b-9868-57a2d4851a1d" />
    <TestEntry testId="9010d12c-3f2d-3c6d-95a8-9b36449c2b43" executionId="2a53245d-019a-48d3-b89a-8d3dfafd8f85" testListId="8c84fa94-04c1-424b-9868-57a2d4851a1d" />
    <TestEntry testId="937886fc-50f1-96f2-137f-12f0beea6931" executionId="825a52da-b7dd-43ba-aadb-f464abd7c4bd" testListId="8c84fa94-04c1-424b-9868-57a2d4851a1d" />
    <TestEntry testId="c2e768e2-9389-62d7-8919-0d56c84b6986" executionId="1553e036-4c5f-4895-ba5b-3ad470dcc5ed" testListId="8c84fa94-04c1-424b-9868-57a2d4851a1d" />
    <TestEntry testId="d7c04fbe-7743-bb05-94f9-69ebbf46de8f" executionId="d6c8beb1-3e54-44e8-84b6-7364a55dd2b0" testListId="8c84fa94-04c1-424b-9868-57a2d4851a1d" />
    <TestEntry testId="e0371036-8b9a-f916-a7da-ca40b074839f" executionId="12395d85-def9-428e-a1ea-a74b34878915" testListId="8c84fa94-04c1-424b-9868-57a2d4851a1d" />
    <TestEntry testId="ff8df26d-cfd2-ee2a-0027-fc09a963f201" executionId="77b8e43f-4555-4b26-acbf-302255d828a5" testListId="8c84fa94-04c1-424b-9868-57a2d4851a1d" />
  </TestEntries>
  <Results>
    <UnitTestResult executionId="a60248f9-d901-479d-a7e9-0907ccbcf175" testId="190ade80-aa7a-0241-1baf-701b223668fe" testName="default_value_for_pay_rate_is_zero" computerName="25KYJS1" duration="00:00:00.8673845" startTime="2013-01-30T16:33:15.2253763-08:00" endTime="2013-01-30T16:33:16.2103763-08:00" testType="13cdc9d9-ddb5-4fa4-a97d-d965ccfc6d4b" outcome="Passed" testListId="8c84fa94-04c1-424b-9868-57a2d4851a1d" relativeResultsDirectory="a60248f9-d901-479d-a7e9-0907ccbcf175">
    </UnitTestResult>
    <UnitTestResult executionId="461b93f6-8a59-4735-983a-3ebad5b4d017" testId="19d8dede-1a91-62cf-015c-c3c0f4e96b93" testName="can_delete_employee" computerName="25KYJS1" duration="00:00:00.2819398" startTime="2013-01-30T16:33:16.2213763-08:00" endTime="2013-01-30T16:33:16.5053763-08:00" testType="13cdc9d9-ddb5-4fa4-a97d-d965ccfc6d4b" outcome="Passed" testListId="8c84fa94-04c1-424b-9868-57a2d4851a1d" relativeResultsDirectory="461b93f6-8a59-4735-983a-3ebad5b4d017">
    </UnitTestResult>
    <UnitTestResult executionId="b155f6fd-0853-4416-a668-fbc941efcfe7" testId="1de479d9-767f-0f2e-8696-ae1995c42fa6" testName="can_get_validation_message_from_annotation" computerName="25KYJS1" duration="00:00:00.2152653" startTime="2013-01-30T16:33:16.5063763-08:00" endTime="2013-01-30T16:33:16.7243763-08:00" testType="13cdc9d9-ddb5-4fa4-a97d-d965ccfc6d4b" outcome="Passed" testListId="8c84fa94-04c1-424b-9868-57a2d4851a1d" relativeResultsDirectory="b155f6fd-0853-4416-a668-fbc941efcfe7">
    </UnitTestResult>
    <UnitTestResult executionId="af5214fd-f3de-413b-98c3-89e18835e606" testId="1faebceb-8451-a275-e86e-3b894760aa1e" testName="default_value_for_pay_type_is_hourly" computerName="25KYJS1" duration="00:00:00.2236177" startTime="2013-01-30T16:33:16.7263763-08:00" endTime="2013-01-30T16:33:16.9513763-08:00" testType="13cdc9d9-ddb5-4fa4-a97d-d965ccfc6d4b" outcome="Passed" testListId="8c84fa94-04c1-424b-9868-57a2d4851a1d" relativeResultsDirectory="af5214fd-f3de-413b-98c3-89e18835e606">
    </UnitTestResult>
    <UnitTestResult executionId="162f5e2e-b4ba-41ac-8c69-8b35b0790aeb" testId="23156d09-9880-eee1-5655-94cfcbb1914a" testName="can_enter_sale" computerName="25KYJS1" duration="00:00:00.2961524" startTime="2013-01-30T16:33:16.9533763-08:00" endTime="2013-01-30T16:33:17.2513763-08:00" testType="13cdc9d9-ddb5-4fa4-a97d-d965ccfc6d4b" outcome="Passed" testListId="8c84fa94-04c1-424b-9868-57a2d4851a1d" relativeResultsDirectory="162f5e2e-b4ba-41ac-8c69-8b35b0790aeb">
    </UnitTestResult>
    <UnitTestResult executionId="14377966-8360-48e1-849c-aa6d254a8c9d" testId="25e07621-69c6-eba1-3e42-eb19005502df" testName="can_have_more_than_one_product_in_sale" computerName="25KYJS1" duration="00:00:00.2770567" startTime="2013-01-30T16:33:17.2523763-08:00" endTime="2013-01-30T16:33:17.5313763-08:00" testType="13cdc9d9-ddb5-4fa4-a97d-d965ccfc6d4b" outcome="Passed" testListId="8c84fa94-04c1-424b-9868-57a2d4851a1d" relativeResultsDirectory="14377966-8360-48e1-849c-aa6d254a8c9d">
    </UnitTestResult>
    <UnitTestResult executionId="5bd399f5-e3fc-4f24-bcb8-9ad6cda897a0" testId="31afd779-579d-d7cd-63bf-667b03aa9167" testName="can_get_invalid_entity" computerName="25KYJS1" duration="00:00:00.1894256" startTime="2013-01-30T16:33:17.5333763-08:00" endTime="2013-01-30T16:33:17.7243763-08:00" testType="13cdc9d9-ddb5-4fa4-a97d-d965ccfc6d4b" outcome="Passed" testListId="8c84fa94-04c1-424b-9868-57a2d4851a1d" relativeResultsDirectory="5bd399f5-e3fc-4f24-bcb8-9ad6cda897a0">
    </UnitTestResult>
    <UnitTestResult executionId="66c8120b-e551-4532-acd7-0ad7bbc4e370" testId="3c10e73d-4da6-0220-9d85-4f94384ad704" testName="id_field_is_updated_locally_when_the_context_is_saved" computerName="25KYJS1" duration="00:00:00.1987556" startTime="2013-01-30T16:33:17.7263763-08:00" endTime="2013-01-30T16:33:17.9273763-08:00" testType="13cdc9d9-ddb5-4fa4-a97d-d965ccfc6d4b" outcome="Passed" testListId="8c84fa94-04c1-424b-9868-57a2d4851a1d" relativeResultsDirectory="66c8120b-e551-4532-acd7-0ad7bbc4e370">
    </UnitTestResult>
    <UnitTestResult executionId="542068a0-df00-4ac0-b75a-f497ab0c74e8" testId="492926e9-0840-f02c-f7b4-b90f733c4f50" testName="pay_rate_cant_be_negative" computerName="25KYJS1" duration="00:00:00.1922833" startTime="2013-01-30T16:33:17.9283763-08:00" endTime="2013-01-30T16:33:18.1223763-08:00" testType="13cdc9d9-ddb5-4fa4-a97d-d965ccfc6d4b" outcome="Passed" testListId="8c84fa94-04c1-424b-9868-57a2d4851a1d" relativeResultsDirectory="542068a0-df00-4ac0-b75a-f497ab0c74e8">
    </UnitTestResult>
    <UnitTestResult executionId="dd1b3118-7cbb-4b01-9beb-54e3381c551a" testId="493c682a-ac29-c76e-bbbb-178d91201411" testName="pay_rate_can_be_5000000000" computerName="25KYJS1" duration="00:00:00.1997774" startTime="2013-01-30T16:33:18.1233763-08:00" endTime="2013-01-30T16:33:18.3253763-08:00" testType="13cdc9d9-ddb5-4fa4-a97d-d965ccfc6d4b" outcome="Passed" testListId="8c84fa94-04c1-424b-9868-57a2d4851a1d" relativeResultsDirectory="dd1b3118-7cbb-4b01-9beb-54e3381c551a">
    </UnitTestResult>
    <UnitTestResult executionId="b7521627-bb7c-4360-ac79-290130b830d8" testId="50016594-dfeb-0321-044f-2714ce910c7a" testName="pay_rate_can_be_0" computerName="25KYJS1" duration="00:00:00.2047783" startTime="2013-01-30T16:33:18.3263763-08:00" endTime="2013-01-30T16:33:18.5323763-08:00" testType="13cdc9d9-ddb5-4fa4-a97d-d965ccfc6d4b" outcome="Passed" testListId="8c84fa94-04c1-424b-9868-57a2d4851a1d" relativeResultsDirectory="b7521627-bb7c-4360-ac79-290130b830d8">
    </UnitTestResult>
    <UnitTestResult executionId="1a0a1b16-757c-4394-977b-55ccf7561d9b" testId="637ca211-9ce2-7473-7d49-6124301dbf38" testName="can_retrieve_employee" computerName="25KYJS1" duration="00:00:00.2020525" startTime="2013-01-30T16:33:18.5333763-08:00" endTime="2013-01-30T16:33:18.7373763-08:00" testType="13cdc9d9-ddb5-4fa4-a97d-d965ccfc6d4b" outcome="Passed" testListId="8c84fa94-04c1-424b-9868-57a2d4851a1d" relativeResultsDirectory="1a0a1b16-757c-4394-977b-55ccf7561d9b">
    </UnitTestResult>
    <UnitTestResult executionId="93c70a86-b0ee-4fa2-b5f9-ce4c5b624cc1" testId="64b1c73e-cbd6-9f2f-f8b0-fe4804f3ee4f" testName="pay_type_is_able_to_be_changed" computerName="25KYJS1" duration="00:00:00.2244937" startTime="2013-01-30T16:33:18.7383763-08:00" endTime="2013-01-30T16:33:18.9653763-08:00" testType="13cdc9d9-ddb5-4fa4-a97d-d965ccfc6d4b" outcome="Passed" testListId="8c84fa94-04c1-424b-9868-57a2d4851a1d" relativeResultsDirectory="93c70a86-b0ee-4fa2-b5f9-ce4c5b624cc1">
    </UnitTestResult>
    <UnitTestResult executionId="1095e3a5-c5bd-42dc-8205-582c69c3edb0" testId="7948a2ab-75da-b66f-01dc-cc0c50dd9b98" testName="linq_shorthand_is_equivalent_to_regular_syntax" computerName="25KYJS1" duration="00:00:00.2236101" startTime="2013-01-30T16:33:18.9663763-08:00" endTime="2013-01-30T16:33:19.1923763-08:00" testType="13cdc9d9-ddb5-4fa4-a97d-d965ccfc6d4b" outcome="Passed" testListId="8c84fa94-04c1-424b-9868-57a2d4851a1d" relativeResultsDirectory="1095e3a5-c5bd-42dc-8205-582c69c3edb0">
    </UnitTestResult>
    <UnitTestResult executionId="938c39eb-667e-482b-b848-98058dc13142" testId="7ba9dac2-7723-9839-8900-7d8d62e34f38" testName="default_value_for_start_date_is_null" computerName="25KYJS1" duration="00:00:00.2077899" startTime="2013-01-30T16:33:19.1933763-08:00" endTime="2013-01-30T16:33:19.4033763-08:00" testType="13cdc9d9-ddb5-4fa4-a97d-d965ccfc6d4b" outcome="Passed" testListId="8c84fa94-04c1-424b-9868-57a2d4851a1d" relativeResultsDirectory="938c39eb-667e-482b-b848-98058dc13142">
    </UnitTestResult>
    <UnitTestResult executionId="e7fd30c9-321e-43cf-a1a7-64ce63d074a8" testId="7e89b305-8675-3aed-4c84-f356b475469a" testName="can_edit_employee" computerName="25KYJS1" duration="00:00:00.2406094" startTime="2013-01-30T16:33:19.4043763-08:00" endTime="2013-01-30T16:33:19.6483763-08:00" testType="13cdc9d9-ddb5-4fa4-a97d-d965ccfc6d4b" outcome="Passed" testListId="8c84fa94-04c1-424b-9868-57a2d4851a1d" relativeResultsDirectory="e7fd30c9-321e-43cf-a1a7-64ce63d074a8">
    </UnitTestResult>
    <UnitTestResult executionId="1e8bb811-f3e1-4781-93bd-4f60ac96b269" testId="8edd6437-f89d-5258-0bc8-730c57fc8d24" testName="relationships_work_between_sales_and_employees" computerName="25KYJS1" duration="00:00:00.2494879" startTime="2013-01-30T16:33:19.6493763-08:00" endTime="2013-01-30T16:33:19.9003763-08:00" testType="13cdc9d9-ddb5-4fa4-a97d-d965ccfc6d4b" outcome="Passed" testListId="8c84fa94-04c1-424b-9868-57a2d4851a1d" relativeResultsDirectory="1e8bb811-f3e1-4781-93bd-4f60ac96b269">
    </UnitTestResult>
    <UnitTestResult executionId="2a53245d-019a-48d3-b89a-8d3dfafd8f85" testId="9010d12c-3f2d-3c6d-95a8-9b36449c2b43" testName="can_seed_database_with_employee" computerName="25KYJS1" duration="00:00:00.2141174" startTime="2013-01-30T16:33:19.9023763-08:00" endTime="2013-01-30T16:33:20.1183763-08:00" testType="13cdc9d9-ddb5-4fa4-a97d-d965ccfc6d4b" outcome="Passed" testListId="8c84fa94-04c1-424b-9868-57a2d4851a1d" relativeResultsDirectory="2a53245d-019a-48d3-b89a-8d3dfafd8f85">
    </UnitTestResult>
    <UnitTestResult executionId="825a52da-b7dd-43ba-aadb-f464abd7c4bd" testId="937886fc-50f1-96f2-137f-12f0beea6931" testName="can_add_new_employee" computerName="25KYJS1" duration="00:00:00.2103001" startTime="2013-01-30T16:33:20.1193763-08:00" endTime="2013-01-30T16:33:20.3313763-08:00" testType="13cdc9d9-ddb5-4fa4-a97d-d965ccfc6d4b" outcome="Passed" testListId="8c84fa94-04c1-424b-9868-57a2d4851a1d" relativeResultsDirectory="825a52da-b7dd-43ba-aadb-f464abd7c4bd">
    </UnitTestResult>
    <UnitTestResult executionId="1553e036-4c5f-4895-ba5b-3ad470dcc5ed" testId="c2e768e2-9389-62d7-8919-0d56c84b6986" testName="lazy_loading_works_between_sales_and_employee" computerName="25KYJS1" duration="00:00:00.2521074" startTime="2013-01-30T16:33:20.3323763-08:00" endTime="2013-01-30T16:33:20.5863763-08:00" testType="13cdc9d9-ddb5-4fa4-a97d-d965ccfc6d4b" outcome="Passed" testListId="8c84fa94-04c1-424b-9868-57a2d4851a1d" relativeResultsDirectory="1553e036-4c5f-4895-ba5b-3ad470dcc5ed">
    </UnitTestResult>
    <UnitTestResult executionId="d6c8beb1-3e54-44e8-84b6-7364a55dd2b0" testId="d7c04fbe-7743-bb05-94f9-69ebbf46de8f" testName="default_value_for_position_is_null" computerName="25KYJS1" duration="00:00:00.2034009" startTime="2013-01-30T16:33:20.5883763-08:00" endTime="2013-01-30T16:33:20.7933763-08:00" testType="13cdc9d9-ddb5-4fa4-a97d-d965ccfc6d4b" outcome="Passed" testListId="8c84fa94-04c1-424b-9868-57a2d4851a1d" relativeResultsDirectory="d6c8beb1-3e54-44e8-84b6-7364a55dd2b0">
    </UnitTestResult>
    <UnitTestResult executionId="12395d85-def9-428e-a1ea-a74b34878915" testId="e0371036-8b9a-f916-a7da-ca40b074839f" testName="can_check_for_validation_before_saving" computerName="25KYJS1" duration="00:00:00.1891391" startTime="2013-01-30T16:33:20.7943763-08:00" endTime="2013-01-30T16:33:20.9853763-08:00" testType="13cdc9d9-ddb5-4fa4-a97d-d965ccfc6d4b" outcome="Passed" testListId="8c84fa94-04c1-424b-9868-57a2d4851a1d" relativeResultsDirectory="12395d85-def9-428e-a1ea-a74b34878915">
    </UnitTestResult>
    <UnitTestResult executionId="77b8e43f-4555-4b26-acbf-302255d828a5" testId="ff8df26d-cfd2-ee2a-0027-fc09a963f201" testName="pay_rate_cant_be_more_than_5000000000" computerName="25KYJS1" duration="00:00:00.1878695" startTime="2013-01-30T16:33:20.9873763-08:00" endTime="2013-01-30T16:33:21.1763763-08:00" testType="13cdc9d9-ddb5-4fa4-a97d-d965ccfc6d4b" outcome="Passed" testListId="8c84fa94-04c1-424b-9868-57a2d4851a1d" relativeResultsDirectory="77b8e43f-4555-4b26-acbf-302255d828a5">
    </UnitTestResult>
  </Results>
</TestRun>