<?xml version="1.0" encoding="UTF-8"?>
<TestRun id="75d4869a-6174-4841-b27b-a5531ca95421" name="KERNER-M@25KYJS1 2013-01-31 11:37:50" runUser="SA\KERNER-M" xmlns="http://microsoft.com/schemas/VisualStudio/TeamTest/2010">
  <TestSettings name="Local" id="0dbed112-f3d2-45f0-833e-0741c6af46f4">
    <Description>These are default test settings for a local test run.</Description>
    <Deployment enabled="false" runDeploymentRoot="KERNER-M_25KYJS1 2013-01-31 11_37_50">
      <DeploymentItem filename="C:\Users\kerner-m\Documents\GitHub\AwesomeMart\AwesomeMart\AwesomeMart\packages\EntityFramework.5.0.0\lib\net40\EntityFramework.dll" />
      <DeploymentItem filename="C:\Users\kerner-m\Documents\GitHub\AwesomeMart\AwesomeMart\AwesomeMart.Enumerations\bin\Debug\AwesomeMart.Enumerations.dll" />
      <DeploymentItem filename="C:\Users\kerner-m\Documents\GitHub\AwesomeMart\AwesomeMart\AwesomeMart.Model\bin\Debug\AwesomeMart.Data.dll" />
    </Deployment>
    <Execution>
      <TestTypeSpecific />
      <AgentRule name="Execution Agents">
      </AgentRule>
    </Execution>
  </TestSettings>
  <Times creation="2013-01-31T11:37:50.0104973-08:00" queuing="2013-01-31T11:37:50.9309091-08:00" start="2013-01-31T11:37:51.0245103-08:00" finish="2013-01-31T11:38:09.4639467-08:00" />
  <ResultSummary outcome="Error">
    <Counters total="24" executed="2" passed="1" error="0" failed="0" timeout="0" aborted="1" inconclusive="0" passedButRunAborted="0" notRunnable="0" notExecuted="22" disconnected="0" warning="0" completed="0" inProgress="0" pending="0" />
    <RunInfos>
      <RunInfo computerName="25KYJS1" outcome="Error" timestamp="2013-01-31T11:38:09.4639467-08:00">
        <Text>Test host process exited unexpectedly.</Text>
      </RunInfo>
    </RunInfos>
  </ResultSummary>
  <TestDefinitions>
    <UnitTest name="can_get_validation_message_from_annotation" storage="c:\users\kerner-m\documents\github\awesomemart\awesomemart\awesomemart.test\bin\debug\awesomemart.test.dll" id="1de479d9-767f-0f2e-8696-ae1995c42fa6">
      <Execution id="771d770b-9103-4293-b6ef-95244a463cc7" />
      <TestMethod codeBase="C:/Users/kerner-m/Documents/GitHub/AwesomeMart/AwesomeMart/AwesomeMart.Test/bin/Debug/AwesomeMart.Test.DLL" adapterTypeName="Microsoft.VisualStudio.TestTools.TestTypes.Unit.UnitTestAdapter, Microsoft.VisualStudio.QualityTools.Tips.UnitTest.Adapter, Version=10.0.0.0, Culture=neutral, PublicKeyToken=b03f5f7f11d50a3a" className="AwesomeMart.Test.Model.Employee_Test, AwesomeMart.Test, Version=1.0.0.0, Culture=neutral, PublicKeyToken=null" name="can_get_validation_message_from_annotation" />
    </UnitTest>
    <UnitTest name="lazy_loading_works_between_sales_and_employee" storage="c:\users\kerner-m\documents\github\awesomemart\awesomemart\awesomemart.test\bin\debug\awesomemart.test.dll" id="c2e768e2-9389-62d7-8919-0d56c84b6986">
      <Execution id="c7b7b4d3-2c76-418a-9055-65a57e843cb6" />
      <TestMethod codeBase="C:/Users/kerner-m/Documents/GitHub/AwesomeMart/AwesomeMart/AwesomeMart.Test/bin/Debug/AwesomeMart.Test.DLL" adapterTypeName="Microsoft.VisualStudio.TestTools.TestTypes.Unit.UnitTestAdapter, Microsoft.VisualStudio.QualityTools.Tips.UnitTest.Adapter, Version=10.0.0.0, Culture=neutral, PublicKeyToken=b03f5f7f11d50a3a" className="AwesomeMart.Test.Model.Sale_Test, AwesomeMart.Test, Version=1.0.0.0, Culture=neutral, PublicKeyToken=null" name="lazy_loading_works_between_sales_and_employee" />
    </UnitTest>
    <UnitTest name="can_get_invalid_entity" storage="c:\users\kerner-m\documents\github\awesomemart\awesomemart\awesomemart.test\bin\debug\awesomemart.test.dll" id="31afd779-579d-d7cd-63bf-667b03aa9167">
      <Execution id="453c50dc-6564-4ae7-81be-0c9c7ae90b24" />
      <TestMethod codeBase="C:/Users/kerner-m/Documents/GitHub/AwesomeMart/AwesomeMart/AwesomeMart.Test/bin/Debug/AwesomeMart.Test.DLL" adapterTypeName="Microsoft.VisualStudio.TestTools.TestTypes.Unit.UnitTestAdapter, Microsoft.VisualStudio.QualityTools.Tips.UnitTest.Adapter, Version=10.0.0.0, Culture=neutral, PublicKeyToken=b03f5f7f11d50a3a" className="AwesomeMart.Test.Model.Employee_Test, AwesomeMart.Test, Version=1.0.0.0, Culture=neutral, PublicKeyToken=null" name="can_get_invalid_entity" />
    </UnitTest>
    <UnitTest name="non_icollection_Doesnt_lazy_load" storage="c:\users\kerner-m\documents\github\awesomemart\awesomemart\awesomemart.test\bin\debug\awesomemart.test.dll" id="706d5114-d1ad-f3cd-76cf-a54eaf6442da">
      <Execution id="4bca108f-a057-4888-ac9d-dc9bbeadab47" />
      <TestMethod codeBase="C:/Users/kerner-m/Documents/GitHub/AwesomeMart/AwesomeMart/AwesomeMart.Test/bin/Debug/AwesomeMart.Test.DLL" adapterTypeName="Microsoft.VisualStudio.TestTools.TestTypes.Unit.UnitTestAdapter, Microsoft.VisualStudio.QualityTools.Tips.UnitTest.Adapter, Version=10.0.0.0, Culture=neutral, PublicKeyToken=b03f5f7f11d50a3a" className="AwesomeMart.Test.Model.Department_Test, AwesomeMart.Test, Version=1.0.0.0, Culture=neutral, PublicKeyToken=null" name="non_icollection_Doesnt_lazy_load" />
    </UnitTest>
    <UnitTest name="default_value_for_pay_type_is_hourly" storage="c:\users\kerner-m\documents\github\awesomemart\awesomemart\awesomemart.test\bin\debug\awesomemart.test.dll" id="1faebceb-8451-a275-e86e-3b894760aa1e">
      <Execution id="33d18b5e-544d-46d4-aeb5-f2409ada3446" />
      <TestMethod codeBase="C:/Users/kerner-m/Documents/GitHub/AwesomeMart/AwesomeMart/AwesomeMart.Test/bin/Debug/AwesomeMart.Test.DLL" adapterTypeName="Microsoft.VisualStudio.TestTools.TestTypes.Unit.UnitTestAdapter, Microsoft.VisualStudio.QualityTools.Tips.UnitTest.Adapter, Version=10.0.0.0, Culture=neutral, PublicKeyToken=b03f5f7f11d50a3a" className="AwesomeMart.Test.Model.Employee_Test, AwesomeMart.Test, Version=1.0.0.0, Culture=neutral, PublicKeyToken=null" name="default_value_for_pay_type_is_hourly" />
    </UnitTest>
    <UnitTest name="linq_shorthand_is_equivalent_to_regular_syntax" storage="c:\users\kerner-m\documents\github\awesomemart\awesomemart\awesomemart.test\bin\debug\awesomemart.test.dll" id="7948a2ab-75da-b66f-01dc-cc0c50dd9b98">
      <Execution id="7733d46f-3e19-474a-bc3c-29ddaf40797b" />
      <TestMethod codeBase="C:/Users/kerner-m/Documents/GitHub/AwesomeMart/AwesomeMart/AwesomeMart.Test/bin/Debug/AwesomeMart.Test.DLL" adapterTypeName="Microsoft.VisualStudio.TestTools.TestTypes.Unit.UnitTestAdapter, Microsoft.VisualStudio.QualityTools.Tips.UnitTest.Adapter, Version=10.0.0.0, Culture=neutral, PublicKeyToken=b03f5f7f11d50a3a" className="AwesomeMart.Test.Model.Employee_Test, AwesomeMart.Test, Version=1.0.0.0, Culture=neutral, PublicKeyToken=null" name="linq_shorthand_is_equivalent_to_regular_syntax" />
    </UnitTest>
    <UnitTest name="pay_rate_cant_be_negative" storage="c:\users\kerner-m\documents\github\awesomemart\awesomemart\awesomemart.test\bin\debug\awesomemart.test.dll" id="492926e9-0840-f02c-f7b4-b90f733c4f50">
      <Execution id="54a9e5ab-9c49-4076-85c6-aa61c1ba443b" />
      <TestMethod codeBase="C:/Users/kerner-m/Documents/GitHub/AwesomeMart/AwesomeMart/AwesomeMart.Test/bin/Debug/AwesomeMart.Test.DLL" adapterTypeName="Microsoft.VisualStudio.TestTools.TestTypes.Unit.UnitTestAdapter, Microsoft.VisualStudio.QualityTools.Tips.UnitTest.Adapter, Version=10.0.0.0, Culture=neutral, PublicKeyToken=b03f5f7f11d50a3a" className="AwesomeMart.Test.Model.Employee_Test, AwesomeMart.Test, Version=1.0.0.0, Culture=neutral, PublicKeyToken=null" name="pay_rate_cant_be_negative" />
    </UnitTest>
    <UnitTest name="can_have_more_than_one_product_in_sale" storage="c:\users\kerner-m\documents\github\awesomemart\awesomemart\awesomemart.test\bin\debug\awesomemart.test.dll" id="25e07621-69c6-eba1-3e42-eb19005502df">
      <Execution id="67c51389-ea87-414e-b373-1ec014c6290e" />
      <TestMethod codeBase="C:/Users/kerner-m/Documents/GitHub/AwesomeMart/AwesomeMart/AwesomeMart.Test/bin/Debug/AwesomeMart.Test.DLL" adapterTypeName="Microsoft.VisualStudio.TestTools.TestTypes.Unit.UnitTestAdapter, Microsoft.VisualStudio.QualityTools.Tips.UnitTest.Adapter, Version=10.0.0.0, Culture=neutral, PublicKeyToken=b03f5f7f11d50a3a" className="AwesomeMart.Test.Model.Sale_Test, AwesomeMart.Test, Version=1.0.0.0, Culture=neutral, PublicKeyToken=null" name="can_have_more_than_one_product_in_sale" />
    </UnitTest>
    <UnitTest name="relationships_work_between_sales_and_employees" storage="c:\users\kerner-m\documents\github\awesomemart\awesomemart\awesomemart.test\bin\debug\awesomemart.test.dll" id="8edd6437-f89d-5258-0bc8-730c57fc8d24">
      <Execution id="59304220-9542-4889-bb5c-9a93b5d0c4d6" />
      <TestMethod codeBase="C:/Users/kerner-m/Documents/GitHub/AwesomeMart/AwesomeMart/AwesomeMart.Test/bin/Debug/AwesomeMart.Test.DLL" adapterTypeName="Microsoft.VisualStudio.TestTools.TestTypes.Unit.UnitTestAdapter, Microsoft.VisualStudio.QualityTools.Tips.UnitTest.Adapter, Version=10.0.0.0, Culture=neutral, PublicKeyToken=b03f5f7f11d50a3a" className="AwesomeMart.Test.Model.Sale_Test, AwesomeMart.Test, Version=1.0.0.0, Culture=neutral, PublicKeyToken=null" name="relationships_work_between_sales_and_employees" />
    </UnitTest>
    <UnitTest name="can_seed_database_with_employee" storage="c:\users\kerner-m\documents\github\awesomemart\awesomemart\awesomemart.test\bin\debug\awesomemart.test.dll" id="9010d12c-3f2d-3c6d-95a8-9b36449c2b43">
      <Execution id="e170adb4-7ad0-4a8e-a70d-8b6d02c9c438" />
      <TestMethod codeBase="C:/Users/kerner-m/Documents/GitHub/AwesomeMart/AwesomeMart/AwesomeMart.Test/bin/Debug/AwesomeMart.Test.DLL" adapterTypeName="Microsoft.VisualStudio.TestTools.TestTypes.Unit.UnitTestAdapter, Microsoft.VisualStudio.QualityTools.Tips.UnitTest.Adapter, Version=10.0.0.0, Culture=neutral, PublicKeyToken=b03f5f7f11d50a3a" className="AwesomeMart.Test.Model.Employee_Test, AwesomeMart.Test, Version=1.0.0.0, Culture=neutral, PublicKeyToken=null" name="can_seed_database_with_employee" />
    </UnitTest>
    <UnitTest name="default_value_for_position_is_null" storage="c:\users\kerner-m\documents\github\awesomemart\awesomemart\awesomemart.test\bin\debug\awesomemart.test.dll" id="d7c04fbe-7743-bb05-94f9-69ebbf46de8f">
      <Execution id="2baf536f-88a5-459e-860c-24e01c682261" />
      <TestMethod codeBase="C:/Users/kerner-m/Documents/GitHub/AwesomeMart/AwesomeMart/AwesomeMart.Test/bin/Debug/AwesomeMart.Test.DLL" adapterTypeName="Microsoft.VisualStudio.TestTools.TestTypes.Unit.UnitTestAdapter, Microsoft.VisualStudio.QualityTools.Tips.UnitTest.Adapter, Version=10.0.0.0, Culture=neutral, PublicKeyToken=b03f5f7f11d50a3a" className="AwesomeMart.Test.Model.Employee_Test, AwesomeMart.Test, Version=1.0.0.0, Culture=neutral, PublicKeyToken=null" name="default_value_for_position_is_null" />
    </UnitTest>
    <UnitTest name="can_add_new_employee" storage="c:\users\kerner-m\documents\github\awesomemart\awesomemart\awesomemart.test\bin\debug\awesomemart.test.dll" id="937886fc-50f1-96f2-137f-12f0beea6931">
      <Execution id="4ac2bfe5-5914-4c6a-9cb8-b4dd5b41e41d" />
      <TestMethod codeBase="C:/Users/kerner-m/Documents/GitHub/AwesomeMart/AwesomeMart/AwesomeMart.Test/bin/Debug/AwesomeMart.Test.DLL" adapterTypeName="Microsoft.VisualStudio.TestTools.TestTypes.Unit.UnitTestAdapter, Microsoft.VisualStudio.QualityTools.Tips.UnitTest.Adapter, Version=10.0.0.0, Culture=neutral, PublicKeyToken=b03f5f7f11d50a3a" className="AwesomeMart.Test.Model.Employee_Test, AwesomeMart.Test, Version=1.0.0.0, Culture=neutral, PublicKeyToken=null" name="can_add_new_employee" />
    </UnitTest>
    <UnitTest name="can_retrieve_employee" storage="c:\users\kerner-m\documents\github\awesomemart\awesomemart\awesomemart.test\bin\debug\awesomemart.test.dll" id="637ca211-9ce2-7473-7d49-6124301dbf38">
      <Execution id="a21075f1-a193-4319-a234-4ed361b18bba" />
      <TestMethod codeBase="C:/Users/kerner-m/Documents/GitHub/AwesomeMart/AwesomeMart/AwesomeMart.Test/bin/Debug/AwesomeMart.Test.DLL" adapterTypeName="Microsoft.VisualStudio.TestTools.TestTypes.Unit.UnitTestAdapter, Microsoft.VisualStudio.QualityTools.Tips.UnitTest.Adapter, Version=10.0.0.0, Culture=neutral, PublicKeyToken=b03f5f7f11d50a3a" className="AwesomeMart.Test.Model.Employee_Test, AwesomeMart.Test, Version=1.0.0.0, Culture=neutral, PublicKeyToken=null" name="can_retrieve_employee" />
    </UnitTest>
    <UnitTest name="pay_type_is_able_to_be_changed" storage="c:\users\kerner-m\documents\github\awesomemart\awesomemart\awesomemart.test\bin\debug\awesomemart.test.dll" id="64b1c73e-cbd6-9f2f-f8b0-fe4804f3ee4f">
      <Execution id="a4f87e02-d58c-4c10-9c9e-c3a6f0793e60" />
      <TestMethod codeBase="C:/Users/kerner-m/Documents/GitHub/AwesomeMart/AwesomeMart/AwesomeMart.Test/bin/Debug/AwesomeMart.Test.DLL" adapterTypeName="Microsoft.VisualStudio.TestTools.TestTypes.Unit.UnitTestAdapter, Microsoft.VisualStudio.QualityTools.Tips.UnitTest.Adapter, Version=10.0.0.0, Culture=neutral, PublicKeyToken=b03f5f7f11d50a3a" className="AwesomeMart.Test.Model.Employee_Test, AwesomeMart.Test, Version=1.0.0.0, Culture=neutral, PublicKeyToken=null" name="pay_type_is_able_to_be_changed" />
    </UnitTest>
    <UnitTest name="can_delete_employee" storage="c:\users\kerner-m\documents\github\awesomemart\awesomemart\awesomemart.test\bin\debug\awesomemart.test.dll" id="19d8dede-1a91-62cf-015c-c3c0f4e96b93">
      <Execution id="d487af97-ef0d-4b17-8ffc-f0cd1654fee1" />
      <TestMethod codeBase="C:/Users/kerner-m/Documents/GitHub/AwesomeMart/AwesomeMart/AwesomeMart.Test/bin/Debug/AwesomeMart.Test.DLL" adapterTypeName="Microsoft.VisualStudio.TestTools.TestTypes.Unit.UnitTestAdapter, Microsoft.VisualStudio.QualityTools.Tips.UnitTest.Adapter, Version=10.0.0.0, Culture=neutral, PublicKeyToken=b03f5f7f11d50a3a" className="AwesomeMart.Test.Model.Employee_Test, AwesomeMart.Test, Version=1.0.0.0, Culture=neutral, PublicKeyToken=null" name="can_delete_employee" />
    </UnitTest>
    <UnitTest name="can_set_default_values_in_object_constructor" storage="c:\users\kerner-m\documents\github\awesomemart\awesomemart\awesomemart.test\bin\debug\awesomemart.test.dll" id="4321ccae-be7c-ae73-6474-f61969b9055a">
      <Execution id="0f3d2eb5-25e8-4447-bc86-da8621a36806" />
      <TestMethod codeBase="C:/Users/kerner-m/Documents/GitHub/AwesomeMart/AwesomeMart/AwesomeMart.Test/bin/Debug/AwesomeMart.Test.DLL" adapterTypeName="Microsoft.VisualStudio.TestTools.TestTypes.Unit.UnitTestAdapter, Microsoft.VisualStudio.QualityTools.Tips.UnitTest.Adapter, Version=10.0.0.0, Culture=neutral, PublicKeyToken=b03f5f7f11d50a3a" className="AwesomeMart.Test.Model.Department_Test, AwesomeMart.Test, Version=1.0.0.0, Culture=neutral, PublicKeyToken=null" name="can_set_default_values_in_object_constructor" />
    </UnitTest>
    <UnitTest name="can_check_for_validation_before_saving" storage="c:\users\kerner-m\documents\github\awesomemart\awesomemart\awesomemart.test\bin\debug\awesomemart.test.dll" id="e0371036-8b9a-f916-a7da-ca40b074839f">
      <Execution id="274f2b73-cd64-4ec3-bc81-171d0c6c0411" />
      <TestMethod codeBase="C:/Users/kerner-m/Documents/GitHub/AwesomeMart/AwesomeMart/AwesomeMart.Test/bin/Debug/AwesomeMart.Test.DLL" adapterTypeName="Microsoft.VisualStudio.TestTools.TestTypes.Unit.UnitTestAdapter, Microsoft.VisualStudio.QualityTools.Tips.UnitTest.Adapter, Version=10.0.0.0, Culture=neutral, PublicKeyToken=b03f5f7f11d50a3a" className="AwesomeMart.Test.Model.Employee_Test, AwesomeMart.Test, Version=1.0.0.0, Culture=neutral, PublicKeyToken=null" name="can_check_for_validation_before_saving" />
    </UnitTest>
    <UnitTest name="can_edit_employee" storage="c:\users\kerner-m\documents\github\awesomemart\awesomemart\awesomemart.test\bin\debug\awesomemart.test.dll" id="7e89b305-8675-3aed-4c84-f356b475469a">
      <Execution id="141f1976-0dee-4da8-a7f8-e11c2301cf93" />
      <TestMethod codeBase="C:/Users/kerner-m/Documents/GitHub/AwesomeMart/AwesomeMart/AwesomeMart.Test/bin/Debug/AwesomeMart.Test.DLL" adapterTypeName="Microsoft.VisualStudio.TestTools.TestTypes.Unit.UnitTestAdapter, Microsoft.VisualStudio.QualityTools.Tips.UnitTest.Adapter, Version=10.0.0.0, Culture=neutral, PublicKeyToken=b03f5f7f11d50a3a" className="AwesomeMart.Test.Model.Employee_Test, AwesomeMart.Test, Version=1.0.0.0, Culture=neutral, PublicKeyToken=null" name="can_edit_employee" />
    </UnitTest>
    <UnitTest name="default_value_for_pay_rate_is_zero" storage="c:\users\kerner-m\documents\github\awesomemart\awesomemart\awesomemart.test\bin\debug\awesomemart.test.dll" id="190ade80-aa7a-0241-1baf-701b223668fe">
      <Execution id="c83675fe-f479-468f-a2b6-c191801063cc" />
      <TestMethod codeBase="C:/Users/kerner-m/Documents/GitHub/AwesomeMart/AwesomeMart/AwesomeMart.Test/bin/Debug/AwesomeMart.Test.DLL" adapterTypeName="Microsoft.VisualStudio.TestTools.TestTypes.Unit.UnitTestAdapter, Microsoft.VisualStudio.QualityTools.Tips.UnitTest.Adapter, Version=10.0.0.0, Culture=neutral, PublicKeyToken=b03f5f7f11d50a3a" className="AwesomeMart.Test.Model.Employee_Test, AwesomeMart.Test, Version=1.0.0.0, Culture=neutral, PublicKeyToken=null" name="default_value_for_pay_rate_is_zero" />
    </UnitTest>
    <UnitTest name="pay_rate_cant_be_more_than_5000000000" storage="c:\users\kerner-m\documents\github\awesomemart\awesomemart\awesomemart.test\bin\debug\awesomemart.test.dll" id="ff8df26d-cfd2-ee2a-0027-fc09a963f201">
      <Execution id="aca53a1a-dc0d-4077-b381-911207a51d78" />
      <TestMethod codeBase="C:/Users/kerner-m/Documents/GitHub/AwesomeMart/AwesomeMart/AwesomeMart.Test/bin/Debug/AwesomeMart.Test.DLL" adapterTypeName="Microsoft.VisualStudio.TestTools.TestTypes.Unit.UnitTestAdapter, Microsoft.VisualStudio.QualityTools.Tips.UnitTest.Adapter, Version=10.0.0.0, Culture=neutral, PublicKeyToken=b03f5f7f11d50a3a" className="AwesomeMart.Test.Model.Employee_Test, AwesomeMart.Test, Version=1.0.0.0, Culture=neutral, PublicKeyToken=null" name="pay_rate_cant_be_more_than_5000000000" />
    </UnitTest>
    <UnitTest name="id_field_is_updated_locally_when_the_context_is_saved" storage="c:\users\kerner-m\documents\github\awesomemart\awesomemart\awesomemart.test\bin\debug\awesomemart.test.dll" id="3c10e73d-4da6-0220-9d85-4f94384ad704">
      <Execution id="e5b86aeb-e279-4991-9a40-99dbd96c7cd7" />
      <TestMethod codeBase="C:/Users/kerner-m/Documents/GitHub/AwesomeMart/AwesomeMart/AwesomeMart.Test/bin/Debug/AwesomeMart.Test.DLL" adapterTypeName="Microsoft.VisualStudio.TestTools.TestTypes.Unit.UnitTestAdapter, Microsoft.VisualStudio.QualityTools.Tips.UnitTest.Adapter, Version=10.0.0.0, Culture=neutral, PublicKeyToken=b03f5f7f11d50a3a" className="AwesomeMart.Test.Model.Employee_Test, AwesomeMart.Test, Version=1.0.0.0, Culture=neutral, PublicKeyToken=null" name="id_field_is_updated_locally_when_the_context_is_saved" />
    </UnitTest>
    <UnitTest name="pay_rate_can_be_0" storage="c:\users\kerner-m\documents\github\awesomemart\awesomemart\awesomemart.test\bin\debug\awesomemart.test.dll" id="50016594-dfeb-0321-044f-2714ce910c7a">
      <Execution id="bfb14799-46cd-45bb-a440-56a2c93ed791" />
      <TestMethod codeBase="C:/Users/kerner-m/Documents/GitHub/AwesomeMart/AwesomeMart/AwesomeMart.Test/bin/Debug/AwesomeMart.Test.DLL" adapterTypeName="Microsoft.VisualStudio.TestTools.TestTypes.Unit.UnitTestAdapter, Microsoft.VisualStudio.QualityTools.Tips.UnitTest.Adapter, Version=10.0.0.0, Culture=neutral, PublicKeyToken=b03f5f7f11d50a3a" className="AwesomeMart.Test.Model.Employee_Test, AwesomeMart.Test, Version=1.0.0.0, Culture=neutral, PublicKeyToken=null" name="pay_rate_can_be_0" />
    </UnitTest>
    <UnitTest name="pay_rate_can_be_5000000000" storage="c:\users\kerner-m\documents\github\awesomemart\awesomemart\awesomemart.test\bin\debug\awesomemart.test.dll" id="493c682a-ac29-c76e-bbbb-178d91201411">
      <Execution id="6e11af4f-0221-44b5-a5b8-63e8ff8fc5c4" />
      <TestMethod codeBase="C:/Users/kerner-m/Documents/GitHub/AwesomeMart/AwesomeMart/AwesomeMart.Test/bin/Debug/AwesomeMart.Test.DLL" adapterTypeName="Microsoft.VisualStudio.TestTools.TestTypes.Unit.UnitTestAdapter, Microsoft.VisualStudio.QualityTools.Tips.UnitTest.Adapter, Version=10.0.0.0, Culture=neutral, PublicKeyToken=b03f5f7f11d50a3a" className="AwesomeMart.Test.Model.Employee_Test, AwesomeMart.Test, Version=1.0.0.0, Culture=neutral, PublicKeyToken=null" name="pay_rate_can_be_5000000000" />
    </UnitTest>
    <UnitTest name="default_value_for_start_date_is_null" storage="c:\users\kerner-m\documents\github\awesomemart\awesomemart\awesomemart.test\bin\debug\awesomemart.test.dll" id="7ba9dac2-7723-9839-8900-7d8d62e34f38">
      <Execution id="10f8bf8f-17d0-4581-8483-1583fd9c25d6" />
      <TestMethod codeBase="C:/Users/kerner-m/Documents/GitHub/AwesomeMart/AwesomeMart/AwesomeMart.Test/bin/Debug/AwesomeMart.Test.DLL" adapterTypeName="Microsoft.VisualStudio.TestTools.TestTypes.Unit.UnitTestAdapter, Microsoft.VisualStudio.QualityTools.Tips.UnitTest.Adapter, Version=10.0.0.0, Culture=neutral, PublicKeyToken=b03f5f7f11d50a3a" className="AwesomeMart.Test.Model.Employee_Test, AwesomeMart.Test, Version=1.0.0.0, Culture=neutral, PublicKeyToken=null" name="default_value_for_start_date_is_null" />
    </UnitTest>
  </TestDefinitions>
  <TestLists>
    <TestList name="Results Not in a List" id="8c84fa94-04c1-424b-9868-57a2d4851a1d" />
    <TestList name="All Loaded Results" id="19431567-8539-422a-85d7-44ee4e166bda" />
  </TestLists>
  <TestEntries>
    <TestEntry testId="190ade80-aa7a-0241-1baf-701b223668fe" executionId="c83675fe-f479-468f-a2b6-c191801063cc" testListId="8c84fa94-04c1-424b-9868-57a2d4851a1d" />
    <TestEntry testId="19d8dede-1a91-62cf-015c-c3c0f4e96b93" executionId="d487af97-ef0d-4b17-8ffc-f0cd1654fee1" testListId="8c84fa94-04c1-424b-9868-57a2d4851a1d" />
    <TestEntry testId="1de479d9-767f-0f2e-8696-ae1995c42fa6" executionId="771d770b-9103-4293-b6ef-95244a463cc7" testListId="8c84fa94-04c1-424b-9868-57a2d4851a1d" />
    <TestEntry testId="1faebceb-8451-a275-e86e-3b894760aa1e" executionId="33d18b5e-544d-46d4-aeb5-f2409ada3446" testListId="8c84fa94-04c1-424b-9868-57a2d4851a1d" />
    <TestEntry testId="25e07621-69c6-eba1-3e42-eb19005502df" executionId="67c51389-ea87-414e-b373-1ec014c6290e" testListId="8c84fa94-04c1-424b-9868-57a2d4851a1d" />
    <TestEntry testId="31afd779-579d-d7cd-63bf-667b03aa9167" executionId="453c50dc-6564-4ae7-81be-0c9c7ae90b24" testListId="8c84fa94-04c1-424b-9868-57a2d4851a1d" />
    <TestEntry testId="3c10e73d-4da6-0220-9d85-4f94384ad704" executionId="e5b86aeb-e279-4991-9a40-99dbd96c7cd7" testListId="8c84fa94-04c1-424b-9868-57a2d4851a1d" />
    <TestEntry testId="4321ccae-be7c-ae73-6474-f61969b9055a" executionId="0f3d2eb5-25e8-4447-bc86-da8621a36806" testListId="8c84fa94-04c1-424b-9868-57a2d4851a1d" />
    <TestEntry testId="492926e9-0840-f02c-f7b4-b90f733c4f50" executionId="54a9e5ab-9c49-4076-85c6-aa61c1ba443b" testListId="8c84fa94-04c1-424b-9868-57a2d4851a1d" />
    <TestEntry testId="493c682a-ac29-c76e-bbbb-178d91201411" executionId="6e11af4f-0221-44b5-a5b8-63e8ff8fc5c4" testListId="8c84fa94-04c1-424b-9868-57a2d4851a1d" />
    <TestEntry testId="50016594-dfeb-0321-044f-2714ce910c7a" executionId="bfb14799-46cd-45bb-a440-56a2c93ed791" testListId="8c84fa94-04c1-424b-9868-57a2d4851a1d" />
    <TestEntry testId="637ca211-9ce2-7473-7d49-6124301dbf38" executionId="a21075f1-a193-4319-a234-4ed361b18bba" testListId="8c84fa94-04c1-424b-9868-57a2d4851a1d" />
    <TestEntry testId="64b1c73e-cbd6-9f2f-f8b0-fe4804f3ee4f" executionId="a4f87e02-d58c-4c10-9c9e-c3a6f0793e60" testListId="8c84fa94-04c1-424b-9868-57a2d4851a1d" />
    <TestEntry testId="706d5114-d1ad-f3cd-76cf-a54eaf6442da" executionId="4bca108f-a057-4888-ac9d-dc9bbeadab47" testListId="8c84fa94-04c1-424b-9868-57a2d4851a1d" />
    <TestEntry testId="7948a2ab-75da-b66f-01dc-cc0c50dd9b98" executionId="7733d46f-3e19-474a-bc3c-29ddaf40797b" testListId="8c84fa94-04c1-424b-9868-57a2d4851a1d" />
    <TestEntry testId="7ba9dac2-7723-9839-8900-7d8d62e34f38" executionId="10f8bf8f-17d0-4581-8483-1583fd9c25d6" testListId="8c84fa94-04c1-424b-9868-57a2d4851a1d" />
    <TestEntry testId="7e89b305-8675-3aed-4c84-f356b475469a" executionId="141f1976-0dee-4da8-a7f8-e11c2301cf93" testListId="8c84fa94-04c1-424b-9868-57a2d4851a1d" />
    <TestEntry testId="8edd6437-f89d-5258-0bc8-730c57fc8d24" executionId="59304220-9542-4889-bb5c-9a93b5d0c4d6" testListId="8c84fa94-04c1-424b-9868-57a2d4851a1d" />
    <TestEntry testId="9010d12c-3f2d-3c6d-95a8-9b36449c2b43" executionId="e170adb4-7ad0-4a8e-a70d-8b6d02c9c438" testListId="8c84fa94-04c1-424b-9868-57a2d4851a1d" />
    <TestEntry testId="937886fc-50f1-96f2-137f-12f0beea6931" executionId="4ac2bfe5-5914-4c6a-9cb8-b4dd5b41e41d" testListId="8c84fa94-04c1-424b-9868-57a2d4851a1d" />
    <TestEntry testId="c2e768e2-9389-62d7-8919-0d56c84b6986" executionId="c7b7b4d3-2c76-418a-9055-65a57e843cb6" testListId="8c84fa94-04c1-424b-9868-57a2d4851a1d" />
    <TestEntry testId="d7c04fbe-7743-bb05-94f9-69ebbf46de8f" executionId="2baf536f-88a5-459e-860c-24e01c682261" testListId="8c84fa94-04c1-424b-9868-57a2d4851a1d" />
    <TestEntry testId="e0371036-8b9a-f916-a7da-ca40b074839f" executionId="274f2b73-cd64-4ec3-bc81-171d0c6c0411" testListId="8c84fa94-04c1-424b-9868-57a2d4851a1d" />
    <TestEntry testId="ff8df26d-cfd2-ee2a-0027-fc09a963f201" executionId="aca53a1a-dc0d-4077-b381-911207a51d78" testListId="8c84fa94-04c1-424b-9868-57a2d4851a1d" />
  </TestEntries>
  <Results>
    <UnitTestResult executionId="c83675fe-f479-468f-a2b6-c191801063cc" testId="190ade80-aa7a-0241-1baf-701b223668fe" testName="default_value_for_pay_rate_is_zero" computerName="25KYJS1" duration="00:00:01.7665598" startTime="2013-01-31T11:37:51.1337117-08:00" endTime="2013-01-31T11:37:53.7077447-08:00" testType="13cdc9d9-ddb5-4fa4-a97d-d965ccfc6d4b" outcome="Passed" testListId="8c84fa94-04c1-424b-9868-57a2d4851a1d" relativeResultsDirectory="c83675fe-f479-468f-a2b6-c191801063cc">
    </UnitTestResult>
    <UnitTestResult executionId="d487af97-ef0d-4b17-8ffc-f0cd1654fee1" testId="19d8dede-1a91-62cf-015c-c3c0f4e96b93" testName="can_delete_employee" computerName="25KYJS1" duration="00:00:15.7562020" startTime="2013-01-31T11:37:53.7077447-08:00" endTime="2013-01-31T11:38:09.4639467-08:00" testType="13cdc9d9-ddb5-4fa4-a97d-d965ccfc6d4b" outcome="Aborted" testListId="8c84fa94-04c1-424b-9868-57a2d4851a1d" relativeResultsDirectory="d487af97-ef0d-4b17-8ffc-f0cd1654fee1">
    </UnitTestResult>
    <UnitTestResult executionId="771d770b-9103-4293-b6ef-95244a463cc7" testId="1de479d9-767f-0f2e-8696-ae1995c42fa6" testName="can_get_validation_message_from_annotation" computerName="25KYJS1" testType="13cdc9d9-ddb5-4fa4-a97d-d965ccfc6d4b" outcome="NotExecuted" testListId="8c84fa94-04c1-424b-9868-57a2d4851a1d" relativeResultsDirectory="771d770b-9103-4293-b6ef-95244a463cc7">
    </UnitTestResult>
    <UnitTestResult executionId="33d18b5e-544d-46d4-aeb5-f2409ada3446" testId="1faebceb-8451-a275-e86e-3b894760aa1e" testName="default_value_for_pay_type_is_hourly" computerName="25KYJS1" testType="13cdc9d9-ddb5-4fa4-a97d-d965ccfc6d4b" outcome="NotExecuted" testListId="8c84fa94-04c1-424b-9868-57a2d4851a1d" relativeResultsDirectory="33d18b5e-544d-46d4-aeb5-f2409ada3446">
    </UnitTestResult>
    <UnitTestResult executionId="67c51389-ea87-414e-b373-1ec014c6290e" testId="25e07621-69c6-eba1-3e42-eb19005502df" testName="can_have_more_than_one_product_in_sale" computerName="25KYJS1" testType="13cdc9d9-ddb5-4fa4-a97d-d965ccfc6d4b" outcome="NotExecuted" testListId="8c84fa94-04c1-424b-9868-57a2d4851a1d" relativeResultsDirectory="67c51389-ea87-414e-b373-1ec014c6290e">
    </UnitTestResult>
    <UnitTestResult executionId="453c50dc-6564-4ae7-81be-0c9c7ae90b24" testId="31afd779-579d-d7cd-63bf-667b03aa9167" testName="can_get_invalid_entity" computerName="25KYJS1" testType="13cdc9d9-ddb5-4fa4-a97d-d965ccfc6d4b" outcome="NotExecuted" testListId="8c84fa94-04c1-424b-9868-57a2d4851a1d" relativeResultsDirectory="453c50dc-6564-4ae7-81be-0c9c7ae90b24">
    </UnitTestResult>
    <UnitTestResult executionId="e5b86aeb-e279-4991-9a40-99dbd96c7cd7" testId="3c10e73d-4da6-0220-9d85-4f94384ad704" testName="id_field_is_updated_locally_when_the_context_is_saved" computerName="25KYJS1" testType="13cdc9d9-ddb5-4fa4-a97d-d965ccfc6d4b" outcome="NotExecuted" testListId="8c84fa94-04c1-424b-9868-57a2d4851a1d" relativeResultsDirectory="e5b86aeb-e279-4991-9a40-99dbd96c7cd7">
    </UnitTestResult>
    <UnitTestResult executionId="0f3d2eb5-25e8-4447-bc86-da8621a36806" testId="4321ccae-be7c-ae73-6474-f61969b9055a" testName="can_set_default_values_in_object_constructor" computerName="25KYJS1" testType="13cdc9d9-ddb5-4fa4-a97d-d965ccfc6d4b" outcome="NotExecuted" testListId="8c84fa94-04c1-424b-9868-57a2d4851a1d" relativeResultsDirectory="0f3d2eb5-25e8-4447-bc86-da8621a36806">
    </UnitTestResult>
    <UnitTestResult executionId="54a9e5ab-9c49-4076-85c6-aa61c1ba443b" testId="492926e9-0840-f02c-f7b4-b90f733c4f50" testName="pay_rate_cant_be_negative" computerName="25KYJS1" testType="13cdc9d9-ddb5-4fa4-a97d-d965ccfc6d4b" outcome="NotExecuted" testListId="8c84fa94-04c1-424b-9868-57a2d4851a1d" relativeResultsDirectory="54a9e5ab-9c49-4076-85c6-aa61c1ba443b">
    </UnitTestResult>
    <UnitTestResult executionId="6e11af4f-0221-44b5-a5b8-63e8ff8fc5c4" testId="493c682a-ac29-c76e-bbbb-178d91201411" testName="pay_rate_can_be_5000000000" computerName="25KYJS1" testType="13cdc9d9-ddb5-4fa4-a97d-d965ccfc6d4b" outcome="NotExecuted" testListId="8c84fa94-04c1-424b-9868-57a2d4851a1d" relativeResultsDirectory="6e11af4f-0221-44b5-a5b8-63e8ff8fc5c4">
    </UnitTestResult>
    <UnitTestResult executionId="bfb14799-46cd-45bb-a440-56a2c93ed791" testId="50016594-dfeb-0321-044f-2714ce910c7a" testName="pay_rate_can_be_0" computerName="25KYJS1" testType="13cdc9d9-ddb5-4fa4-a97d-d965ccfc6d4b" outcome="NotExecuted" testListId="8c84fa94-04c1-424b-9868-57a2d4851a1d" relativeResultsDirectory="bfb14799-46cd-45bb-a440-56a2c93ed791">
    </UnitTestResult>
    <UnitTestResult executionId="a21075f1-a193-4319-a234-4ed361b18bba" testId="637ca211-9ce2-7473-7d49-6124301dbf38" testName="can_retrieve_employee" computerName="25KYJS1" testType="13cdc9d9-ddb5-4fa4-a97d-d965ccfc6d4b" outcome="NotExecuted" testListId="8c84fa94-04c1-424b-9868-57a2d4851a1d" relativeResultsDirectory="a21075f1-a193-4319-a234-4ed361b18bba">
    </UnitTestResult>
    <UnitTestResult executionId="a4f87e02-d58c-4c10-9c9e-c3a6f0793e60" testId="64b1c73e-cbd6-9f2f-f8b0-fe4804f3ee4f" testName="pay_type_is_able_to_be_changed" computerName="25KYJS1" testType="13cdc9d9-ddb5-4fa4-a97d-d965ccfc6d4b" outcome="NotExecuted" testListId="8c84fa94-04c1-424b-9868-57a2d4851a1d" relativeResultsDirectory="a4f87e02-d58c-4c10-9c9e-c3a6f0793e60">
    </UnitTestResult>
    <UnitTestResult executionId="4bca108f-a057-4888-ac9d-dc9bbeadab47" testId="706d5114-d1ad-f3cd-76cf-a54eaf6442da" testName="non_icollection_Doesnt_lazy_load" computerName="25KYJS1" testType="13cdc9d9-ddb5-4fa4-a97d-d965ccfc6d4b" outcome="NotExecuted" testListId="8c84fa94-04c1-424b-9868-57a2d4851a1d" relativeResultsDirectory="4bca108f-a057-4888-ac9d-dc9bbeadab47">
    </UnitTestResult>
    <UnitTestResult executionId="7733d46f-3e19-474a-bc3c-29ddaf40797b" testId="7948a2ab-75da-b66f-01dc-cc0c50dd9b98" testName="linq_shorthand_is_equivalent_to_regular_syntax" computerName="25KYJS1" testType="13cdc9d9-ddb5-4fa4-a97d-d965ccfc6d4b" outcome="NotExecuted" testListId="8c84fa94-04c1-424b-9868-57a2d4851a1d" relativeResultsDirectory="7733d46f-3e19-474a-bc3c-29ddaf40797b">
    </UnitTestResult>
    <UnitTestResult executionId="10f8bf8f-17d0-4581-8483-1583fd9c25d6" testId="7ba9dac2-7723-9839-8900-7d8d62e34f38" testName="default_value_for_start_date_is_null" computerName="25KYJS1" testType="13cdc9d9-ddb5-4fa4-a97d-d965ccfc6d4b" outcome="NotExecuted" testListId="8c84fa94-04c1-424b-9868-57a2d4851a1d" relativeResultsDirectory="10f8bf8f-17d0-4581-8483-1583fd9c25d6">
    </UnitTestResult>
    <UnitTestResult executionId="141f1976-0dee-4da8-a7f8-e11c2301cf93" testId="7e89b305-8675-3aed-4c84-f356b475469a" testName="can_edit_employee" computerName="25KYJS1" testType="13cdc9d9-ddb5-4fa4-a97d-d965ccfc6d4b" outcome="NotExecuted" testListId="8c84fa94-04c1-424b-9868-57a2d4851a1d" relativeResultsDirectory="141f1976-0dee-4da8-a7f8-e11c2301cf93">
    </UnitTestResult>
    <UnitTestResult executionId="59304220-9542-4889-bb5c-9a93b5d0c4d6" testId="8edd6437-f89d-5258-0bc8-730c57fc8d24" testName="relationships_work_between_sales_and_employees" computerName="25KYJS1" testType="13cdc9d9-ddb5-4fa4-a97d-d965ccfc6d4b" outcome="NotExecuted" testListId="8c84fa94-04c1-424b-9868-57a2d4851a1d" relativeResultsDirectory="59304220-9542-4889-bb5c-9a93b5d0c4d6">
    </UnitTestResult>
    <UnitTestResult executionId="e170adb4-7ad0-4a8e-a70d-8b6d02c9c438" testId="9010d12c-3f2d-3c6d-95a8-9b36449c2b43" testName="can_seed_database_with_employee" computerName="25KYJS1" testType="13cdc9d9-ddb5-4fa4-a97d-d965ccfc6d4b" outcome="NotExecuted" testListId="8c84fa94-04c1-424b-9868-57a2d4851a1d" relativeResultsDirectory="e170adb4-7ad0-4a8e-a70d-8b6d02c9c438">
    </UnitTestResult>
    <UnitTestResult executionId="4ac2bfe5-5914-4c6a-9cb8-b4dd5b41e41d" testId="937886fc-50f1-96f2-137f-12f0beea6931" testName="can_add_new_employee" computerName="25KYJS1" testType="13cdc9d9-ddb5-4fa4-a97d-d965ccfc6d4b" outcome="NotExecuted" testListId="8c84fa94-04c1-424b-9868-57a2d4851a1d" relativeResultsDirectory="4ac2bfe5-5914-4c6a-9cb8-b4dd5b41e41d">
    </UnitTestResult>
    <UnitTestResult executionId="c7b7b4d3-2c76-418a-9055-65a57e843cb6" testId="c2e768e2-9389-62d7-8919-0d56c84b6986" testName="lazy_loading_works_between_sales_and_employee" computerName="25KYJS1" testType="13cdc9d9-ddb5-4fa4-a97d-d965ccfc6d4b" outcome="NotExecuted" testListId="8c84fa94-04c1-424b-9868-57a2d4851a1d" relativeResultsDirectory="c7b7b4d3-2c76-418a-9055-65a57e843cb6">
    </UnitTestResult>
    <UnitTestResult executionId="2baf536f-88a5-459e-860c-24e01c682261" testId="d7c04fbe-7743-bb05-94f9-69ebbf46de8f" testName="default_value_for_position_is_null" computerName="25KYJS1" testType="13cdc9d9-ddb5-4fa4-a97d-d965ccfc6d4b" outcome="NotExecuted" testListId="8c84fa94-04c1-424b-9868-57a2d4851a1d" relativeResultsDirectory="2baf536f-88a5-459e-860c-24e01c682261">
    </UnitTestResult>
    <UnitTestResult executionId="274f2b73-cd64-4ec3-bc81-171d0c6c0411" testId="e0371036-8b9a-f916-a7da-ca40b074839f" testName="can_check_for_validation_before_saving" computerName="25KYJS1" testType="13cdc9d9-ddb5-4fa4-a97d-d965ccfc6d4b" outcome="NotExecuted" testListId="8c84fa94-04c1-424b-9868-57a2d4851a1d" relativeResultsDirectory="274f2b73-cd64-4ec3-bc81-171d0c6c0411">
    </UnitTestResult>
    <UnitTestResult executionId="aca53a1a-dc0d-4077-b381-911207a51d78" testId="ff8df26d-cfd2-ee2a-0027-fc09a963f201" testName="pay_rate_cant_be_more_than_5000000000" computerName="25KYJS1" testType="13cdc9d9-ddb5-4fa4-a97d-d965ccfc6d4b" outcome="NotExecuted" testListId="8c84fa94-04c1-424b-9868-57a2d4851a1d" relativeResultsDirectory="aca53a1a-dc0d-4077-b381-911207a51d78">
    </UnitTestResult>
  </Results>
</TestRun>