<?xml version="1.0" encoding="UTF-8"?>
<TestRun id="a3f82068-b891-4e08-82c2-d91803c21f71" name="KERNER-M@25KYJS1 2013-01-30 16:33:52" runUser="SA\KERNER-M" xmlns="http://microsoft.com/schemas/VisualStudio/TeamTest/2010">
  <TestSettings name="Local" id="0dbed112-f3d2-45f0-833e-0741c6af46f4">
    <Description>These are default test settings for a local test run.</Description>
    <Deployment enabled="false" runDeploymentRoot="KERNER-M_25KYJS1 2013-01-30 16_33_52">
      <DeploymentItem filename="C:\Users\kerner-m\Documents\GitHub\AwesomeMart\AwesomeMart\AwesomeMart\packages\EntityFramework.5.0.0\lib\net40\EntityFramework.dll" />
      <DeploymentItem filename="C:\Users\kerner-m\Documents\GitHub\AwesomeMart\AwesomeMart\AwesomeMart.Enumerations\bin\Debug\AwesomeMart.Enumerations.dll" />
      <DeploymentItem filename="C:\Users\kerner-m\Documents\GitHub\AwesomeMart\AwesomeMart\AwesomeMart.Model\bin\Debug\AwesomeMart.Data.dll" />
    </Deployment>
    <Execution>
      <TestTypeSpecific />
      <AgentRule name="Execution Agents">
      </AgentRule>
    </Execution>
  </TestSettings>
  <Times creation="2013-01-30T16:33:52.5053763-08:00" queuing="2013-01-30T16:33:52.5393763-08:00" start="2013-01-30T16:33:52.5533763-08:00" finish="2013-01-30T16:33:58.6893763-08:00" />
  <ResultSummary outcome="Completed">
    <Counters total="23" executed="23" passed="23" error="0" failed="0" timeout="0" aborted="0" inconclusive="0" passedButRunAborted="0" notRunnable="0" notExecuted="0" disconnected="0" warning="0" completed="0" inProgress="0" pending="0" />
  </ResultSummary>
  <TestDefinitions>
    <UnitTest name="can_get_validation_message_from_annotation" storage="c:\users\kerner-m\documents\github\awesomemart\awesomemart\awesomemart.test\bin\debug\awesomemart.test.dll" id="1de479d9-767f-0f2e-8696-ae1995c42fa6">
      <Execution id="d80651e7-91a4-4b64-b596-06f910fb3633" />
      <TestMethod codeBase="C:/Users/kerner-m/Documents/GitHub/AwesomeMart/AwesomeMart/AwesomeMart.Test/bin/Debug/AwesomeMart.Test.DLL" adapterTypeName="Microsoft.VisualStudio.TestTools.TestTypes.Unit.UnitTestAdapter, Microsoft.VisualStudio.QualityTools.Tips.UnitTest.Adapter, Version=10.0.0.0, Culture=neutral, PublicKeyToken=b03f5f7f11d50a3a" className="AwesomeMart.Test.Model.Employee_Test, AwesomeMart.Test, Version=1.0.0.0, Culture=neutral, PublicKeyToken=null" name="can_get_validation_message_from_annotation" />
    </UnitTest>
    <UnitTest name="lazy_loading_works_between_sales_and_employee" storage="c:\users\kerner-m\documents\github\awesomemart\awesomemart\awesomemart.test\bin\debug\awesomemart.test.dll" id="c2e768e2-9389-62d7-8919-0d56c84b6986">
      <Execution id="c7d0558f-07c1-4ecf-b062-4cf2a1f996c3" />
      <TestMethod codeBase="C:/Users/kerner-m/Documents/GitHub/AwesomeMart/AwesomeMart/AwesomeMart.Test/bin/Debug/AwesomeMart.Test.DLL" adapterTypeName="Microsoft.VisualStudio.TestTools.TestTypes.Unit.UnitTestAdapter, Microsoft.VisualStudio.QualityTools.Tips.UnitTest.Adapter, Version=10.0.0.0, Culture=neutral, PublicKeyToken=b03f5f7f11d50a3a" className="AwesomeMart.Test.Model.Sale_Test, AwesomeMart.Test, Version=1.0.0.0, Culture=neutral, PublicKeyToken=null" name="lazy_loading_works_between_sales_and_employee" />
    </UnitTest>
    <UnitTest name="can_get_invalid_entity" storage="c:\users\kerner-m\documents\github\awesomemart\awesomemart\awesomemart.test\bin\debug\awesomemart.test.dll" id="31afd779-579d-d7cd-63bf-667b03aa9167">
      <Execution id="8e1f914c-dd67-4f6f-b905-8015d734d4d3" />
      <TestMethod codeBase="C:/Users/kerner-m/Documents/GitHub/AwesomeMart/AwesomeMart/AwesomeMart.Test/bin/Debug/AwesomeMart.Test.DLL" adapterTypeName="Microsoft.VisualStudio.TestTools.TestTypes.Unit.UnitTestAdapter, Microsoft.VisualStudio.QualityTools.Tips.UnitTest.Adapter, Version=10.0.0.0, Culture=neutral, PublicKeyToken=b03f5f7f11d50a3a" className="AwesomeMart.Test.Model.Employee_Test, AwesomeMart.Test, Version=1.0.0.0, Culture=neutral, PublicKeyToken=null" name="can_get_invalid_entity" />
    </UnitTest>
    <UnitTest name="can_seed_database_with_employee" storage="c:\users\kerner-m\documents\github\awesomemart\awesomemart\awesomemart.test\bin\debug\awesomemart.test.dll" id="9010d12c-3f2d-3c6d-95a8-9b36449c2b43">
      <Execution id="1fd715b3-7849-4930-b46d-27e338165aa1" />
      <TestMethod codeBase="C:/Users/kerner-m/Documents/GitHub/AwesomeMart/AwesomeMart/AwesomeMart.Test/bin/Debug/AwesomeMart.Test.DLL" adapterTypeName="Microsoft.VisualStudio.TestTools.TestTypes.Unit.UnitTestAdapter, Microsoft.VisualStudio.QualityTools.Tips.UnitTest.Adapter, Version=10.0.0.0, Culture=neutral, PublicKeyToken=b03f5f7f11d50a3a" className="AwesomeMart.Test.Model.Employee_Test, AwesomeMart.Test, Version=1.0.0.0, Culture=neutral, PublicKeyToken=null" name="can_seed_database_with_employee" />
    </UnitTest>
    <UnitTest name="default_value_for_pay_type_is_hourly" storage="c:\users\kerner-m\documents\github\awesomemart\awesomemart\awesomemart.test\bin\debug\awesomemart.test.dll" id="1faebceb-8451-a275-e86e-3b894760aa1e">
      <Execution id="96a4ab1b-258e-430a-b335-dc4cb76b84fe" />
      <TestMethod codeBase="C:/Users/kerner-m/Documents/GitHub/AwesomeMart/AwesomeMart/AwesomeMart.Test/bin/Debug/AwesomeMart.Test.DLL" adapterTypeName="Microsoft.VisualStudio.TestTools.TestTypes.Unit.UnitTestAdapter, Microsoft.VisualStudio.QualityTools.Tips.UnitTest.Adapter, Version=10.0.0.0, Culture=neutral, PublicKeyToken=b03f5f7f11d50a3a" className="AwesomeMart.Test.Model.Employee_Test, AwesomeMart.Test, Version=1.0.0.0, Culture=neutral, PublicKeyToken=null" name="default_value_for_pay_type_is_hourly" />
    </UnitTest>
    <UnitTest name="linq_shorthand_is_equivalent_to_regular_syntax" storage="c:\users\kerner-m\documents\github\awesomemart\awesomemart\awesomemart.test\bin\debug\awesomemart.test.dll" id="7948a2ab-75da-b66f-01dc-cc0c50dd9b98">
      <Execution id="0b26a99a-5df2-4210-b155-2c98202b6f24" />
      <TestMethod codeBase="C:/Users/kerner-m/Documents/GitHub/AwesomeMart/AwesomeMart/AwesomeMart.Test/bin/Debug/AwesomeMart.Test.DLL" adapterTypeName="Microsoft.VisualStudio.TestTools.TestTypes.Unit.UnitTestAdapter, Microsoft.VisualStudio.QualityTools.Tips.UnitTest.Adapter, Version=10.0.0.0, Culture=neutral, PublicKeyToken=b03f5f7f11d50a3a" className="AwesomeMart.Test.Model.Employee_Test, AwesomeMart.Test, Version=1.0.0.0, Culture=neutral, PublicKeyToken=null" name="linq_shorthand_is_equivalent_to_regular_syntax" />
    </UnitTest>
    <UnitTest name="pay_rate_cant_be_negative" storage="c:\users\kerner-m\documents\github\awesomemart\awesomemart\awesomemart.test\bin\debug\awesomemart.test.dll" id="492926e9-0840-f02c-f7b4-b90f733c4f50">
      <Execution id="c2ea2ea9-2672-451c-b20c-fd3aadf2999d" />
      <TestMethod codeBase="C:/Users/kerner-m/Documents/GitHub/AwesomeMart/AwesomeMart/AwesomeMart.Test/bin/Debug/AwesomeMart.Test.DLL" adapterTypeName="Microsoft.VisualStudio.TestTools.TestTypes.Unit.UnitTestAdapter, Microsoft.VisualStudio.QualityTools.Tips.UnitTest.Adapter, Version=10.0.0.0, Culture=neutral, PublicKeyToken=b03f5f7f11d50a3a" className="AwesomeMart.Test.Model.Employee_Test, AwesomeMart.Test, Version=1.0.0.0, Culture=neutral, PublicKeyToken=null" name="pay_rate_cant_be_negative" />
    </UnitTest>
    <UnitTest name="can_have_more_than_one_product_in_sale" storage="c:\users\kerner-m\documents\github\awesomemart\awesomemart\awesomemart.test\bin\debug\awesomemart.test.dll" id="25e07621-69c6-eba1-3e42-eb19005502df">
      <Execution id="43d6ddf2-6c18-4f96-b0a1-1672d95adfbf" />
      <TestMethod codeBase="C:/Users/kerner-m/Documents/GitHub/AwesomeMart/AwesomeMart/AwesomeMart.Test/bin/Debug/AwesomeMart.Test.DLL" adapterTypeName="Microsoft.VisualStudio.TestTools.TestTypes.Unit.UnitTestAdapter, Microsoft.VisualStudio.QualityTools.Tips.UnitTest.Adapter, Version=10.0.0.0, Culture=neutral, PublicKeyToken=b03f5f7f11d50a3a" className="AwesomeMart.Test.Model.Sale_Test, AwesomeMart.Test, Version=1.0.0.0, Culture=neutral, PublicKeyToken=null" name="can_have_more_than_one_product_in_sale" />
    </UnitTest>
    <UnitTest name="relationships_work_between_sales_and_employees" storage="c:\users\kerner-m\documents\github\awesomemart\awesomemart\awesomemart.test\bin\debug\awesomemart.test.dll" id="8edd6437-f89d-5258-0bc8-730c57fc8d24">
      <Execution id="447f8341-0485-49fb-bd18-9623e648c28a" />
      <TestMethod codeBase="C:/Users/kerner-m/Documents/GitHub/AwesomeMart/AwesomeMart/AwesomeMart.Test/bin/Debug/AwesomeMart.Test.DLL" adapterTypeName="Microsoft.VisualStudio.TestTools.TestTypes.Unit.UnitTestAdapter, Microsoft.VisualStudio.QualityTools.Tips.UnitTest.Adapter, Version=10.0.0.0, Culture=neutral, PublicKeyToken=b03f5f7f11d50a3a" className="AwesomeMart.Test.Model.Sale_Test, AwesomeMart.Test, Version=1.0.0.0, Culture=neutral, PublicKeyToken=null" name="relationships_work_between_sales_and_employees" />
    </UnitTest>
    <UnitTest name="can_enter_sale" storage="c:\users\kerner-m\documents\github\awesomemart\awesomemart\awesomemart.test\bin\debug\awesomemart.test.dll" id="23156d09-9880-eee1-5655-94cfcbb1914a">
      <Execution id="e21688a8-76f8-40ba-8694-f554b23edaae" />
      <TestMethod codeBase="C:/Users/kerner-m/Documents/GitHub/AwesomeMart/AwesomeMart/AwesomeMart.Test/bin/Debug/AwesomeMart.Test.DLL" adapterTypeName="Microsoft.VisualStudio.TestTools.TestTypes.Unit.UnitTestAdapter, Microsoft.VisualStudio.QualityTools.Tips.UnitTest.Adapter, Version=10.0.0.0, Culture=neutral, PublicKeyToken=b03f5f7f11d50a3a" className="AwesomeMart.Test.Model.Sale_Test, AwesomeMart.Test, Version=1.0.0.0, Culture=neutral, PublicKeyToken=null" name="can_enter_sale" />
    </UnitTest>
    <UnitTest name="default_value_for_position_is_null" storage="c:\users\kerner-m\documents\github\awesomemart\awesomemart\awesomemart.test\bin\debug\awesomemart.test.dll" id="d7c04fbe-7743-bb05-94f9-69ebbf46de8f">
      <Execution id="ff33808f-5797-4ded-9aa1-be7c4940bafe" />
      <TestMethod codeBase="C:/Users/kerner-m/Documents/GitHub/AwesomeMart/AwesomeMart/AwesomeMart.Test/bin/Debug/AwesomeMart.Test.DLL" adapterTypeName="Microsoft.VisualStudio.TestTools.TestTypes.Unit.UnitTestAdapter, Microsoft.VisualStudio.QualityTools.Tips.UnitTest.Adapter, Version=10.0.0.0, Culture=neutral, PublicKeyToken=b03f5f7f11d50a3a" className="AwesomeMart.Test.Model.Employee_Test, AwesomeMart.Test, Version=1.0.0.0, Culture=neutral, PublicKeyToken=null" name="default_value_for_position_is_null" />
    </UnitTest>
    <UnitTest name="can_add_new_employee" storage="c:\users\kerner-m\documents\github\awesomemart\awesomemart\awesomemart.test\bin\debug\awesomemart.test.dll" id="937886fc-50f1-96f2-137f-12f0beea6931">
      <Execution id="e0f9c30b-7464-4f94-8882-de6f8989bde5" />
      <TestMethod codeBase="C:/Users/kerner-m/Documents/GitHub/AwesomeMart/AwesomeMart/AwesomeMart.Test/bin/Debug/AwesomeMart.Test.DLL" adapterTypeName="Microsoft.VisualStudio.TestTools.TestTypes.Unit.UnitTestAdapter, Microsoft.VisualStudio.QualityTools.Tips.UnitTest.Adapter, Version=10.0.0.0, Culture=neutral, PublicKeyToken=b03f5f7f11d50a3a" className="AwesomeMart.Test.Model.Employee_Test, AwesomeMart.Test, Version=1.0.0.0, Culture=neutral, PublicKeyToken=null" name="can_add_new_employee" />
    </UnitTest>
    <UnitTest name="can_retrieve_employee" storage="c:\users\kerner-m\documents\github\awesomemart\awesomemart\awesomemart.test\bin\debug\awesomemart.test.dll" id="637ca211-9ce2-7473-7d49-6124301dbf38">
      <Execution id="fbe808d7-f90e-4585-9c50-05ad71021bf9" />
      <TestMethod codeBase="C:/Users/kerner-m/Documents/GitHub/AwesomeMart/AwesomeMart/AwesomeMart.Test/bin/Debug/AwesomeMart.Test.DLL" adapterTypeName="Microsoft.VisualStudio.TestTools.TestTypes.Unit.UnitTestAdapter, Microsoft.VisualStudio.QualityTools.Tips.UnitTest.Adapter, Version=10.0.0.0, Culture=neutral, PublicKeyToken=b03f5f7f11d50a3a" className="AwesomeMart.Test.Model.Employee_Test, AwesomeMart.Test, Version=1.0.0.0, Culture=neutral, PublicKeyToken=null" name="can_retrieve_employee" />
    </UnitTest>
    <UnitTest name="pay_type_is_able_to_be_changed" storage="c:\users\kerner-m\documents\github\awesomemart\awesomemart\awesomemart.test\bin\debug\awesomemart.test.dll" id="64b1c73e-cbd6-9f2f-f8b0-fe4804f3ee4f">
      <Execution id="e6a544c1-e64c-4139-8a1c-db065b9ce627" />
      <TestMethod codeBase="C:/Users/kerner-m/Documents/GitHub/AwesomeMart/AwesomeMart/AwesomeMart.Test/bin/Debug/AwesomeMart.Test.DLL" adapterTypeName="Microsoft.VisualStudio.TestTools.TestTypes.Unit.UnitTestAdapter, Microsoft.VisualStudio.QualityTools.Tips.UnitTest.Adapter, Version=10.0.0.0, Culture=neutral, PublicKeyToken=b03f5f7f11d50a3a" className="AwesomeMart.Test.Model.Employee_Test, AwesomeMart.Test, Version=1.0.0.0, Culture=neutral, PublicKeyToken=null" name="pay_type_is_able_to_be_changed" />
    </UnitTest>
    <UnitTest name="can_delete_employee" storage="c:\users\kerner-m\documents\github\awesomemart\awesomemart\awesomemart.test\bin\debug\awesomemart.test.dll" id="19d8dede-1a91-62cf-015c-c3c0f4e96b93">
      <Execution id="94cb3a07-adba-4fcf-9ae0-e0df3aba7e8f" />
      <TestMethod codeBase="C:/Users/kerner-m/Documents/GitHub/AwesomeMart/AwesomeMart/AwesomeMart.Test/bin/Debug/AwesomeMart.Test.DLL" adapterTypeName="Microsoft.VisualStudio.TestTools.TestTypes.Unit.UnitTestAdapter, Microsoft.VisualStudio.QualityTools.Tips.UnitTest.Adapter, Version=10.0.0.0, Culture=neutral, PublicKeyToken=b03f5f7f11d50a3a" className="AwesomeMart.Test.Model.Employee_Test, AwesomeMart.Test, Version=1.0.0.0, Culture=neutral, PublicKeyToken=null" name="can_delete_employee" />
    </UnitTest>
    <UnitTest name="can_check_for_validation_before_saving" storage="c:\users\kerner-m\documents\github\awesomemart\awesomemart\awesomemart.test\bin\debug\awesomemart.test.dll" id="e0371036-8b9a-f916-a7da-ca40b074839f">
      <Execution id="f3b7ce5d-5dd6-4376-872b-bbaa5f4c71fd" />
      <TestMethod codeBase="C:/Users/kerner-m/Documents/GitHub/AwesomeMart/AwesomeMart/AwesomeMart.Test/bin/Debug/AwesomeMart.Test.DLL" adapterTypeName="Microsoft.VisualStudio.TestTools.TestTypes.Unit.UnitTestAdapter, Microsoft.VisualStudio.QualityTools.Tips.UnitTest.Adapter, Version=10.0.0.0, Culture=neutral, PublicKeyToken=b03f5f7f11d50a3a" className="AwesomeMart.Test.Model.Employee_Test, AwesomeMart.Test, Version=1.0.0.0, Culture=neutral, PublicKeyToken=null" name="can_check_for_validation_before_saving" />
    </UnitTest>
    <UnitTest name="can_edit_employee" storage="c:\users\kerner-m\documents\github\awesomemart\awesomemart\awesomemart.test\bin\debug\awesomemart.test.dll" id="7e89b305-8675-3aed-4c84-f356b475469a">
      <Execution id="f71fc1ff-402c-4c1c-8d52-f0aa58fd9e17" />
      <TestMethod codeBase="C:/Users/kerner-m/Documents/GitHub/AwesomeMart/AwesomeMart/AwesomeMart.Test/bin/Debug/AwesomeMart.Test.DLL" adapterTypeName="Microsoft.VisualStudio.TestTools.TestTypes.Unit.UnitTestAdapter, Microsoft.VisualStudio.QualityTools.Tips.UnitTest.Adapter, Version=10.0.0.0, Culture=neutral, PublicKeyToken=b03f5f7f11d50a3a" className="AwesomeMart.Test.Model.Employee_Test, AwesomeMart.Test, Version=1.0.0.0, Culture=neutral, PublicKeyToken=null" name="can_edit_employee" />
    </UnitTest>
    <UnitTest name="default_value_for_pay_rate_is_zero" storage="c:\users\kerner-m\documents\github\awesomemart\awesomemart\awesomemart.test\bin\debug\awesomemart.test.dll" id="190ade80-aa7a-0241-1baf-701b223668fe">
      <Execution id="970728aa-3cb4-4ba3-8991-1a50f49620fe" />
      <TestMethod codeBase="C:/Users/kerner-m/Documents/GitHub/AwesomeMart/AwesomeMart/AwesomeMart.Test/bin/Debug/AwesomeMart.Test.DLL" adapterTypeName="Microsoft.VisualStudio.TestTools.TestTypes.Unit.UnitTestAdapter, Microsoft.VisualStudio.QualityTools.Tips.UnitTest.Adapter, Version=10.0.0.0, Culture=neutral, PublicKeyToken=b03f5f7f11d50a3a" className="AwesomeMart.Test.Model.Employee_Test, AwesomeMart.Test, Version=1.0.0.0, Culture=neutral, PublicKeyToken=null" name="default_value_for_pay_rate_is_zero" />
    </UnitTest>
    <UnitTest name="pay_rate_cant_be_more_than_5000000000" storage="c:\users\kerner-m\documents\github\awesomemart\awesomemart\awesomemart.test\bin\debug\awesomemart.test.dll" id="ff8df26d-cfd2-ee2a-0027-fc09a963f201">
      <Execution id="a16a162e-94d6-4135-9bd3-0af2f94458e4" />
      <TestMethod codeBase="C:/Users/kerner-m/Documents/GitHub/AwesomeMart/AwesomeMart/AwesomeMart.Test/bin/Debug/AwesomeMart.Test.DLL" adapterTypeName="Microsoft.VisualStudio.TestTools.TestTypes.Unit.UnitTestAdapter, Microsoft.VisualStudio.QualityTools.Tips.UnitTest.Adapter, Version=10.0.0.0, Culture=neutral, PublicKeyToken=b03f5f7f11d50a3a" className="AwesomeMart.Test.Model.Employee_Test, AwesomeMart.Test, Version=1.0.0.0, Culture=neutral, PublicKeyToken=null" name="pay_rate_cant_be_more_than_5000000000" />
    </UnitTest>
    <UnitTest name="id_field_is_updated_locally_when_the_context_is_saved" storage="c:\users\kerner-m\documents\github\awesomemart\awesomemart\awesomemart.test\bin\debug\awesomemart.test.dll" id="3c10e73d-4da6-0220-9d85-4f94384ad704">
      <Execution id="f134ccf6-7987-4181-9bdc-1034258db17a" />
      <TestMethod codeBase="C:/Users/kerner-m/Documents/GitHub/AwesomeMart/AwesomeMart/AwesomeMart.Test/bin/Debug/AwesomeMart.Test.DLL" adapterTypeName="Microsoft.VisualStudio.TestTools.TestTypes.Unit.UnitTestAdapter, Microsoft.VisualStudio.QualityTools.Tips.UnitTest.Adapter, Version=10.0.0.0, Culture=neutral, PublicKeyToken=b03f5f7f11d50a3a" className="AwesomeMart.Test.Model.Employee_Test, AwesomeMart.Test, Version=1.0.0.0, Culture=neutral, PublicKeyToken=null" name="id_field_is_updated_locally_when_the_context_is_saved" />
    </UnitTest>
    <UnitTest name="pay_rate_can_be_0" storage="c:\users\kerner-m\documents\github\awesomemart\awesomemart\awesomemart.test\bin\debug\awesomemart.test.dll" id="50016594-dfeb-0321-044f-2714ce910c7a">
      <Execution id="c38ba66d-5710-42dc-ac75-6ffedd6770ed" />
      <TestMethod codeBase="C:/Users/kerner-m/Documents/GitHub/AwesomeMart/AwesomeMart/AwesomeMart.Test/bin/Debug/AwesomeMart.Test.DLL" adapterTypeName="Microsoft.VisualStudio.TestTools.TestTypes.Unit.UnitTestAdapter, Microsoft.VisualStudio.QualityTools.Tips.UnitTest.Adapter, Version=10.0.0.0, Culture=neutral, PublicKeyToken=b03f5f7f11d50a3a" className="AwesomeMart.Test.Model.Employee_Test, AwesomeMart.Test, Version=1.0.0.0, Culture=neutral, PublicKeyToken=null" name="pay_rate_can_be_0" />
    </UnitTest>
    <UnitTest name="pay_rate_can_be_5000000000" storage="c:\users\kerner-m\documents\github\awesomemart\awesomemart\awesomemart.test\bin\debug\awesomemart.test.dll" id="493c682a-ac29-c76e-bbbb-178d91201411">
      <Execution id="1b70ae05-b716-498e-9d48-0633c18d3ca2" />
      <TestMethod codeBase="C:/Users/kerner-m/Documents/GitHub/AwesomeMart/AwesomeMart/AwesomeMart.Test/bin/Debug/AwesomeMart.Test.DLL" adapterTypeName="Microsoft.VisualStudio.TestTools.TestTypes.Unit.UnitTestAdapter, Microsoft.VisualStudio.QualityTools.Tips.UnitTest.Adapter, Version=10.0.0.0, Culture=neutral, PublicKeyToken=b03f5f7f11d50a3a" className="AwesomeMart.Test.Model.Employee_Test, AwesomeMart.Test, Version=1.0.0.0, Culture=neutral, PublicKeyToken=null" name="pay_rate_can_be_5000000000" />
    </UnitTest>
    <UnitTest name="default_value_for_start_date_is_null" storage="c:\users\kerner-m\documents\github\awesomemart\awesomemart\awesomemart.test\bin\debug\awesomemart.test.dll" id="7ba9dac2-7723-9839-8900-7d8d62e34f38">
      <Execution id="5bb570d6-4acf-43bc-ad2a-c278ac087fd8" />
      <TestMethod codeBase="C:/Users/kerner-m/Documents/GitHub/AwesomeMart/AwesomeMart/AwesomeMart.Test/bin/Debug/AwesomeMart.Test.DLL" adapterTypeName="Microsoft.VisualStudio.TestTools.TestTypes.Unit.UnitTestAdapter, Microsoft.VisualStudio.QualityTools.Tips.UnitTest.Adapter, Version=10.0.0.0, Culture=neutral, PublicKeyToken=b03f5f7f11d50a3a" className="AwesomeMart.Test.Model.Employee_Test, AwesomeMart.Test, Version=1.0.0.0, Culture=neutral, PublicKeyToken=null" name="default_value_for_start_date_is_null" />
    </UnitTest>
  </TestDefinitions>
  <TestLists>
    <TestList name="Results Not in a List" id="8c84fa94-04c1-424b-9868-57a2d4851a1d" />
    <TestList name="All Loaded Results" id="19431567-8539-422a-85d7-44ee4e166bda" />
  </TestLists>
  <TestEntries>
    <TestEntry testId="190ade80-aa7a-0241-1baf-701b223668fe" executionId="970728aa-3cb4-4ba3-8991-1a50f49620fe" testListId="8c84fa94-04c1-424b-9868-57a2d4851a1d" />
    <TestEntry testId="19d8dede-1a91-62cf-015c-c3c0f4e96b93" executionId="94cb3a07-adba-4fcf-9ae0-e0df3aba7e8f" testListId="8c84fa94-04c1-424b-9868-57a2d4851a1d" />
    <TestEntry testId="1de479d9-767f-0f2e-8696-ae1995c42fa6" executionId="d80651e7-91a4-4b64-b596-06f910fb3633" testListId="8c84fa94-04c1-424b-9868-57a2d4851a1d" />
    <TestEntry testId="1faebceb-8451-a275-e86e-3b894760aa1e" executionId="96a4ab1b-258e-430a-b335-dc4cb76b84fe" testListId="8c84fa94-04c1-424b-9868-57a2d4851a1d" />
    <TestEntry testId="23156d09-9880-eee1-5655-94cfcbb1914a" executionId="e21688a8-76f8-40ba-8694-f554b23edaae" testListId="8c84fa94-04c1-424b-9868-57a2d4851a1d" />
    <TestEntry testId="25e07621-69c6-eba1-3e42-eb19005502df" executionId="43d6ddf2-6c18-4f96-b0a1-1672d95adfbf" testListId="8c84fa94-04c1-424b-9868-57a2d4851a1d" />
    <TestEntry testId="31afd779-579d-d7cd-63bf-667b03aa9167" executionId="8e1f914c-dd67-4f6f-b905-8015d734d4d3" testListId="8c84fa94-04c1-424b-9868-57a2d4851a1d" />
    <TestEntry testId="3c10e73d-4da6-0220-9d85-4f94384ad704" executionId="f134ccf6-7987-4181-9bdc-1034258db17a" testListId="8c84fa94-04c1-424b-9868-57a2d4851a1d" />
    <TestEntry testId="492926e9-0840-f02c-f7b4-b90f733c4f50" executionId="c2ea2ea9-2672-451c-b20c-fd3aadf2999d" testListId="8c84fa94-04c1-424b-9868-57a2d4851a1d" />
    <TestEntry testId="493c682a-ac29-c76e-bbbb-178d91201411" executionId="1b70ae05-b716-498e-9d48-0633c18d3ca2" testListId="8c84fa94-04c1-424b-9868-57a2d4851a1d" />
    <TestEntry testId="50016594-dfeb-0321-044f-2714ce910c7a" executionId="c38ba66d-5710-42dc-ac75-6ffedd6770ed" testListId="8c84fa94-04c1-424b-9868-57a2d4851a1d" />
    <TestEntry testId="637ca211-9ce2-7473-7d49-6124301dbf38" executionId="fbe808d7-f90e-4585-9c50-05ad71021bf9" testListId="8c84fa94-04c1-424b-9868-57a2d4851a1d" />
    <TestEntry testId="64b1c73e-cbd6-9f2f-f8b0-fe4804f3ee4f" executionId="e6a544c1-e64c-4139-8a1c-db065b9ce627" testListId="8c84fa94-04c1-424b-9868-57a2d4851a1d" />
    <TestEntry testId="7948a2ab-75da-b66f-01dc-cc0c50dd9b98" executionId="0b26a99a-5df2-4210-b155-2c98202b6f24" testListId="8c84fa94-04c1-424b-9868-57a2d4851a1d" />
    <TestEntry testId="7ba9dac2-7723-9839-8900-7d8d62e34f38" executionId="5bb570d6-4acf-43bc-ad2a-c278ac087fd8" testListId="8c84fa94-04c1-424b-9868-57a2d4851a1d" />
    <TestEntry testId="7e89b305-8675-3aed-4c84-f356b475469a" executionId="f71fc1ff-402c-4c1c-8d52-f0aa58fd9e17" testListId="8c84fa94-04c1-424b-9868-57a2d4851a1d" />
    <TestEntry testId="8edd6437-f89d-5258-0bc8-730c57fc8d24" executionId="447f8341-0485-49fb-bd18-9623e648c28a" testListId="8c84fa94-04c1-424b-9868-57a2d4851a1d" />
    <TestEntry testId="9010d12c-3f2d-3c6d-95a8-9b36449c2b43" executionId="1fd715b3-7849-4930-b46d-27e338165aa1" testListId="8c84fa94-04c1-424b-9868-57a2d4851a1d" />
    <TestEntry testId="937886fc-50f1-96f2-137f-12f0beea6931" executionId="e0f9c30b-7464-4f94-8882-de6f8989bde5" testListId="8c84fa94-04c1-424b-9868-57a2d4851a1d" />
    <TestEntry testId="c2e768e2-9389-62d7-8919-0d56c84b6986" executionId="c7d0558f-07c1-4ecf-b062-4cf2a1f996c3" testListId="8c84fa94-04c1-424b-9868-57a2d4851a1d" />
    <TestEntry testId="d7c04fbe-7743-bb05-94f9-69ebbf46de8f" executionId="ff33808f-5797-4ded-9aa1-be7c4940bafe" testListId="8c84fa94-04c1-424b-9868-57a2d4851a1d" />
    <TestEntry testId="e0371036-8b9a-f916-a7da-ca40b074839f" executionId="f3b7ce5d-5dd6-4376-872b-bbaa5f4c71fd" testListId="8c84fa94-04c1-424b-9868-57a2d4851a1d" />
    <TestEntry testId="ff8df26d-cfd2-ee2a-0027-fc09a963f201" executionId="a16a162e-94d6-4135-9bd3-0af2f94458e4" testListId="8c84fa94-04c1-424b-9868-57a2d4851a1d" />
  </TestEntries>
  <Results>
    <UnitTestResult executionId="970728aa-3cb4-4ba3-8991-1a50f49620fe" testId="190ade80-aa7a-0241-1baf-701b223668fe" testName="default_value_for_pay_rate_is_zero" computerName="25KYJS1" duration="00:00:00.8681322" startTime="2013-01-30T16:33:52.5553763-08:00" endTime="2013-01-30T16:33:53.5423763-08:00" testType="13cdc9d9-ddb5-4fa4-a97d-d965ccfc6d4b" outcome="Passed" testListId="8c84fa94-04c1-424b-9868-57a2d4851a1d" relativeResultsDirectory="970728aa-3cb4-4ba3-8991-1a50f49620fe">
    </UnitTestResult>
    <UnitTestResult executionId="94cb3a07-adba-4fcf-9ae0-e0df3aba7e8f" testId="19d8dede-1a91-62cf-015c-c3c0f4e96b93" testName="can_delete_employee" computerName="25KYJS1" duration="00:00:00.2860430" startTime="2013-01-30T16:33:53.5443763-08:00" endTime="2013-01-30T16:33:53.8323763-08:00" testType="13cdc9d9-ddb5-4fa4-a97d-d965ccfc6d4b" outcome="Passed" testListId="8c84fa94-04c1-424b-9868-57a2d4851a1d" relativeResultsDirectory="94cb3a07-adba-4fcf-9ae0-e0df3aba7e8f">
    </UnitTestResult>
    <UnitTestResult executionId="d80651e7-91a4-4b64-b596-06f910fb3633" testId="1de479d9-767f-0f2e-8696-ae1995c42fa6" testName="can_get_validation_message_from_annotation" computerName="25KYJS1" duration="00:00:00.2046285" startTime="2013-01-30T16:33:53.8343763-08:00" endTime="2013-01-30T16:33:54.0413763-08:00" testType="13cdc9d9-ddb5-4fa4-a97d-d965ccfc6d4b" outcome="Passed" testListId="8c84fa94-04c1-424b-9868-57a2d4851a1d" relativeResultsDirectory="d80651e7-91a4-4b64-b596-06f910fb3633">
    </UnitTestResult>
    <UnitTestResult executionId="96a4ab1b-258e-430a-b335-dc4cb76b84fe" testId="1faebceb-8451-a275-e86e-3b894760aa1e" testName="default_value_for_pay_type_is_hourly" computerName="25KYJS1" duration="00:00:00.2287127" startTime="2013-01-30T16:33:54.0433763-08:00" endTime="2013-01-30T16:33:54.2733763-08:00" testType="13cdc9d9-ddb5-4fa4-a97d-d965ccfc6d4b" outcome="Passed" testListId="8c84fa94-04c1-424b-9868-57a2d4851a1d" relativeResultsDirectory="96a4ab1b-258e-430a-b335-dc4cb76b84fe">
    </UnitTestResult>
    <UnitTestResult executionId="e21688a8-76f8-40ba-8694-f554b23edaae" testId="23156d09-9880-eee1-5655-94cfcbb1914a" testName="can_enter_sale" computerName="25KYJS1" duration="00:00:00.2855419" startTime="2013-01-30T16:33:54.2753763-08:00" endTime="2013-01-30T16:33:54.5623763-08:00" testType="13cdc9d9-ddb5-4fa4-a97d-d965ccfc6d4b" outcome="Passed" testListId="8c84fa94-04c1-424b-9868-57a2d4851a1d" relativeResultsDirectory="e21688a8-76f8-40ba-8694-f554b23edaae">
    </UnitTestResult>
    <UnitTestResult executionId="43d6ddf2-6c18-4f96-b0a1-1672d95adfbf" testId="25e07621-69c6-eba1-3e42-eb19005502df" testName="can_have_more_than_one_product_in_sale" computerName="25KYJS1" duration="00:00:00.2671652" startTime="2013-01-30T16:33:54.5633763-08:00" endTime="2013-01-30T16:33:54.8333763-08:00" testType="13cdc9d9-ddb5-4fa4-a97d-d965ccfc6d4b" outcome="Passed" testListId="8c84fa94-04c1-424b-9868-57a2d4851a1d" relativeResultsDirectory="43d6ddf2-6c18-4f96-b0a1-1672d95adfbf">
    </UnitTestResult>
    <UnitTestResult executionId="8e1f914c-dd67-4f6f-b905-8015d734d4d3" testId="31afd779-579d-d7cd-63bf-667b03aa9167" testName="can_get_invalid_entity" computerName="25KYJS1" duration="00:00:00.1856300" startTime="2013-01-30T16:33:54.8343763-08:00" endTime="2013-01-30T16:33:55.0223763-08:00" testType="13cdc9d9-ddb5-4fa4-a97d-d965ccfc6d4b" outcome="Passed" testListId="8c84fa94-04c1-424b-9868-57a2d4851a1d" relativeResultsDirectory="8e1f914c-dd67-4f6f-b905-8015d734d4d3">
    </UnitTestResult>
    <UnitTestResult executionId="f134ccf6-7987-4181-9bdc-1034258db17a" testId="3c10e73d-4da6-0220-9d85-4f94384ad704" testName="id_field_is_updated_locally_when_the_context_is_saved" computerName="25KYJS1" duration="00:00:00.2050207" startTime="2013-01-30T16:33:55.0233763-08:00" endTime="2013-01-30T16:33:55.2303763-08:00" testType="13cdc9d9-ddb5-4fa4-a97d-d965ccfc6d4b" outcome="Passed" testListId="8c84fa94-04c1-424b-9868-57a2d4851a1d" relativeResultsDirectory="f134ccf6-7987-4181-9bdc-1034258db17a">
    </UnitTestResult>
    <UnitTestResult executionId="c2ea2ea9-2672-451c-b20c-fd3aadf2999d" testId="492926e9-0840-f02c-f7b4-b90f733c4f50" testName="pay_rate_cant_be_negative" computerName="25KYJS1" duration="00:00:00.1854109" startTime="2013-01-30T16:33:55.2313763-08:00" endTime="2013-01-30T16:33:55.4193763-08:00" testType="13cdc9d9-ddb5-4fa4-a97d-d965ccfc6d4b" outcome="Passed" testListId="8c84fa94-04c1-424b-9868-57a2d4851a1d" relativeResultsDirectory="c2ea2ea9-2672-451c-b20c-fd3aadf2999d">
    </UnitTestResult>
    <UnitTestResult executionId="1b70ae05-b716-498e-9d48-0633c18d3ca2" testId="493c682a-ac29-c76e-bbbb-178d91201411" testName="pay_rate_can_be_5000000000" computerName="25KYJS1" duration="00:00:00.2031923" startTime="2013-01-30T16:33:55.4203763-08:00" endTime="2013-01-30T16:33:55.6253763-08:00" testType="13cdc9d9-ddb5-4fa4-a97d-d965ccfc6d4b" outcome="Passed" testListId="8c84fa94-04c1-424b-9868-57a2d4851a1d" relativeResultsDirectory="1b70ae05-b716-498e-9d48-0633c18d3ca2">
    </UnitTestResult>
    <UnitTestResult executionId="c38ba66d-5710-42dc-ac75-6ffedd6770ed" testId="50016594-dfeb-0321-044f-2714ce910c7a" testName="pay_rate_can_be_0" computerName="25KYJS1" duration="00:00:00.2034866" startTime="2013-01-30T16:33:55.6263763-08:00" endTime="2013-01-30T16:33:55.8323763-08:00" testType="13cdc9d9-ddb5-4fa4-a97d-d965ccfc6d4b" outcome="Passed" testListId="8c84fa94-04c1-424b-9868-57a2d4851a1d" relativeResultsDirectory="c38ba66d-5710-42dc-ac75-6ffedd6770ed">
    </UnitTestResult>
    <UnitTestResult executionId="fbe808d7-f90e-4585-9c50-05ad71021bf9" testId="637ca211-9ce2-7473-7d49-6124301dbf38" testName="can_retrieve_employee" computerName="25KYJS1" duration="00:00:00.2127056" startTime="2013-01-30T16:33:55.8333763-08:00" endTime="2013-01-30T16:33:56.0483763-08:00" testType="13cdc9d9-ddb5-4fa4-a97d-d965ccfc6d4b" outcome="Passed" testListId="8c84fa94-04c1-424b-9868-57a2d4851a1d" relativeResultsDirectory="fbe808d7-f90e-4585-9c50-05ad71021bf9">
    </UnitTestResult>
    <UnitTestResult executionId="e6a544c1-e64c-4139-8a1c-db065b9ce627" testId="64b1c73e-cbd6-9f2f-f8b0-fe4804f3ee4f" testName="pay_type_is_able_to_be_changed" computerName="25KYJS1" duration="00:00:00.2232887" startTime="2013-01-30T16:33:56.0503763-08:00" endTime="2013-01-30T16:33:56.2753763-08:00" testType="13cdc9d9-ddb5-4fa4-a97d-d965ccfc6d4b" outcome="Passed" testListId="8c84fa94-04c1-424b-9868-57a2d4851a1d" relativeResultsDirectory="e6a544c1-e64c-4139-8a1c-db065b9ce627">
    </UnitTestResult>
    <UnitTestResult executionId="0b26a99a-5df2-4210-b155-2c98202b6f24" testId="7948a2ab-75da-b66f-01dc-cc0c50dd9b98" testName="linq_shorthand_is_equivalent_to_regular_syntax" computerName="25KYJS1" duration="00:00:00.2196637" startTime="2013-01-30T16:33:56.2763763-08:00" endTime="2013-01-30T16:33:56.4983763-08:00" testType="13cdc9d9-ddb5-4fa4-a97d-d965ccfc6d4b" outcome="Passed" testListId="8c84fa94-04c1-424b-9868-57a2d4851a1d" relativeResultsDirectory="0b26a99a-5df2-4210-b155-2c98202b6f24">
    </UnitTestResult>
    <UnitTestResult executionId="5bb570d6-4acf-43bc-ad2a-c278ac087fd8" testId="7ba9dac2-7723-9839-8900-7d8d62e34f38" testName="default_value_for_start_date_is_null" computerName="25KYJS1" duration="00:00:00.2092334" startTime="2013-01-30T16:33:56.4993763-08:00" endTime="2013-01-30T16:33:56.7113763-08:00" testType="13cdc9d9-ddb5-4fa4-a97d-d965ccfc6d4b" outcome="Passed" testListId="8c84fa94-04c1-424b-9868-57a2d4851a1d" relativeResultsDirectory="5bb570d6-4acf-43bc-ad2a-c278ac087fd8">
    </UnitTestResult>
    <UnitTestResult executionId="f71fc1ff-402c-4c1c-8d52-f0aa58fd9e17" testId="7e89b305-8675-3aed-4c84-f356b475469a" testName="can_edit_employee" computerName="25KYJS1" duration="00:00:00.2391098" startTime="2013-01-30T16:33:56.7123763-08:00" endTime="2013-01-30T16:33:56.9533763-08:00" testType="13cdc9d9-ddb5-4fa4-a97d-d965ccfc6d4b" outcome="Passed" testListId="8c84fa94-04c1-424b-9868-57a2d4851a1d" relativeResultsDirectory="f71fc1ff-402c-4c1c-8d52-f0aa58fd9e17">
    </UnitTestResult>
    <UnitTestResult executionId="447f8341-0485-49fb-bd18-9623e648c28a" testId="8edd6437-f89d-5258-0bc8-730c57fc8d24" testName="relationships_work_between_sales_and_employees" computerName="25KYJS1" duration="00:00:00.2541108" startTime="2013-01-30T16:33:56.9543763-08:00" endTime="2013-01-30T16:33:57.2103763-08:00" testType="13cdc9d9-ddb5-4fa4-a97d-d965ccfc6d4b" outcome="Passed" testListId="8c84fa94-04c1-424b-9868-57a2d4851a1d" relativeResultsDirectory="447f8341-0485-49fb-bd18-9623e648c28a">
    </UnitTestResult>
    <UnitTestResult executionId="1fd715b3-7849-4930-b46d-27e338165aa1" testId="9010d12c-3f2d-3c6d-95a8-9b36449c2b43" testName="can_seed_database_with_employee" computerName="25KYJS1" duration="00:00:00.2187252" startTime="2013-01-30T16:33:57.2123763-08:00" endTime="2013-01-30T16:33:57.4323763-08:00" testType="13cdc9d9-ddb5-4fa4-a97d-d965ccfc6d4b" outcome="Passed" testListId="8c84fa94-04c1-424b-9868-57a2d4851a1d" relativeResultsDirectory="1fd715b3-7849-4930-b46d-27e338165aa1">
    </UnitTestResult>
    <UnitTestResult executionId="e0f9c30b-7464-4f94-8882-de6f8989bde5" testId="937886fc-50f1-96f2-137f-12f0beea6931" testName="can_add_new_employee" computerName="25KYJS1" duration="00:00:00.2123084" startTime="2013-01-30T16:33:57.4333763-08:00" endTime="2013-01-30T16:33:57.6483763-08:00" testType="13cdc9d9-ddb5-4fa4-a97d-d965ccfc6d4b" outcome="Passed" testListId="8c84fa94-04c1-424b-9868-57a2d4851a1d" relativeResultsDirectory="e0f9c30b-7464-4f94-8882-de6f8989bde5">
    </UnitTestResult>
    <UnitTestResult executionId="c7d0558f-07c1-4ecf-b062-4cf2a1f996c3" testId="c2e768e2-9389-62d7-8919-0d56c84b6986" testName="lazy_loading_works_between_sales_and_employee" computerName="25KYJS1" duration="00:00:00.2554227" startTime="2013-01-30T16:33:57.6493763-08:00" endTime="2013-01-30T16:33:57.9063763-08:00" testType="13cdc9d9-ddb5-4fa4-a97d-d965ccfc6d4b" outcome="Passed" testListId="8c84fa94-04c1-424b-9868-57a2d4851a1d" relativeResultsDirectory="c7d0558f-07c1-4ecf-b062-4cf2a1f996c3">
    </UnitTestResult>
    <UnitTestResult executionId="ff33808f-5797-4ded-9aa1-be7c4940bafe" testId="d7c04fbe-7743-bb05-94f9-69ebbf46de8f" testName="default_value_for_position_is_null" computerName="25KYJS1" duration="00:00:00.2063044" startTime="2013-01-30T16:33:57.9073763-08:00" endTime="2013-01-30T16:33:58.1163763-08:00" testType="13cdc9d9-ddb5-4fa4-a97d-d965ccfc6d4b" outcome="Passed" testListId="8c84fa94-04c1-424b-9868-57a2d4851a1d" relativeResultsDirectory="ff33808f-5797-4ded-9aa1-be7c4940bafe">
    </UnitTestResult>
    <UnitTestResult executionId="f3b7ce5d-5dd6-4376-872b-bbaa5f4c71fd" testId="e0371036-8b9a-f916-a7da-ca40b074839f" testName="can_check_for_validation_before_saving" computerName="25KYJS1" duration="00:00:00.1898587" startTime="2013-01-30T16:33:58.1173763-08:00" endTime="2013-01-30T16:33:58.3093763-08:00" testType="13cdc9d9-ddb5-4fa4-a97d-d965ccfc6d4b" outcome="Passed" testListId="8c84fa94-04c1-424b-9868-57a2d4851a1d" relativeResultsDirectory="f3b7ce5d-5dd6-4376-872b-bbaa5f4c71fd">
    </UnitTestResult>
    <UnitTestResult executionId="a16a162e-94d6-4135-9bd3-0af2f94458e4" testId="ff8df26d-cfd2-ee2a-0027-fc09a963f201" testName="pay_rate_cant_be_more_than_5000000000" computerName="25KYJS1" duration="00:00:00.1841341" startTime="2013-01-30T16:33:58.3113763-08:00" endTime="2013-01-30T16:33:58.4973763-08:00" testType="13cdc9d9-ddb5-4fa4-a97d-d965ccfc6d4b" outcome="Passed" testListId="8c84fa94-04c1-424b-9868-57a2d4851a1d" relativeResultsDirectory="a16a162e-94d6-4135-9bd3-0af2f94458e4">
    </UnitTestResult>
  </Results>
</TestRun>