<?xml version="1.0" encoding="UTF-8"?>
<TestRun id="9942295c-1f8b-4cb0-98b7-a495d149091d" name="KERNER-M@25KYJS1 2013-01-30 16:10:46" runUser="SA\KERNER-M" xmlns="http://microsoft.com/schemas/VisualStudio/TeamTest/2010">
  <TestSettings name="Local" id="0dbed112-f3d2-45f0-833e-0741c6af46f4">
    <Description>These are default test settings for a local test run.</Description>
    <Deployment enabled="false" runDeploymentRoot="KERNER-M_25KYJS1 2013-01-30 16_10_46">
      <DeploymentItem filename="C:\Users\kerner-m\Documents\GitHub\AwesomeMart\AwesomeMart\AwesomeMart\packages\EntityFramework.5.0.0\lib\net40\EntityFramework.dll" />
      <DeploymentItem filename="C:\Users\kerner-m\Documents\GitHub\AwesomeMart\AwesomeMart\AwesomeMart.Enumerations\bin\Debug\AwesomeMart.Enumerations.dll" />
      <DeploymentItem filename="C:\Users\kerner-m\Documents\GitHub\AwesomeMart\AwesomeMart\AwesomeMart.Model\bin\Debug\AwesomeMart.Data.dll" />
    </Deployment>
    <Execution>
      <TestTypeSpecific />
      <AgentRule name="Execution Agents">
      </AgentRule>
    </Execution>
  </TestSettings>
  <Times creation="2013-01-30T16:10:46.2623763-08:00" queuing="2013-01-30T16:10:46.2983763-08:00" start="2013-01-30T16:10:46.3053763-08:00" finish="2013-01-30T16:10:52.6673763-08:00" />
  <ResultSummary outcome="Completed">
    <Counters total="22" executed="22" passed="22" error="0" failed="0" timeout="0" aborted="0" inconclusive="0" passedButRunAborted="0" notRunnable="0" notExecuted="0" disconnected="0" warning="0" completed="0" inProgress="0" pending="0" />
  </ResultSummary>
  <TestDefinitions>
    <UnitTest name="can_get_validation_message_from_annotation" storage="c:\users\kerner-m\documents\github\awesomemart\awesomemart\awesomemart.test\bin\debug\awesomemart.test.dll" id="1de479d9-767f-0f2e-8696-ae1995c42fa6">
      <Execution id="cc83c5b6-d498-4339-adf4-722a5196d993" />
      <TestMethod codeBase="C:/Users/kerner-m/Documents/GitHub/AwesomeMart/AwesomeMart/AwesomeMart.Test/bin/Debug/AwesomeMart.Test.DLL" adapterTypeName="Microsoft.VisualStudio.TestTools.TestTypes.Unit.UnitTestAdapter, Microsoft.VisualStudio.QualityTools.Tips.UnitTest.Adapter, Version=10.0.0.0, Culture=neutral, PublicKeyToken=b03f5f7f11d50a3a" className="AwesomeMart.Test.Model.Employee_Test, AwesomeMart.Test, Version=1.0.0.0, Culture=neutral, PublicKeyToken=null" name="can_get_validation_message_from_annotation" />
    </UnitTest>
    <UnitTest name="lazy_loading_works_between_sales_and_employee" storage="c:\users\kerner-m\documents\github\awesomemart\awesomemart\awesomemart.test\bin\debug\awesomemart.test.dll" id="c2e768e2-9389-62d7-8919-0d56c84b6986">
      <Execution id="53692670-aa78-42a5-ba5d-7030567d8a69" />
      <TestMethod codeBase="C:/Users/kerner-m/Documents/GitHub/AwesomeMart/AwesomeMart/AwesomeMart.Test/bin/Debug/AwesomeMart.Test.DLL" adapterTypeName="Microsoft.VisualStudio.TestTools.TestTypes.Unit.UnitTestAdapter, Microsoft.VisualStudio.QualityTools.Tips.UnitTest.Adapter, Version=10.0.0.0, Culture=neutral, PublicKeyToken=b03f5f7f11d50a3a" className="AwesomeMart.Test.Model.Sale_Test, AwesomeMart.Test, Version=1.0.0.0, Culture=neutral, PublicKeyToken=null" name="lazy_loading_works_between_sales_and_employee" />
    </UnitTest>
    <UnitTest name="can_get_invalid_entity" storage="c:\users\kerner-m\documents\github\awesomemart\awesomemart\awesomemart.test\bin\debug\awesomemart.test.dll" id="31afd779-579d-d7cd-63bf-667b03aa9167">
      <Execution id="b13c08f5-fb0e-41e4-93b1-e8f82aef8abc" />
      <TestMethod codeBase="C:/Users/kerner-m/Documents/GitHub/AwesomeMart/AwesomeMart/AwesomeMart.Test/bin/Debug/AwesomeMart.Test.DLL" adapterTypeName="Microsoft.VisualStudio.TestTools.TestTypes.Unit.UnitTestAdapter, Microsoft.VisualStudio.QualityTools.Tips.UnitTest.Adapter, Version=10.0.0.0, Culture=neutral, PublicKeyToken=b03f5f7f11d50a3a" className="AwesomeMart.Test.Model.Employee_Test, AwesomeMart.Test, Version=1.0.0.0, Culture=neutral, PublicKeyToken=null" name="can_get_invalid_entity" />
    </UnitTest>
    <UnitTest name="can_seed_database_with_employee" storage="c:\users\kerner-m\documents\github\awesomemart\awesomemart\awesomemart.test\bin\debug\awesomemart.test.dll" id="9010d12c-3f2d-3c6d-95a8-9b36449c2b43">
      <Execution id="385af9c4-b1d7-421f-be4d-afca6224bb19" />
      <TestMethod codeBase="C:/Users/kerner-m/Documents/GitHub/AwesomeMart/AwesomeMart/AwesomeMart.Test/bin/Debug/AwesomeMart.Test.DLL" adapterTypeName="Microsoft.VisualStudio.TestTools.TestTypes.Unit.UnitTestAdapter, Microsoft.VisualStudio.QualityTools.Tips.UnitTest.Adapter, Version=10.0.0.0, Culture=neutral, PublicKeyToken=b03f5f7f11d50a3a" className="AwesomeMart.Test.Model.Employee_Test, AwesomeMart.Test, Version=1.0.0.0, Culture=neutral, PublicKeyToken=null" name="can_seed_database_with_employee" />
    </UnitTest>
    <UnitTest name="default_value_for_pay_type_is_hourly" storage="c:\users\kerner-m\documents\github\awesomemart\awesomemart\awesomemart.test\bin\debug\awesomemart.test.dll" id="1faebceb-8451-a275-e86e-3b894760aa1e">
      <Execution id="278732ae-aa56-4ef6-9f51-fb4e8985536a" />
      <TestMethod codeBase="C:/Users/kerner-m/Documents/GitHub/AwesomeMart/AwesomeMart/AwesomeMart.Test/bin/Debug/AwesomeMart.Test.DLL" adapterTypeName="Microsoft.VisualStudio.TestTools.TestTypes.Unit.UnitTestAdapter, Microsoft.VisualStudio.QualityTools.Tips.UnitTest.Adapter, Version=10.0.0.0, Culture=neutral, PublicKeyToken=b03f5f7f11d50a3a" className="AwesomeMart.Test.Model.Employee_Test, AwesomeMart.Test, Version=1.0.0.0, Culture=neutral, PublicKeyToken=null" name="default_value_for_pay_type_is_hourly" />
    </UnitTest>
    <UnitTest name="linq_shorthand_is_equivalent_to_regular_syntax" storage="c:\users\kerner-m\documents\github\awesomemart\awesomemart\awesomemart.test\bin\debug\awesomemart.test.dll" id="7948a2ab-75da-b66f-01dc-cc0c50dd9b98">
      <Execution id="5b69da4d-df9a-4a94-bf16-08b120edaad5" />
      <TestMethod codeBase="C:/Users/kerner-m/Documents/GitHub/AwesomeMart/AwesomeMart/AwesomeMart.Test/bin/Debug/AwesomeMart.Test.DLL" adapterTypeName="Microsoft.VisualStudio.TestTools.TestTypes.Unit.UnitTestAdapter, Microsoft.VisualStudio.QualityTools.Tips.UnitTest.Adapter, Version=10.0.0.0, Culture=neutral, PublicKeyToken=b03f5f7f11d50a3a" className="AwesomeMart.Test.Model.Employee_Test, AwesomeMart.Test, Version=1.0.0.0, Culture=neutral, PublicKeyToken=null" name="linq_shorthand_is_equivalent_to_regular_syntax" />
    </UnitTest>
    <UnitTest name="pay_rate_cant_be_negative" storage="c:\users\kerner-m\documents\github\awesomemart\awesomemart\awesomemart.test\bin\debug\awesomemart.test.dll" id="492926e9-0840-f02c-f7b4-b90f733c4f50">
      <Execution id="7d872641-6de4-45ac-a662-0fbd3fc10576" />
      <TestMethod codeBase="C:/Users/kerner-m/Documents/GitHub/AwesomeMart/AwesomeMart/AwesomeMart.Test/bin/Debug/AwesomeMart.Test.DLL" adapterTypeName="Microsoft.VisualStudio.TestTools.TestTypes.Unit.UnitTestAdapter, Microsoft.VisualStudio.QualityTools.Tips.UnitTest.Adapter, Version=10.0.0.0, Culture=neutral, PublicKeyToken=b03f5f7f11d50a3a" className="AwesomeMart.Test.Model.Employee_Test, AwesomeMart.Test, Version=1.0.0.0, Culture=neutral, PublicKeyToken=null" name="pay_rate_cant_be_negative" />
    </UnitTest>
    <UnitTest name="can_have_more_than_one_product_in_sale" storage="c:\users\kerner-m\documents\github\awesomemart\awesomemart\awesomemart.test\bin\debug\awesomemart.test.dll" id="25e07621-69c6-eba1-3e42-eb19005502df">
      <Execution id="99d6e72d-6eae-4098-89ea-6e0c78a1a5ee" />
      <TestMethod codeBase="C:/Users/kerner-m/Documents/GitHub/AwesomeMart/AwesomeMart/AwesomeMart.Test/bin/Debug/AwesomeMart.Test.DLL" adapterTypeName="Microsoft.VisualStudio.TestTools.TestTypes.Unit.UnitTestAdapter, Microsoft.VisualStudio.QualityTools.Tips.UnitTest.Adapter, Version=10.0.0.0, Culture=neutral, PublicKeyToken=b03f5f7f11d50a3a" className="AwesomeMart.Test.Model.Sale_Test, AwesomeMart.Test, Version=1.0.0.0, Culture=neutral, PublicKeyToken=null" name="can_have_more_than_one_product_in_sale" />
    </UnitTest>
    <UnitTest name="relationships_work_between_sales_and_employees" storage="c:\users\kerner-m\documents\github\awesomemart\awesomemart\awesomemart.test\bin\debug\awesomemart.test.dll" id="8edd6437-f89d-5258-0bc8-730c57fc8d24">
      <Execution id="cdb8a1f8-0314-4751-96c2-46db3bedc02a" />
      <TestMethod codeBase="C:/Users/kerner-m/Documents/GitHub/AwesomeMart/AwesomeMart/AwesomeMart.Test/bin/Debug/AwesomeMart.Test.DLL" adapterTypeName="Microsoft.VisualStudio.TestTools.TestTypes.Unit.UnitTestAdapter, Microsoft.VisualStudio.QualityTools.Tips.UnitTest.Adapter, Version=10.0.0.0, Culture=neutral, PublicKeyToken=b03f5f7f11d50a3a" className="AwesomeMart.Test.Model.Sale_Test, AwesomeMart.Test, Version=1.0.0.0, Culture=neutral, PublicKeyToken=null" name="relationships_work_between_sales_and_employees" />
    </UnitTest>
    <UnitTest name="can_enter_sale" storage="c:\users\kerner-m\documents\github\awesomemart\awesomemart\awesomemart.test\bin\debug\awesomemart.test.dll" id="23156d09-9880-eee1-5655-94cfcbb1914a">
      <Execution id="ca35cd66-9620-435f-aa25-b7232f98bf35" />
      <TestMethod codeBase="C:/Users/kerner-m/Documents/GitHub/AwesomeMart/AwesomeMart/AwesomeMart.Test/bin/Debug/AwesomeMart.Test.DLL" adapterTypeName="Microsoft.VisualStudio.TestTools.TestTypes.Unit.UnitTestAdapter, Microsoft.VisualStudio.QualityTools.Tips.UnitTest.Adapter, Version=10.0.0.0, Culture=neutral, PublicKeyToken=b03f5f7f11d50a3a" className="AwesomeMart.Test.Model.Sale_Test, AwesomeMart.Test, Version=1.0.0.0, Culture=neutral, PublicKeyToken=null" name="can_enter_sale" />
    </UnitTest>
    <UnitTest name="default_value_for_position_is_null" storage="c:\users\kerner-m\documents\github\awesomemart\awesomemart\awesomemart.test\bin\debug\awesomemart.test.dll" id="d7c04fbe-7743-bb05-94f9-69ebbf46de8f">
      <Execution id="eb25c284-a947-4634-a0b0-89feeee0333e" />
      <TestMethod codeBase="C:/Users/kerner-m/Documents/GitHub/AwesomeMart/AwesomeMart/AwesomeMart.Test/bin/Debug/AwesomeMart.Test.DLL" adapterTypeName="Microsoft.VisualStudio.TestTools.TestTypes.Unit.UnitTestAdapter, Microsoft.VisualStudio.QualityTools.Tips.UnitTest.Adapter, Version=10.0.0.0, Culture=neutral, PublicKeyToken=b03f5f7f11d50a3a" className="AwesomeMart.Test.Model.Employee_Test, AwesomeMart.Test, Version=1.0.0.0, Culture=neutral, PublicKeyToken=null" name="default_value_for_position_is_null" />
    </UnitTest>
    <UnitTest name="can_add_new_employee" storage="c:\users\kerner-m\documents\github\awesomemart\awesomemart\awesomemart.test\bin\debug\awesomemart.test.dll" id="937886fc-50f1-96f2-137f-12f0beea6931">
      <Execution id="fecc8820-2670-467f-942e-ab271999d2bb" />
      <TestMethod codeBase="C:/Users/kerner-m/Documents/GitHub/AwesomeMart/AwesomeMart/AwesomeMart.Test/bin/Debug/AwesomeMart.Test.DLL" adapterTypeName="Microsoft.VisualStudio.TestTools.TestTypes.Unit.UnitTestAdapter, Microsoft.VisualStudio.QualityTools.Tips.UnitTest.Adapter, Version=10.0.0.0, Culture=neutral, PublicKeyToken=b03f5f7f11d50a3a" className="AwesomeMart.Test.Model.Employee_Test, AwesomeMart.Test, Version=1.0.0.0, Culture=neutral, PublicKeyToken=null" name="can_add_new_employee" />
    </UnitTest>
    <UnitTest name="can_retrieve_employee" storage="c:\users\kerner-m\documents\github\awesomemart\awesomemart\awesomemart.test\bin\debug\awesomemart.test.dll" id="637ca211-9ce2-7473-7d49-6124301dbf38">
      <Execution id="d330f200-aeb9-4d5d-8107-66f342fc7078" />
      <TestMethod codeBase="C:/Users/kerner-m/Documents/GitHub/AwesomeMart/AwesomeMart/AwesomeMart.Test/bin/Debug/AwesomeMart.Test.DLL" adapterTypeName="Microsoft.VisualStudio.TestTools.TestTypes.Unit.UnitTestAdapter, Microsoft.VisualStudio.QualityTools.Tips.UnitTest.Adapter, Version=10.0.0.0, Culture=neutral, PublicKeyToken=b03f5f7f11d50a3a" className="AwesomeMart.Test.Model.Employee_Test, AwesomeMart.Test, Version=1.0.0.0, Culture=neutral, PublicKeyToken=null" name="can_retrieve_employee" />
    </UnitTest>
    <UnitTest name="default_value_for_start_date_is_null" storage="c:\users\kerner-m\documents\github\awesomemart\awesomemart\awesomemart.test\bin\debug\awesomemart.test.dll" id="7ba9dac2-7723-9839-8900-7d8d62e34f38">
      <Execution id="6902b605-3733-4fe0-b39b-573363cb0af5" />
      <TestMethod codeBase="C:/Users/kerner-m/Documents/GitHub/AwesomeMart/AwesomeMart/AwesomeMart.Test/bin/Debug/AwesomeMart.Test.DLL" adapterTypeName="Microsoft.VisualStudio.TestTools.TestTypes.Unit.UnitTestAdapter, Microsoft.VisualStudio.QualityTools.Tips.UnitTest.Adapter, Version=10.0.0.0, Culture=neutral, PublicKeyToken=b03f5f7f11d50a3a" className="AwesomeMart.Test.Model.Employee_Test, AwesomeMart.Test, Version=1.0.0.0, Culture=neutral, PublicKeyToken=null" name="default_value_for_start_date_is_null" />
    </UnitTest>
    <UnitTest name="can_delete_employee" storage="c:\users\kerner-m\documents\github\awesomemart\awesomemart\awesomemart.test\bin\debug\awesomemart.test.dll" id="19d8dede-1a91-62cf-015c-c3c0f4e96b93">
      <Execution id="1450c9ac-d826-4982-9838-47078b964d4f" />
      <TestMethod codeBase="C:/Users/kerner-m/Documents/GitHub/AwesomeMart/AwesomeMart/AwesomeMart.Test/bin/Debug/AwesomeMart.Test.DLL" adapterTypeName="Microsoft.VisualStudio.TestTools.TestTypes.Unit.UnitTestAdapter, Microsoft.VisualStudio.QualityTools.Tips.UnitTest.Adapter, Version=10.0.0.0, Culture=neutral, PublicKeyToken=b03f5f7f11d50a3a" className="AwesomeMart.Test.Model.Employee_Test, AwesomeMart.Test, Version=1.0.0.0, Culture=neutral, PublicKeyToken=null" name="can_delete_employee" />
    </UnitTest>
    <UnitTest name="can_check_for_validation_before_saving" storage="c:\users\kerner-m\documents\github\awesomemart\awesomemart\awesomemart.test\bin\debug\awesomemart.test.dll" id="e0371036-8b9a-f916-a7da-ca40b074839f">
      <Execution id="77298d1e-e9f3-4896-a9cd-f2d34e440b77" />
      <TestMethod codeBase="C:/Users/kerner-m/Documents/GitHub/AwesomeMart/AwesomeMart/AwesomeMart.Test/bin/Debug/AwesomeMart.Test.DLL" adapterTypeName="Microsoft.VisualStudio.TestTools.TestTypes.Unit.UnitTestAdapter, Microsoft.VisualStudio.QualityTools.Tips.UnitTest.Adapter, Version=10.0.0.0, Culture=neutral, PublicKeyToken=b03f5f7f11d50a3a" className="AwesomeMart.Test.Model.Employee_Test, AwesomeMart.Test, Version=1.0.0.0, Culture=neutral, PublicKeyToken=null" name="can_check_for_validation_before_saving" />
    </UnitTest>
    <UnitTest name="can_edit_employee" storage="c:\users\kerner-m\documents\github\awesomemart\awesomemart\awesomemart.test\bin\debug\awesomemart.test.dll" id="7e89b305-8675-3aed-4c84-f356b475469a">
      <Execution id="433d8a14-c2d3-4b8a-80c5-6e83f7f536da" />
      <TestMethod codeBase="C:/Users/kerner-m/Documents/GitHub/AwesomeMart/AwesomeMart/AwesomeMart.Test/bin/Debug/AwesomeMart.Test.DLL" adapterTypeName="Microsoft.VisualStudio.TestTools.TestTypes.Unit.UnitTestAdapter, Microsoft.VisualStudio.QualityTools.Tips.UnitTest.Adapter, Version=10.0.0.0, Culture=neutral, PublicKeyToken=b03f5f7f11d50a3a" className="AwesomeMart.Test.Model.Employee_Test, AwesomeMart.Test, Version=1.0.0.0, Culture=neutral, PublicKeyToken=null" name="can_edit_employee" />
    </UnitTest>
    <UnitTest name="default_value_for_pay_rate_is_zero" storage="c:\users\kerner-m\documents\github\awesomemart\awesomemart\awesomemart.test\bin\debug\awesomemart.test.dll" id="190ade80-aa7a-0241-1baf-701b223668fe">
      <Execution id="5f661f83-d89f-433a-9438-7de6c1e7b242" />
      <TestMethod codeBase="C:/Users/kerner-m/Documents/GitHub/AwesomeMart/AwesomeMart/AwesomeMart.Test/bin/Debug/AwesomeMart.Test.DLL" adapterTypeName="Microsoft.VisualStudio.TestTools.TestTypes.Unit.UnitTestAdapter, Microsoft.VisualStudio.QualityTools.Tips.UnitTest.Adapter, Version=10.0.0.0, Culture=neutral, PublicKeyToken=b03f5f7f11d50a3a" className="AwesomeMart.Test.Model.Employee_Test, AwesomeMart.Test, Version=1.0.0.0, Culture=neutral, PublicKeyToken=null" name="default_value_for_pay_rate_is_zero" />
    </UnitTest>
    <UnitTest name="pay_rate_cant_be_more_than_5000000000" storage="c:\users\kerner-m\documents\github\awesomemart\awesomemart\awesomemart.test\bin\debug\awesomemart.test.dll" id="ff8df26d-cfd2-ee2a-0027-fc09a963f201">
      <Execution id="b06ca10b-d9aa-455f-bfb8-8da3abbddf73" />
      <TestMethod codeBase="C:/Users/kerner-m/Documents/GitHub/AwesomeMart/AwesomeMart/AwesomeMart.Test/bin/Debug/AwesomeMart.Test.DLL" adapterTypeName="Microsoft.VisualStudio.TestTools.TestTypes.Unit.UnitTestAdapter, Microsoft.VisualStudio.QualityTools.Tips.UnitTest.Adapter, Version=10.0.0.0, Culture=neutral, PublicKeyToken=b03f5f7f11d50a3a" className="AwesomeMart.Test.Model.Employee_Test, AwesomeMart.Test, Version=1.0.0.0, Culture=neutral, PublicKeyToken=null" name="pay_rate_cant_be_more_than_5000000000" />
    </UnitTest>
    <UnitTest name="id_field_is_updated_locally_when_the_context_is_saved" storage="c:\users\kerner-m\documents\github\awesomemart\awesomemart\awesomemart.test\bin\debug\awesomemart.test.dll" id="3c10e73d-4da6-0220-9d85-4f94384ad704">
      <Execution id="8a3ce054-cb3a-4bac-8647-b0a4695264c0" />
      <TestMethod codeBase="C:/Users/kerner-m/Documents/GitHub/AwesomeMart/AwesomeMart/AwesomeMart.Test/bin/Debug/AwesomeMart.Test.DLL" adapterTypeName="Microsoft.VisualStudio.TestTools.TestTypes.Unit.UnitTestAdapter, Microsoft.VisualStudio.QualityTools.Tips.UnitTest.Adapter, Version=10.0.0.0, Culture=neutral, PublicKeyToken=b03f5f7f11d50a3a" className="AwesomeMart.Test.Model.Employee_Test, AwesomeMart.Test, Version=1.0.0.0, Culture=neutral, PublicKeyToken=null" name="id_field_is_updated_locally_when_the_context_is_saved" />
    </UnitTest>
    <UnitTest name="pay_rate_can_be_0" storage="c:\users\kerner-m\documents\github\awesomemart\awesomemart\awesomemart.test\bin\debug\awesomemart.test.dll" id="50016594-dfeb-0321-044f-2714ce910c7a">
      <Execution id="976d0ea0-d1c7-4efb-b818-065938581c4d" />
      <TestMethod codeBase="C:/Users/kerner-m/Documents/GitHub/AwesomeMart/AwesomeMart/AwesomeMart.Test/bin/Debug/AwesomeMart.Test.DLL" adapterTypeName="Microsoft.VisualStudio.TestTools.TestTypes.Unit.UnitTestAdapter, Microsoft.VisualStudio.QualityTools.Tips.UnitTest.Adapter, Version=10.0.0.0, Culture=neutral, PublicKeyToken=b03f5f7f11d50a3a" className="AwesomeMart.Test.Model.Employee_Test, AwesomeMart.Test, Version=1.0.0.0, Culture=neutral, PublicKeyToken=null" name="pay_rate_can_be_0" />
    </UnitTest>
    <UnitTest name="pay_rate_can_be_5000000000" storage="c:\users\kerner-m\documents\github\awesomemart\awesomemart\awesomemart.test\bin\debug\awesomemart.test.dll" id="493c682a-ac29-c76e-bbbb-178d91201411">
      <Execution id="fa20ad4e-1700-49ba-9995-fea9330b1305" />
      <TestMethod codeBase="C:/Users/kerner-m/Documents/GitHub/AwesomeMart/AwesomeMart/AwesomeMart.Test/bin/Debug/AwesomeMart.Test.DLL" adapterTypeName="Microsoft.VisualStudio.TestTools.TestTypes.Unit.UnitTestAdapter, Microsoft.VisualStudio.QualityTools.Tips.UnitTest.Adapter, Version=10.0.0.0, Culture=neutral, PublicKeyToken=b03f5f7f11d50a3a" className="AwesomeMart.Test.Model.Employee_Test, AwesomeMart.Test, Version=1.0.0.0, Culture=neutral, PublicKeyToken=null" name="pay_rate_can_be_5000000000" />
    </UnitTest>
  </TestDefinitions>
  <TestLists>
    <TestList name="Results Not in a List" id="8c84fa94-04c1-424b-9868-57a2d4851a1d" />
    <TestList name="All Loaded Results" id="19431567-8539-422a-85d7-44ee4e166bda" />
  </TestLists>
  <TestEntries>
    <TestEntry testId="190ade80-aa7a-0241-1baf-701b223668fe" executionId="5f661f83-d89f-433a-9438-7de6c1e7b242" testListId="8c84fa94-04c1-424b-9868-57a2d4851a1d" />
    <TestEntry testId="19d8dede-1a91-62cf-015c-c3c0f4e96b93" executionId="1450c9ac-d826-4982-9838-47078b964d4f" testListId="8c84fa94-04c1-424b-9868-57a2d4851a1d" />
    <TestEntry testId="1de479d9-767f-0f2e-8696-ae1995c42fa6" executionId="cc83c5b6-d498-4339-adf4-722a5196d993" testListId="8c84fa94-04c1-424b-9868-57a2d4851a1d" />
    <TestEntry testId="1faebceb-8451-a275-e86e-3b894760aa1e" executionId="278732ae-aa56-4ef6-9f51-fb4e8985536a" testListId="8c84fa94-04c1-424b-9868-57a2d4851a1d" />
    <TestEntry testId="23156d09-9880-eee1-5655-94cfcbb1914a" executionId="ca35cd66-9620-435f-aa25-b7232f98bf35" testListId="8c84fa94-04c1-424b-9868-57a2d4851a1d" />
    <TestEntry testId="25e07621-69c6-eba1-3e42-eb19005502df" executionId="99d6e72d-6eae-4098-89ea-6e0c78a1a5ee" testListId="8c84fa94-04c1-424b-9868-57a2d4851a1d" />
    <TestEntry testId="31afd779-579d-d7cd-63bf-667b03aa9167" executionId="b13c08f5-fb0e-41e4-93b1-e8f82aef8abc" testListId="8c84fa94-04c1-424b-9868-57a2d4851a1d" />
    <TestEntry testId="3c10e73d-4da6-0220-9d85-4f94384ad704" executionId="8a3ce054-cb3a-4bac-8647-b0a4695264c0" testListId="8c84fa94-04c1-424b-9868-57a2d4851a1d" />
    <TestEntry testId="492926e9-0840-f02c-f7b4-b90f733c4f50" executionId="7d872641-6de4-45ac-a662-0fbd3fc10576" testListId="8c84fa94-04c1-424b-9868-57a2d4851a1d" />
    <TestEntry testId="493c682a-ac29-c76e-bbbb-178d91201411" executionId="fa20ad4e-1700-49ba-9995-fea9330b1305" testListId="8c84fa94-04c1-424b-9868-57a2d4851a1d" />
    <TestEntry testId="50016594-dfeb-0321-044f-2714ce910c7a" executionId="976d0ea0-d1c7-4efb-b818-065938581c4d" testListId="8c84fa94-04c1-424b-9868-57a2d4851a1d" />
    <TestEntry testId="637ca211-9ce2-7473-7d49-6124301dbf38" executionId="d330f200-aeb9-4d5d-8107-66f342fc7078" testListId="8c84fa94-04c1-424b-9868-57a2d4851a1d" />
    <TestEntry testId="7948a2ab-75da-b66f-01dc-cc0c50dd9b98" executionId="5b69da4d-df9a-4a94-bf16-08b120edaad5" testListId="8c84fa94-04c1-424b-9868-57a2d4851a1d" />
    <TestEntry testId="7ba9dac2-7723-9839-8900-7d8d62e34f38" executionId="6902b605-3733-4fe0-b39b-573363cb0af5" testListId="8c84fa94-04c1-424b-9868-57a2d4851a1d" />
    <TestEntry testId="7e89b305-8675-3aed-4c84-f356b475469a" executionId="433d8a14-c2d3-4b8a-80c5-6e83f7f536da" testListId="8c84fa94-04c1-424b-9868-57a2d4851a1d" />
    <TestEntry testId="8edd6437-f89d-5258-0bc8-730c57fc8d24" executionId="cdb8a1f8-0314-4751-96c2-46db3bedc02a" testListId="8c84fa94-04c1-424b-9868-57a2d4851a1d" />
    <TestEntry testId="9010d12c-3f2d-3c6d-95a8-9b36449c2b43" executionId="385af9c4-b1d7-421f-be4d-afca6224bb19" testListId="8c84fa94-04c1-424b-9868-57a2d4851a1d" />
    <TestEntry testId="937886fc-50f1-96f2-137f-12f0beea6931" executionId="fecc8820-2670-467f-942e-ab271999d2bb" testListId="8c84fa94-04c1-424b-9868-57a2d4851a1d" />
    <TestEntry testId="c2e768e2-9389-62d7-8919-0d56c84b6986" executionId="53692670-aa78-42a5-ba5d-7030567d8a69" testListId="8c84fa94-04c1-424b-9868-57a2d4851a1d" />
    <TestEntry testId="d7c04fbe-7743-bb05-94f9-69ebbf46de8f" executionId="eb25c284-a947-4634-a0b0-89feeee0333e" testListId="8c84fa94-04c1-424b-9868-57a2d4851a1d" />
    <TestEntry testId="e0371036-8b9a-f916-a7da-ca40b074839f" executionId="77298d1e-e9f3-4896-a9cd-f2d34e440b77" testListId="8c84fa94-04c1-424b-9868-57a2d4851a1d" />
    <TestEntry testId="ff8df26d-cfd2-ee2a-0027-fc09a963f201" executionId="b06ca10b-d9aa-455f-bfb8-8da3abbddf73" testListId="8c84fa94-04c1-424b-9868-57a2d4851a1d" />
  </TestEntries>
  <Results>
    <UnitTestResult executionId="5f661f83-d89f-433a-9438-7de6c1e7b242" testId="190ade80-aa7a-0241-1baf-701b223668fe" testName="default_value_for_pay_rate_is_zero" computerName="25KYJS1" duration="00:00:00.8646545" startTime="2013-01-30T16:10:46.3073763-08:00" endTime="2013-01-30T16:10:47.2893763-08:00" testType="13cdc9d9-ddb5-4fa4-a97d-d965ccfc6d4b" outcome="Passed" testListId="8c84fa94-04c1-424b-9868-57a2d4851a1d" relativeResultsDirectory="5f661f83-d89f-433a-9438-7de6c1e7b242">
    </UnitTestResult>
    <UnitTestResult executionId="1450c9ac-d826-4982-9838-47078b964d4f" testId="19d8dede-1a91-62cf-015c-c3c0f4e96b93" testName="can_delete_employee" computerName="25KYJS1" duration="00:00:00.3628504" startTime="2013-01-30T16:10:47.2913763-08:00" endTime="2013-01-30T16:10:47.6563763-08:00" testType="13cdc9d9-ddb5-4fa4-a97d-d965ccfc6d4b" outcome="Passed" testListId="8c84fa94-04c1-424b-9868-57a2d4851a1d" relativeResultsDirectory="1450c9ac-d826-4982-9838-47078b964d4f">
    </UnitTestResult>
    <UnitTestResult executionId="cc83c5b6-d498-4339-adf4-722a5196d993" testId="1de479d9-767f-0f2e-8696-ae1995c42fa6" testName="can_get_validation_message_from_annotation" computerName="25KYJS1" duration="00:00:00.2135810" startTime="2013-01-30T16:10:47.6573763-08:00" endTime="2013-01-30T16:10:47.8723763-08:00" testType="13cdc9d9-ddb5-4fa4-a97d-d965ccfc6d4b" outcome="Passed" testListId="8c84fa94-04c1-424b-9868-57a2d4851a1d" relativeResultsDirectory="cc83c5b6-d498-4339-adf4-722a5196d993">
    </UnitTestResult>
    <UnitTestResult executionId="278732ae-aa56-4ef6-9f51-fb4e8985536a" testId="1faebceb-8451-a275-e86e-3b894760aa1e" testName="default_value_for_pay_type_is_hourly" computerName="25KYJS1" duration="00:00:00.2199296" startTime="2013-01-30T16:10:47.8743763-08:00" endTime="2013-01-30T16:10:48.0963763-08:00" testType="13cdc9d9-ddb5-4fa4-a97d-d965ccfc6d4b" outcome="Passed" testListId="8c84fa94-04c1-424b-9868-57a2d4851a1d" relativeResultsDirectory="278732ae-aa56-4ef6-9f51-fb4e8985536a">
    </UnitTestResult>
    <UnitTestResult executionId="ca35cd66-9620-435f-aa25-b7232f98bf35" testId="23156d09-9880-eee1-5655-94cfcbb1914a" testName="can_enter_sale" computerName="25KYJS1" duration="00:00:00.3077189" startTime="2013-01-30T16:10:48.0973763-08:00" endTime="2013-01-30T16:10:48.4073763-08:00" testType="13cdc9d9-ddb5-4fa4-a97d-d965ccfc6d4b" outcome="Passed" testListId="8c84fa94-04c1-424b-9868-57a2d4851a1d" relativeResultsDirectory="ca35cd66-9620-435f-aa25-b7232f98bf35">
    </UnitTestResult>
    <UnitTestResult executionId="99d6e72d-6eae-4098-89ea-6e0c78a1a5ee" testId="25e07621-69c6-eba1-3e42-eb19005502df" testName="can_have_more_than_one_product_in_sale" computerName="25KYJS1" duration="00:00:00.2639999" startTime="2013-01-30T16:10:48.4103763-08:00" endTime="2013-01-30T16:10:48.6773763-08:00" testType="13cdc9d9-ddb5-4fa4-a97d-d965ccfc6d4b" outcome="Passed" testListId="8c84fa94-04c1-424b-9868-57a2d4851a1d" relativeResultsDirectory="99d6e72d-6eae-4098-89ea-6e0c78a1a5ee">
    </UnitTestResult>
    <UnitTestResult executionId="b13c08f5-fb0e-41e4-93b1-e8f82aef8abc" testId="31afd779-579d-d7cd-63bf-667b03aa9167" testName="can_get_invalid_entity" computerName="25KYJS1" duration="00:00:00.2348564" startTime="2013-01-30T16:10:48.7133763-08:00" endTime="2013-01-30T16:10:48.9513763-08:00" testType="13cdc9d9-ddb5-4fa4-a97d-d965ccfc6d4b" outcome="Passed" testListId="8c84fa94-04c1-424b-9868-57a2d4851a1d" relativeResultsDirectory="b13c08f5-fb0e-41e4-93b1-e8f82aef8abc">
    </UnitTestResult>
    <UnitTestResult executionId="8a3ce054-cb3a-4bac-8647-b0a4695264c0" testId="3c10e73d-4da6-0220-9d85-4f94384ad704" testName="id_field_is_updated_locally_when_the_context_is_saved" computerName="25KYJS1" duration="00:00:00.1999462" startTime="2013-01-30T16:10:48.9533763-08:00" endTime="2013-01-30T16:10:49.1553763-08:00" testType="13cdc9d9-ddb5-4fa4-a97d-d965ccfc6d4b" outcome="Passed" testListId="8c84fa94-04c1-424b-9868-57a2d4851a1d" relativeResultsDirectory="8a3ce054-cb3a-4bac-8647-b0a4695264c0">
    </UnitTestResult>
    <UnitTestResult executionId="7d872641-6de4-45ac-a662-0fbd3fc10576" testId="492926e9-0840-f02c-f7b4-b90f733c4f50" testName="pay_rate_cant_be_negative" computerName="25KYJS1" duration="00:00:00.1966879" startTime="2013-01-30T16:10:49.1573763-08:00" endTime="2013-01-30T16:10:49.3553763-08:00" testType="13cdc9d9-ddb5-4fa4-a97d-d965ccfc6d4b" outcome="Passed" testListId="8c84fa94-04c1-424b-9868-57a2d4851a1d" relativeResultsDirectory="7d872641-6de4-45ac-a662-0fbd3fc10576">
    </UnitTestResult>
    <UnitTestResult executionId="fa20ad4e-1700-49ba-9995-fea9330b1305" testId="493c682a-ac29-c76e-bbbb-178d91201411" testName="pay_rate_can_be_5000000000" computerName="25KYJS1" duration="00:00:00.2142511" startTime="2013-01-30T16:10:49.3573763-08:00" endTime="2013-01-30T16:10:49.5733763-08:00" testType="13cdc9d9-ddb5-4fa4-a97d-d965ccfc6d4b" outcome="Passed" testListId="8c84fa94-04c1-424b-9868-57a2d4851a1d" relativeResultsDirectory="fa20ad4e-1700-49ba-9995-fea9330b1305">
    </UnitTestResult>
    <UnitTestResult executionId="976d0ea0-d1c7-4efb-b818-065938581c4d" testId="50016594-dfeb-0321-044f-2714ce910c7a" testName="pay_rate_can_be_0" computerName="25KYJS1" duration="00:00:00.2124107" startTime="2013-01-30T16:10:49.5743763-08:00" endTime="2013-01-30T16:10:49.7883763-08:00" testType="13cdc9d9-ddb5-4fa4-a97d-d965ccfc6d4b" outcome="Passed" testListId="8c84fa94-04c1-424b-9868-57a2d4851a1d" relativeResultsDirectory="976d0ea0-d1c7-4efb-b818-065938581c4d">
    </UnitTestResult>
    <UnitTestResult executionId="d330f200-aeb9-4d5d-8107-66f342fc7078" testId="637ca211-9ce2-7473-7d49-6124301dbf38" testName="can_retrieve_employee" computerName="25KYJS1" duration="00:00:00.2614287" startTime="2013-01-30T16:10:49.7903763-08:00" endTime="2013-01-30T16:10:50.0533763-08:00" testType="13cdc9d9-ddb5-4fa4-a97d-d965ccfc6d4b" outcome="Passed" testListId="8c84fa94-04c1-424b-9868-57a2d4851a1d" relativeResultsDirectory="d330f200-aeb9-4d5d-8107-66f342fc7078">
    </UnitTestResult>
    <UnitTestResult executionId="5b69da4d-df9a-4a94-bf16-08b120edaad5" testId="7948a2ab-75da-b66f-01dc-cc0c50dd9b98" testName="linq_shorthand_is_equivalent_to_regular_syntax" computerName="25KYJS1" duration="00:00:00.2327044" startTime="2013-01-30T16:10:50.0543763-08:00" endTime="2013-01-30T16:10:50.2893763-08:00" testType="13cdc9d9-ddb5-4fa4-a97d-d965ccfc6d4b" outcome="Passed" testListId="8c84fa94-04c1-424b-9868-57a2d4851a1d" relativeResultsDirectory="5b69da4d-df9a-4a94-bf16-08b120edaad5">
    </UnitTestResult>
    <UnitTestResult executionId="6902b605-3733-4fe0-b39b-573363cb0af5" testId="7ba9dac2-7723-9839-8900-7d8d62e34f38" testName="default_value_for_start_date_is_null" computerName="25KYJS1" duration="00:00:00.2593314" startTime="2013-01-30T16:10:50.2903763-08:00" endTime="2013-01-30T16:10:50.5513763-08:00" testType="13cdc9d9-ddb5-4fa4-a97d-d965ccfc6d4b" outcome="Passed" testListId="8c84fa94-04c1-424b-9868-57a2d4851a1d" relativeResultsDirectory="6902b605-3733-4fe0-b39b-573363cb0af5">
    </UnitTestResult>
    <UnitTestResult executionId="433d8a14-c2d3-4b8a-80c5-6e83f7f536da" testId="7e89b305-8675-3aed-4c84-f356b475469a" testName="can_edit_employee" computerName="25KYJS1" duration="00:00:00.2482253" startTime="2013-01-30T16:10:50.5533763-08:00" endTime="2013-01-30T16:10:50.8033763-08:00" testType="13cdc9d9-ddb5-4fa4-a97d-d965ccfc6d4b" outcome="Passed" testListId="8c84fa94-04c1-424b-9868-57a2d4851a1d" relativeResultsDirectory="433d8a14-c2d3-4b8a-80c5-6e83f7f536da">
    </UnitTestResult>
    <UnitTestResult executionId="cdb8a1f8-0314-4751-96c2-46db3bedc02a" testId="8edd6437-f89d-5258-0bc8-730c57fc8d24" testName="relationships_work_between_sales_and_employees" computerName="25KYJS1" duration="00:00:00.2839704" startTime="2013-01-30T16:10:50.8173763-08:00" endTime="2013-01-30T16:10:51.1033763-08:00" testType="13cdc9d9-ddb5-4fa4-a97d-d965ccfc6d4b" outcome="Passed" testListId="8c84fa94-04c1-424b-9868-57a2d4851a1d" relativeResultsDirectory="cdb8a1f8-0314-4751-96c2-46db3bedc02a">
    </UnitTestResult>
    <UnitTestResult executionId="385af9c4-b1d7-421f-be4d-afca6224bb19" testId="9010d12c-3f2d-3c6d-95a8-9b36449c2b43" testName="can_seed_database_with_employee" computerName="25KYJS1" duration="00:00:00.2570171" startTime="2013-01-30T16:10:51.1053763-08:00" endTime="2013-01-30T16:10:51.3643763-08:00" testType="13cdc9d9-ddb5-4fa4-a97d-d965ccfc6d4b" outcome="Passed" testListId="8c84fa94-04c1-424b-9868-57a2d4851a1d" relativeResultsDirectory="385af9c4-b1d7-421f-be4d-afca6224bb19">
    </UnitTestResult>
    <UnitTestResult executionId="fecc8820-2670-467f-942e-ab271999d2bb" testId="937886fc-50f1-96f2-137f-12f0beea6931" testName="can_add_new_employee" computerName="25KYJS1" duration="00:00:00.3340453" startTime="2013-01-30T16:10:51.3653763-08:00" endTime="2013-01-30T16:10:51.7023763-08:00" testType="13cdc9d9-ddb5-4fa4-a97d-d965ccfc6d4b" outcome="Passed" testListId="8c84fa94-04c1-424b-9868-57a2d4851a1d" relativeResultsDirectory="fecc8820-2670-467f-942e-ab271999d2bb">
    </UnitTestResult>
    <UnitTestResult executionId="53692670-aa78-42a5-ba5d-7030567d8a69" testId="c2e768e2-9389-62d7-8919-0d56c84b6986" testName="lazy_loading_works_between_sales_and_employee" computerName="25KYJS1" duration="00:00:00.2586544" startTime="2013-01-30T16:10:51.7053763-08:00" endTime="2013-01-30T16:10:51.9653763-08:00" testType="13cdc9d9-ddb5-4fa4-a97d-d965ccfc6d4b" outcome="Passed" testListId="8c84fa94-04c1-424b-9868-57a2d4851a1d" relativeResultsDirectory="53692670-aa78-42a5-ba5d-7030567d8a69">
    </UnitTestResult>
    <UnitTestResult executionId="eb25c284-a947-4634-a0b0-89feeee0333e" testId="d7c04fbe-7743-bb05-94f9-69ebbf46de8f" testName="default_value_for_position_is_null" computerName="25KYJS1" duration="00:00:00.2113282" startTime="2013-01-30T16:10:51.9673763-08:00" endTime="2013-01-30T16:10:52.1803763-08:00" testType="13cdc9d9-ddb5-4fa4-a97d-d965ccfc6d4b" outcome="Passed" testListId="8c84fa94-04c1-424b-9868-57a2d4851a1d" relativeResultsDirectory="eb25c284-a947-4634-a0b0-89feeee0333e">
    </UnitTestResult>
    <UnitTestResult executionId="77298d1e-e9f3-4896-a9cd-f2d34e440b77" testId="e0371036-8b9a-f916-a7da-ca40b074839f" testName="can_check_for_validation_before_saving" computerName="25KYJS1" duration="00:00:00.1865281" startTime="2013-01-30T16:10:52.1813763-08:00" endTime="2013-01-30T16:10:52.3703763-08:00" testType="13cdc9d9-ddb5-4fa4-a97d-d965ccfc6d4b" outcome="Passed" testListId="8c84fa94-04c1-424b-9868-57a2d4851a1d" relativeResultsDirectory="77298d1e-e9f3-4896-a9cd-f2d34e440b77">
    </UnitTestResult>
    <UnitTestResult executionId="b06ca10b-d9aa-455f-bfb8-8da3abbddf73" testId="ff8df26d-cfd2-ee2a-0027-fc09a963f201" testName="pay_rate_cant_be_more_than_5000000000" computerName="25KYJS1" duration="00:00:00.1898180" startTime="2013-01-30T16:10:52.3713763-08:00" endTime="2013-01-30T16:10:52.5623763-08:00" testType="13cdc9d9-ddb5-4fa4-a97d-d965ccfc6d4b" outcome="Passed" testListId="8c84fa94-04c1-424b-9868-57a2d4851a1d" relativeResultsDirectory="b06ca10b-d9aa-455f-bfb8-8da3abbddf73">
    </UnitTestResult>
  </Results>
</TestRun>