<?xml version="1.0" encoding="UTF-8"?>
<TestRun id="8eecf91a-b02a-444c-8017-e0b3a493b464" name="KERNER-M@25KYJS1 2013-01-30 16:29:21" runUser="SA\KERNER-M" xmlns="http://microsoft.com/schemas/VisualStudio/TeamTest/2010">
  <TestSettings name="Local" id="0dbed112-f3d2-45f0-833e-0741c6af46f4">
    <Description>These are default test settings for a local test run.</Description>
    <Deployment enabled="false" runDeploymentRoot="KERNER-M_25KYJS1 2013-01-30 16_29_21">
      <DeploymentItem filename="C:\Users\kerner-m\Documents\GitHub\AwesomeMart\AwesomeMart\AwesomeMart\packages\EntityFramework.5.0.0\lib\net40\EntityFramework.dll" />
      <DeploymentItem filename="C:\Users\kerner-m\Documents\GitHub\AwesomeMart\AwesomeMart\AwesomeMart.Enumerations\bin\Debug\AwesomeMart.Enumerations.dll" />
      <DeploymentItem filename="C:\Users\kerner-m\Documents\GitHub\AwesomeMart\AwesomeMart\AwesomeMart.Model\bin\Debug\AwesomeMart.Data.dll" />
    </Deployment>
    <Execution>
      <TestTypeSpecific />
      <AgentRule name="Execution Agents">
      </AgentRule>
    </Execution>
  </TestSettings>
  <Times creation="2013-01-30T16:29:21.6343763-08:00" queuing="2013-01-30T16:29:21.6883763-08:00" start="2013-01-30T16:29:21.6993763-08:00" finish="2013-01-30T16:29:22.3713763-08:00" />
  <ResultSummary outcome="Failed">
    <Counters total="23" executed="23" error="0" failed="23" timeout="0" aborted="0" inconclusive="0" passedButRunAborted="0" notRunnable="0" notExecuted="0" disconnected="0" warning="0" passed="0" completed="0" inProgress="0" pending="0" />
  </ResultSummary>
  <TestDefinitions>
    <UnitTest name="can_get_validation_message_from_annotation" storage="c:\users\kerner-m\documents\github\awesomemart\awesomemart\awesomemart.test\bin\debug\awesomemart.test.dll" id="1de479d9-767f-0f2e-8696-ae1995c42fa6">
      <Execution id="8406d06f-6b0e-424b-8e16-1c8ccf07320f" />
      <TestMethod codeBase="C:/Users/kerner-m/Documents/GitHub/AwesomeMart/AwesomeMart/AwesomeMart.Test/bin/Debug/AwesomeMart.Test.DLL" adapterTypeName="Microsoft.VisualStudio.TestTools.TestTypes.Unit.UnitTestAdapter, Microsoft.VisualStudio.QualityTools.Tips.UnitTest.Adapter, Version=10.0.0.0, Culture=neutral, PublicKeyToken=b03f5f7f11d50a3a" className="AwesomeMart.Test.Model.Employee_Test, AwesomeMart.Test, Version=1.0.0.0, Culture=neutral, PublicKeyToken=null" name="can_get_validation_message_from_annotation" />
    </UnitTest>
    <UnitTest name="lazy_loading_works_between_sales_and_employee" storage="c:\users\kerner-m\documents\github\awesomemart\awesomemart\awesomemart.test\bin\debug\awesomemart.test.dll" id="c2e768e2-9389-62d7-8919-0d56c84b6986">
      <Execution id="f4457561-4f53-40c9-aaa1-4537c65342f3" />
      <TestMethod codeBase="C:/Users/kerner-m/Documents/GitHub/AwesomeMart/AwesomeMart/AwesomeMart.Test/bin/Debug/AwesomeMart.Test.DLL" adapterTypeName="Microsoft.VisualStudio.TestTools.TestTypes.Unit.UnitTestAdapter, Microsoft.VisualStudio.QualityTools.Tips.UnitTest.Adapter, Version=10.0.0.0, Culture=neutral, PublicKeyToken=b03f5f7f11d50a3a" className="AwesomeMart.Test.Model.Sale_Test, AwesomeMart.Test, Version=1.0.0.0, Culture=neutral, PublicKeyToken=null" name="lazy_loading_works_between_sales_and_employee" />
    </UnitTest>
    <UnitTest name="can_get_invalid_entity" storage="c:\users\kerner-m\documents\github\awesomemart\awesomemart\awesomemart.test\bin\debug\awesomemart.test.dll" id="31afd779-579d-d7cd-63bf-667b03aa9167">
      <Execution id="0dd44954-88db-49ca-b1d0-f003e63172cd" />
      <TestMethod codeBase="C:/Users/kerner-m/Documents/GitHub/AwesomeMart/AwesomeMart/AwesomeMart.Test/bin/Debug/AwesomeMart.Test.DLL" adapterTypeName="Microsoft.VisualStudio.TestTools.TestTypes.Unit.UnitTestAdapter, Microsoft.VisualStudio.QualityTools.Tips.UnitTest.Adapter, Version=10.0.0.0, Culture=neutral, PublicKeyToken=b03f5f7f11d50a3a" className="AwesomeMart.Test.Model.Employee_Test, AwesomeMart.Test, Version=1.0.0.0, Culture=neutral, PublicKeyToken=null" name="can_get_invalid_entity" />
    </UnitTest>
    <UnitTest name="can_seed_database_with_employee" storage="c:\users\kerner-m\documents\github\awesomemart\awesomemart\awesomemart.test\bin\debug\awesomemart.test.dll" id="9010d12c-3f2d-3c6d-95a8-9b36449c2b43">
      <Execution id="9cd93da2-cf54-4a93-9b54-229af73b3d24" />
      <TestMethod codeBase="C:/Users/kerner-m/Documents/GitHub/AwesomeMart/AwesomeMart/AwesomeMart.Test/bin/Debug/AwesomeMart.Test.DLL" adapterTypeName="Microsoft.VisualStudio.TestTools.TestTypes.Unit.UnitTestAdapter, Microsoft.VisualStudio.QualityTools.Tips.UnitTest.Adapter, Version=10.0.0.0, Culture=neutral, PublicKeyToken=b03f5f7f11d50a3a" className="AwesomeMart.Test.Model.Employee_Test, AwesomeMart.Test, Version=1.0.0.0, Culture=neutral, PublicKeyToken=null" name="can_seed_database_with_employee" />
    </UnitTest>
    <UnitTest name="default_value_for_pay_type_is_hourly" storage="c:\users\kerner-m\documents\github\awesomemart\awesomemart\awesomemart.test\bin\debug\awesomemart.test.dll" id="1faebceb-8451-a275-e86e-3b894760aa1e">
      <Execution id="7e48811d-4a5d-436e-96dc-ee2655f61b65" />
      <TestMethod codeBase="C:/Users/kerner-m/Documents/GitHub/AwesomeMart/AwesomeMart/AwesomeMart.Test/bin/Debug/AwesomeMart.Test.DLL" adapterTypeName="Microsoft.VisualStudio.TestTools.TestTypes.Unit.UnitTestAdapter, Microsoft.VisualStudio.QualityTools.Tips.UnitTest.Adapter, Version=10.0.0.0, Culture=neutral, PublicKeyToken=b03f5f7f11d50a3a" className="AwesomeMart.Test.Model.Employee_Test, AwesomeMart.Test, Version=1.0.0.0, Culture=neutral, PublicKeyToken=null" name="default_value_for_pay_type_is_hourly" />
    </UnitTest>
    <UnitTest name="linq_shorthand_is_equivalent_to_regular_syntax" storage="c:\users\kerner-m\documents\github\awesomemart\awesomemart\awesomemart.test\bin\debug\awesomemart.test.dll" id="7948a2ab-75da-b66f-01dc-cc0c50dd9b98">
      <Execution id="f8097dbe-2d6b-4d2d-9795-ac907cae3fa4" />
      <TestMethod codeBase="C:/Users/kerner-m/Documents/GitHub/AwesomeMart/AwesomeMart/AwesomeMart.Test/bin/Debug/AwesomeMart.Test.DLL" adapterTypeName="Microsoft.VisualStudio.TestTools.TestTypes.Unit.UnitTestAdapter, Microsoft.VisualStudio.QualityTools.Tips.UnitTest.Adapter, Version=10.0.0.0, Culture=neutral, PublicKeyToken=b03f5f7f11d50a3a" className="AwesomeMart.Test.Model.Employee_Test, AwesomeMart.Test, Version=1.0.0.0, Culture=neutral, PublicKeyToken=null" name="linq_shorthand_is_equivalent_to_regular_syntax" />
    </UnitTest>
    <UnitTest name="pay_rate_cant_be_negative" storage="c:\users\kerner-m\documents\github\awesomemart\awesomemart\awesomemart.test\bin\debug\awesomemart.test.dll" id="492926e9-0840-f02c-f7b4-b90f733c4f50">
      <Execution id="3c465ad7-3a78-4389-9124-cd2b5ff19b42" />
      <TestMethod codeBase="C:/Users/kerner-m/Documents/GitHub/AwesomeMart/AwesomeMart/AwesomeMart.Test/bin/Debug/AwesomeMart.Test.DLL" adapterTypeName="Microsoft.VisualStudio.TestTools.TestTypes.Unit.UnitTestAdapter, Microsoft.VisualStudio.QualityTools.Tips.UnitTest.Adapter, Version=10.0.0.0, Culture=neutral, PublicKeyToken=b03f5f7f11d50a3a" className="AwesomeMart.Test.Model.Employee_Test, AwesomeMart.Test, Version=1.0.0.0, Culture=neutral, PublicKeyToken=null" name="pay_rate_cant_be_negative" />
    </UnitTest>
    <UnitTest name="can_have_more_than_one_product_in_sale" storage="c:\users\kerner-m\documents\github\awesomemart\awesomemart\awesomemart.test\bin\debug\awesomemart.test.dll" id="25e07621-69c6-eba1-3e42-eb19005502df">
      <Execution id="178e60a8-a45f-4cbb-b883-853da6ea012b" />
      <TestMethod codeBase="C:/Users/kerner-m/Documents/GitHub/AwesomeMart/AwesomeMart/AwesomeMart.Test/bin/Debug/AwesomeMart.Test.DLL" adapterTypeName="Microsoft.VisualStudio.TestTools.TestTypes.Unit.UnitTestAdapter, Microsoft.VisualStudio.QualityTools.Tips.UnitTest.Adapter, Version=10.0.0.0, Culture=neutral, PublicKeyToken=b03f5f7f11d50a3a" className="AwesomeMart.Test.Model.Sale_Test, AwesomeMart.Test, Version=1.0.0.0, Culture=neutral, PublicKeyToken=null" name="can_have_more_than_one_product_in_sale" />
    </UnitTest>
    <UnitTest name="relationships_work_between_sales_and_employees" storage="c:\users\kerner-m\documents\github\awesomemart\awesomemart\awesomemart.test\bin\debug\awesomemart.test.dll" id="8edd6437-f89d-5258-0bc8-730c57fc8d24">
      <Execution id="98796d51-7cfd-41e8-9ef2-54773dfe820a" />
      <TestMethod codeBase="C:/Users/kerner-m/Documents/GitHub/AwesomeMart/AwesomeMart/AwesomeMart.Test/bin/Debug/AwesomeMart.Test.DLL" adapterTypeName="Microsoft.VisualStudio.TestTools.TestTypes.Unit.UnitTestAdapter, Microsoft.VisualStudio.QualityTools.Tips.UnitTest.Adapter, Version=10.0.0.0, Culture=neutral, PublicKeyToken=b03f5f7f11d50a3a" className="AwesomeMart.Test.Model.Sale_Test, AwesomeMart.Test, Version=1.0.0.0, Culture=neutral, PublicKeyToken=null" name="relationships_work_between_sales_and_employees" />
    </UnitTest>
    <UnitTest name="can_enter_sale" storage="c:\users\kerner-m\documents\github\awesomemart\awesomemart\awesomemart.test\bin\debug\awesomemart.test.dll" id="23156d09-9880-eee1-5655-94cfcbb1914a">
      <Execution id="4b0a76f3-a7a0-432c-b488-ededdd85af2b" />
      <TestMethod codeBase="C:/Users/kerner-m/Documents/GitHub/AwesomeMart/AwesomeMart/AwesomeMart.Test/bin/Debug/AwesomeMart.Test.DLL" adapterTypeName="Microsoft.VisualStudio.TestTools.TestTypes.Unit.UnitTestAdapter, Microsoft.VisualStudio.QualityTools.Tips.UnitTest.Adapter, Version=10.0.0.0, Culture=neutral, PublicKeyToken=b03f5f7f11d50a3a" className="AwesomeMart.Test.Model.Sale_Test, AwesomeMart.Test, Version=1.0.0.0, Culture=neutral, PublicKeyToken=null" name="can_enter_sale" />
    </UnitTest>
    <UnitTest name="default_value_for_position_is_null" storage="c:\users\kerner-m\documents\github\awesomemart\awesomemart\awesomemart.test\bin\debug\awesomemart.test.dll" id="d7c04fbe-7743-bb05-94f9-69ebbf46de8f">
      <Execution id="37afa38c-b30b-4ccc-94b0-b62ff591b9b4" />
      <TestMethod codeBase="C:/Users/kerner-m/Documents/GitHub/AwesomeMart/AwesomeMart/AwesomeMart.Test/bin/Debug/AwesomeMart.Test.DLL" adapterTypeName="Microsoft.VisualStudio.TestTools.TestTypes.Unit.UnitTestAdapter, Microsoft.VisualStudio.QualityTools.Tips.UnitTest.Adapter, Version=10.0.0.0, Culture=neutral, PublicKeyToken=b03f5f7f11d50a3a" className="AwesomeMart.Test.Model.Employee_Test, AwesomeMart.Test, Version=1.0.0.0, Culture=neutral, PublicKeyToken=null" name="default_value_for_position_is_null" />
    </UnitTest>
    <UnitTest name="can_add_new_employee" storage="c:\users\kerner-m\documents\github\awesomemart\awesomemart\awesomemart.test\bin\debug\awesomemart.test.dll" id="937886fc-50f1-96f2-137f-12f0beea6931">
      <Execution id="e920fe22-7e29-4988-925e-7203da1106eb" />
      <TestMethod codeBase="C:/Users/kerner-m/Documents/GitHub/AwesomeMart/AwesomeMart/AwesomeMart.Test/bin/Debug/AwesomeMart.Test.DLL" adapterTypeName="Microsoft.VisualStudio.TestTools.TestTypes.Unit.UnitTestAdapter, Microsoft.VisualStudio.QualityTools.Tips.UnitTest.Adapter, Version=10.0.0.0, Culture=neutral, PublicKeyToken=b03f5f7f11d50a3a" className="AwesomeMart.Test.Model.Employee_Test, AwesomeMart.Test, Version=1.0.0.0, Culture=neutral, PublicKeyToken=null" name="can_add_new_employee" />
    </UnitTest>
    <UnitTest name="can_retrieve_employee" storage="c:\users\kerner-m\documents\github\awesomemart\awesomemart\awesomemart.test\bin\debug\awesomemart.test.dll" id="637ca211-9ce2-7473-7d49-6124301dbf38">
      <Execution id="508b4c70-5b2a-4c30-9dd6-e1abc58af8f1" />
      <TestMethod codeBase="C:/Users/kerner-m/Documents/GitHub/AwesomeMart/AwesomeMart/AwesomeMart.Test/bin/Debug/AwesomeMart.Test.DLL" adapterTypeName="Microsoft.VisualStudio.TestTools.TestTypes.Unit.UnitTestAdapter, Microsoft.VisualStudio.QualityTools.Tips.UnitTest.Adapter, Version=10.0.0.0, Culture=neutral, PublicKeyToken=b03f5f7f11d50a3a" className="AwesomeMart.Test.Model.Employee_Test, AwesomeMart.Test, Version=1.0.0.0, Culture=neutral, PublicKeyToken=null" name="can_retrieve_employee" />
    </UnitTest>
    <UnitTest name="pay_type_is_able_to_be_changed" storage="c:\users\kerner-m\documents\github\awesomemart\awesomemart\awesomemart.test\bin\debug\awesomemart.test.dll" id="64b1c73e-cbd6-9f2f-f8b0-fe4804f3ee4f">
      <Execution id="952f8d8b-48c2-4873-8b90-984bf6c505e2" />
      <TestMethod codeBase="C:/Users/kerner-m/Documents/GitHub/AwesomeMart/AwesomeMart/AwesomeMart.Test/bin/Debug/AwesomeMart.Test.DLL" adapterTypeName="Microsoft.VisualStudio.TestTools.TestTypes.Unit.UnitTestAdapter, Microsoft.VisualStudio.QualityTools.Tips.UnitTest.Adapter, Version=10.0.0.0, Culture=neutral, PublicKeyToken=b03f5f7f11d50a3a" className="AwesomeMart.Test.Model.Employee_Test, AwesomeMart.Test, Version=1.0.0.0, Culture=neutral, PublicKeyToken=null" name="pay_type_is_able_to_be_changed" />
    </UnitTest>
    <UnitTest name="can_delete_employee" storage="c:\users\kerner-m\documents\github\awesomemart\awesomemart\awesomemart.test\bin\debug\awesomemart.test.dll" id="19d8dede-1a91-62cf-015c-c3c0f4e96b93">
      <Execution id="14f5a0b1-8eaf-4184-b112-db0a8f722e34" />
      <TestMethod codeBase="C:/Users/kerner-m/Documents/GitHub/AwesomeMart/AwesomeMart/AwesomeMart.Test/bin/Debug/AwesomeMart.Test.DLL" adapterTypeName="Microsoft.VisualStudio.TestTools.TestTypes.Unit.UnitTestAdapter, Microsoft.VisualStudio.QualityTools.Tips.UnitTest.Adapter, Version=10.0.0.0, Culture=neutral, PublicKeyToken=b03f5f7f11d50a3a" className="AwesomeMart.Test.Model.Employee_Test, AwesomeMart.Test, Version=1.0.0.0, Culture=neutral, PublicKeyToken=null" name="can_delete_employee" />
    </UnitTest>
    <UnitTest name="can_check_for_validation_before_saving" storage="c:\users\kerner-m\documents\github\awesomemart\awesomemart\awesomemart.test\bin\debug\awesomemart.test.dll" id="e0371036-8b9a-f916-a7da-ca40b074839f">
      <Execution id="aa9bfe17-925e-44ce-84d6-b8752402fa61" />
      <TestMethod codeBase="C:/Users/kerner-m/Documents/GitHub/AwesomeMart/AwesomeMart/AwesomeMart.Test/bin/Debug/AwesomeMart.Test.DLL" adapterTypeName="Microsoft.VisualStudio.TestTools.TestTypes.Unit.UnitTestAdapter, Microsoft.VisualStudio.QualityTools.Tips.UnitTest.Adapter, Version=10.0.0.0, Culture=neutral, PublicKeyToken=b03f5f7f11d50a3a" className="AwesomeMart.Test.Model.Employee_Test, AwesomeMart.Test, Version=1.0.0.0, Culture=neutral, PublicKeyToken=null" name="can_check_for_validation_before_saving" />
    </UnitTest>
    <UnitTest name="can_edit_employee" storage="c:\users\kerner-m\documents\github\awesomemart\awesomemart\awesomemart.test\bin\debug\awesomemart.test.dll" id="7e89b305-8675-3aed-4c84-f356b475469a">
      <Execution id="c455f08b-74b6-407d-b0e7-755e4de0fc0d" />
      <TestMethod codeBase="C:/Users/kerner-m/Documents/GitHub/AwesomeMart/AwesomeMart/AwesomeMart.Test/bin/Debug/AwesomeMart.Test.DLL" adapterTypeName="Microsoft.VisualStudio.TestTools.TestTypes.Unit.UnitTestAdapter, Microsoft.VisualStudio.QualityTools.Tips.UnitTest.Adapter, Version=10.0.0.0, Culture=neutral, PublicKeyToken=b03f5f7f11d50a3a" className="AwesomeMart.Test.Model.Employee_Test, AwesomeMart.Test, Version=1.0.0.0, Culture=neutral, PublicKeyToken=null" name="can_edit_employee" />
    </UnitTest>
    <UnitTest name="default_value_for_pay_rate_is_zero" storage="c:\users\kerner-m\documents\github\awesomemart\awesomemart\awesomemart.test\bin\debug\awesomemart.test.dll" id="190ade80-aa7a-0241-1baf-701b223668fe">
      <Execution id="2d2b2dc4-40e7-4251-931b-7589b0c258a8" />
      <TestMethod codeBase="C:/Users/kerner-m/Documents/GitHub/AwesomeMart/AwesomeMart/AwesomeMart.Test/bin/Debug/AwesomeMart.Test.DLL" adapterTypeName="Microsoft.VisualStudio.TestTools.TestTypes.Unit.UnitTestAdapter, Microsoft.VisualStudio.QualityTools.Tips.UnitTest.Adapter, Version=10.0.0.0, Culture=neutral, PublicKeyToken=b03f5f7f11d50a3a" className="AwesomeMart.Test.Model.Employee_Test, AwesomeMart.Test, Version=1.0.0.0, Culture=neutral, PublicKeyToken=null" name="default_value_for_pay_rate_is_zero" />
    </UnitTest>
    <UnitTest name="pay_rate_cant_be_more_than_5000000000" storage="c:\users\kerner-m\documents\github\awesomemart\awesomemart\awesomemart.test\bin\debug\awesomemart.test.dll" id="ff8df26d-cfd2-ee2a-0027-fc09a963f201">
      <Execution id="28b4d3fe-756e-45f5-89e0-9577a3b86100" />
      <TestMethod codeBase="C:/Users/kerner-m/Documents/GitHub/AwesomeMart/AwesomeMart/AwesomeMart.Test/bin/Debug/AwesomeMart.Test.DLL" adapterTypeName="Microsoft.VisualStudio.TestTools.TestTypes.Unit.UnitTestAdapter, Microsoft.VisualStudio.QualityTools.Tips.UnitTest.Adapter, Version=10.0.0.0, Culture=neutral, PublicKeyToken=b03f5f7f11d50a3a" className="AwesomeMart.Test.Model.Employee_Test, AwesomeMart.Test, Version=1.0.0.0, Culture=neutral, PublicKeyToken=null" name="pay_rate_cant_be_more_than_5000000000" />
    </UnitTest>
    <UnitTest name="id_field_is_updated_locally_when_the_context_is_saved" storage="c:\users\kerner-m\documents\github\awesomemart\awesomemart\awesomemart.test\bin\debug\awesomemart.test.dll" id="3c10e73d-4da6-0220-9d85-4f94384ad704">
      <Execution id="7d90afa1-1b0d-45f8-94e1-51ecb390c79e" />
      <TestMethod codeBase="C:/Users/kerner-m/Documents/GitHub/AwesomeMart/AwesomeMart/AwesomeMart.Test/bin/Debug/AwesomeMart.Test.DLL" adapterTypeName="Microsoft.VisualStudio.TestTools.TestTypes.Unit.UnitTestAdapter, Microsoft.VisualStudio.QualityTools.Tips.UnitTest.Adapter, Version=10.0.0.0, Culture=neutral, PublicKeyToken=b03f5f7f11d50a3a" className="AwesomeMart.Test.Model.Employee_Test, AwesomeMart.Test, Version=1.0.0.0, Culture=neutral, PublicKeyToken=null" name="id_field_is_updated_locally_when_the_context_is_saved" />
    </UnitTest>
    <UnitTest name="pay_rate_can_be_0" storage="c:\users\kerner-m\documents\github\awesomemart\awesomemart\awesomemart.test\bin\debug\awesomemart.test.dll" id="50016594-dfeb-0321-044f-2714ce910c7a">
      <Execution id="172b3030-6c65-425b-8490-64b8ab604a7b" />
      <TestMethod codeBase="C:/Users/kerner-m/Documents/GitHub/AwesomeMart/AwesomeMart/AwesomeMart.Test/bin/Debug/AwesomeMart.Test.DLL" adapterTypeName="Microsoft.VisualStudio.TestTools.TestTypes.Unit.UnitTestAdapter, Microsoft.VisualStudio.QualityTools.Tips.UnitTest.Adapter, Version=10.0.0.0, Culture=neutral, PublicKeyToken=b03f5f7f11d50a3a" className="AwesomeMart.Test.Model.Employee_Test, AwesomeMart.Test, Version=1.0.0.0, Culture=neutral, PublicKeyToken=null" name="pay_rate_can_be_0" />
    </UnitTest>
    <UnitTest name="pay_rate_can_be_5000000000" storage="c:\users\kerner-m\documents\github\awesomemart\awesomemart\awesomemart.test\bin\debug\awesomemart.test.dll" id="493c682a-ac29-c76e-bbbb-178d91201411">
      <Execution id="fac39dc6-19f4-4bcd-a2bb-2c895223461d" />
      <TestMethod codeBase="C:/Users/kerner-m/Documents/GitHub/AwesomeMart/AwesomeMart/AwesomeMart.Test/bin/Debug/AwesomeMart.Test.DLL" adapterTypeName="Microsoft.VisualStudio.TestTools.TestTypes.Unit.UnitTestAdapter, Microsoft.VisualStudio.QualityTools.Tips.UnitTest.Adapter, Version=10.0.0.0, Culture=neutral, PublicKeyToken=b03f5f7f11d50a3a" className="AwesomeMart.Test.Model.Employee_Test, AwesomeMart.Test, Version=1.0.0.0, Culture=neutral, PublicKeyToken=null" name="pay_rate_can_be_5000000000" />
    </UnitTest>
    <UnitTest name="default_value_for_start_date_is_null" storage="c:\users\kerner-m\documents\github\awesomemart\awesomemart\awesomemart.test\bin\debug\awesomemart.test.dll" id="7ba9dac2-7723-9839-8900-7d8d62e34f38">
      <Execution id="4a4e9064-272c-420c-9604-42cecfbee1c8" />
      <TestMethod codeBase="C:/Users/kerner-m/Documents/GitHub/AwesomeMart/AwesomeMart/AwesomeMart.Test/bin/Debug/AwesomeMart.Test.DLL" adapterTypeName="Microsoft.VisualStudio.TestTools.TestTypes.Unit.UnitTestAdapter, Microsoft.VisualStudio.QualityTools.Tips.UnitTest.Adapter, Version=10.0.0.0, Culture=neutral, PublicKeyToken=b03f5f7f11d50a3a" className="AwesomeMart.Test.Model.Employee_Test, AwesomeMart.Test, Version=1.0.0.0, Culture=neutral, PublicKeyToken=null" name="default_value_for_start_date_is_null" />
    </UnitTest>
  </TestDefinitions>
  <TestLists>
    <TestList name="Results Not in a List" id="8c84fa94-04c1-424b-9868-57a2d4851a1d" />
    <TestList name="All Loaded Results" id="19431567-8539-422a-85d7-44ee4e166bda" />
  </TestLists>
  <TestEntries>
    <TestEntry testId="190ade80-aa7a-0241-1baf-701b223668fe" executionId="2d2b2dc4-40e7-4251-931b-7589b0c258a8" testListId="8c84fa94-04c1-424b-9868-57a2d4851a1d" />
    <TestEntry testId="19d8dede-1a91-62cf-015c-c3c0f4e96b93" executionId="14f5a0b1-8eaf-4184-b112-db0a8f722e34" testListId="8c84fa94-04c1-424b-9868-57a2d4851a1d" />
    <TestEntry testId="1de479d9-767f-0f2e-8696-ae1995c42fa6" executionId="8406d06f-6b0e-424b-8e16-1c8ccf07320f" testListId="8c84fa94-04c1-424b-9868-57a2d4851a1d" />
    <TestEntry testId="1faebceb-8451-a275-e86e-3b894760aa1e" executionId="7e48811d-4a5d-436e-96dc-ee2655f61b65" testListId="8c84fa94-04c1-424b-9868-57a2d4851a1d" />
    <TestEntry testId="23156d09-9880-eee1-5655-94cfcbb1914a" executionId="4b0a76f3-a7a0-432c-b488-ededdd85af2b" testListId="8c84fa94-04c1-424b-9868-57a2d4851a1d" />
    <TestEntry testId="25e07621-69c6-eba1-3e42-eb19005502df" executionId="178e60a8-a45f-4cbb-b883-853da6ea012b" testListId="8c84fa94-04c1-424b-9868-57a2d4851a1d" />
    <TestEntry testId="31afd779-579d-d7cd-63bf-667b03aa9167" executionId="0dd44954-88db-49ca-b1d0-f003e63172cd" testListId="8c84fa94-04c1-424b-9868-57a2d4851a1d" />
    <TestEntry testId="3c10e73d-4da6-0220-9d85-4f94384ad704" executionId="7d90afa1-1b0d-45f8-94e1-51ecb390c79e" testListId="8c84fa94-04c1-424b-9868-57a2d4851a1d" />
    <TestEntry testId="492926e9-0840-f02c-f7b4-b90f733c4f50" executionId="3c465ad7-3a78-4389-9124-cd2b5ff19b42" testListId="8c84fa94-04c1-424b-9868-57a2d4851a1d" />
    <TestEntry testId="493c682a-ac29-c76e-bbbb-178d91201411" executionId="fac39dc6-19f4-4bcd-a2bb-2c895223461d" testListId="8c84fa94-04c1-424b-9868-57a2d4851a1d" />
    <TestEntry testId="50016594-dfeb-0321-044f-2714ce910c7a" executionId="172b3030-6c65-425b-8490-64b8ab604a7b" testListId="8c84fa94-04c1-424b-9868-57a2d4851a1d" />
    <TestEntry testId="637ca211-9ce2-7473-7d49-6124301dbf38" executionId="508b4c70-5b2a-4c30-9dd6-e1abc58af8f1" testListId="8c84fa94-04c1-424b-9868-57a2d4851a1d" />
    <TestEntry testId="64b1c73e-cbd6-9f2f-f8b0-fe4804f3ee4f" executionId="952f8d8b-48c2-4873-8b90-984bf6c505e2" testListId="8c84fa94-04c1-424b-9868-57a2d4851a1d" />
    <TestEntry testId="7948a2ab-75da-b66f-01dc-cc0c50dd9b98" executionId="f8097dbe-2d6b-4d2d-9795-ac907cae3fa4" testListId="8c84fa94-04c1-424b-9868-57a2d4851a1d" />
    <TestEntry testId="7ba9dac2-7723-9839-8900-7d8d62e34f38" executionId="4a4e9064-272c-420c-9604-42cecfbee1c8" testListId="8c84fa94-04c1-424b-9868-57a2d4851a1d" />
    <TestEntry testId="7e89b305-8675-3aed-4c84-f356b475469a" executionId="c455f08b-74b6-407d-b0e7-755e4de0fc0d" testListId="8c84fa94-04c1-424b-9868-57a2d4851a1d" />
    <TestEntry testId="8edd6437-f89d-5258-0bc8-730c57fc8d24" executionId="98796d51-7cfd-41e8-9ef2-54773dfe820a" testListId="8c84fa94-04c1-424b-9868-57a2d4851a1d" />
    <TestEntry testId="9010d12c-3f2d-3c6d-95a8-9b36449c2b43" executionId="9cd93da2-cf54-4a93-9b54-229af73b3d24" testListId="8c84fa94-04c1-424b-9868-57a2d4851a1d" />
    <TestEntry testId="937886fc-50f1-96f2-137f-12f0beea6931" executionId="e920fe22-7e29-4988-925e-7203da1106eb" testListId="8c84fa94-04c1-424b-9868-57a2d4851a1d" />
    <TestEntry testId="c2e768e2-9389-62d7-8919-0d56c84b6986" executionId="f4457561-4f53-40c9-aaa1-4537c65342f3" testListId="8c84fa94-04c1-424b-9868-57a2d4851a1d" />
    <TestEntry testId="d7c04fbe-7743-bb05-94f9-69ebbf46de8f" executionId="37afa38c-b30b-4ccc-94b0-b62ff591b9b4" testListId="8c84fa94-04c1-424b-9868-57a2d4851a1d" />
    <TestEntry testId="e0371036-8b9a-f916-a7da-ca40b074839f" executionId="aa9bfe17-925e-44ce-84d6-b8752402fa61" testListId="8c84fa94-04c1-424b-9868-57a2d4851a1d" />
    <TestEntry testId="ff8df26d-cfd2-ee2a-0027-fc09a963f201" executionId="28b4d3fe-756e-45f5-89e0-9577a3b86100" testListId="8c84fa94-04c1-424b-9868-57a2d4851a1d" />
  </TestEntries>
  <Results>
    <UnitTestResult executionId="2d2b2dc4-40e7-4251-931b-7589b0c258a8" testId="190ade80-aa7a-0241-1baf-701b223668fe" testName="default_value_for_pay_rate_is_zero" computerName="25KYJS1" duration="00:00:00.2385789" startTime="2013-01-30T16:29:21.7013763-08:00" endTime="2013-01-30T16:29:22.0643763-08:00" testType="13cdc9d9-ddb5-4fa4-a97d-d965ccfc6d4b" outcome="Failed" testListId="8c84fa94-04c1-424b-9868-57a2d4851a1d" relativeResultsDirectory="2d2b2dc4-40e7-4251-931b-7589b0c258a8">
      <Output>
        <ErrorInfo>
          <Message>Test method AwesomeMart.Test.Model.Employee_Test.default_value_for_pay_rate_is_zero threw exception: 
System.Data.Entity.ModelConfiguration.ModelValidationException: One or more validation errors were detected during model generation:

\tSystem.Data.Entity.Edm.EdmEntityType: : EntityType 'Product' has no key defined. Define the key for this EntityType.
\tSystem.Data.Entity.Edm.EdmEntitySet: EntityType: EntitySet 'Products' is based on type 'Product' that has no keys defined.
</Message>
          <StackTrace>    at System.Data.Entity.ModelConfiguration.Edm.EdmModelExtensions.ValidateAndSerializeCsdl(EdmModel model, XmlWriter writer)
   at System.Data.Entity.DbModelBuilder.Build(DbProviderManifest providerManifest, DbProviderInfo providerInfo)
   at System.Data.Entity.DbModelBuilder.Build(DbConnection providerConnection)
   at System.Data.Entity.Internal.LazyInternalContext.CreateModel(LazyInternalContext internalContext)
   at System.Data.Entity.Internal.RetryLazy`2.GetValue(TInput input)
   at System.Data.Entity.Internal.LazyInternalContext.InitializeContext()
   at System.Data.Entity.Internal.InternalContext.CreateObjectContextForDdlOps()
   at System.Data.Entity.Database.Delete()
   at AwesomeMart.Test.DbInitializer.get_EmptyAwesomeMartDbContext() in C:\Users\kerner-m\Documents\GitHub\AwesomeMart\AwesomeMart\AwesomeMart.Test\DbInitializer.cs:line 19
   at AwesomeMart.Test.Model.Employee_Test.default_value_for_pay_rate_is_zero() in C:\Users\kerner-m\Documents\GitHub\AwesomeMart\AwesomeMart\AwesomeMart.Test\Model\Employee_Test.cs:line 110
</StackTrace>
        </ErrorInfo>
      </Output>
    </UnitTestResult>
    <UnitTestResult executionId="14f5a0b1-8eaf-4184-b112-db0a8f722e34" testId="19d8dede-1a91-62cf-015c-c3c0f4e96b93" testName="can_delete_employee" computerName="25KYJS1" duration="00:00:00.0108173" startTime="2013-01-30T16:29:22.0653763-08:00" endTime="2013-01-30T16:29:22.0793763-08:00" testType="13cdc9d9-ddb5-4fa4-a97d-d965ccfc6d4b" outcome="Failed" testListId="8c84fa94-04c1-424b-9868-57a2d4851a1d" relativeResultsDirectory="14f5a0b1-8eaf-4184-b112-db0a8f722e34">
      <Output>
        <ErrorInfo>
          <Message>Test method AwesomeMart.Test.Model.Employee_Test.can_delete_employee threw exception: 
System.Data.Entity.ModelConfiguration.ModelValidationException: One or more validation errors were detected during model generation:

\tSystem.Data.Entity.Edm.EdmEntityType: : EntityType 'Product' has no key defined. Define the key for this EntityType.
\tSystem.Data.Entity.Edm.EdmEntitySet: EntityType: EntitySet 'Products' is based on type 'Product' that has no keys defined.
</Message>
          <StackTrace>    at System.Data.Entity.ModelConfiguration.Edm.EdmModelExtensions.ValidateAndSerializeCsdl(EdmModel model, XmlWriter writer)
   at System.Data.Entity.DbModelBuilder.Build(DbProviderManifest providerManifest, DbProviderInfo providerInfo)
   at System.Data.Entity.DbModelBuilder.Build(DbConnection providerConnection)
   at System.Data.Entity.Internal.LazyInternalContext.CreateModel(LazyInternalContext internalContext)
   at System.Data.Entity.Internal.RetryLazy`2.GetValue(TInput input)
   at System.Data.Entity.Internal.LazyInternalContext.InitializeContext()
   at System.Data.Entity.Internal.InternalContext.CreateObjectContextForDdlOps()
   at System.Data.Entity.Database.Delete()
   at AwesomeMart.Test.DbInitializer.get_EmptyAwesomeMartDbContext() in C:\Users\kerner-m\Documents\GitHub\AwesomeMart\AwesomeMart\AwesomeMart.Test\DbInitializer.cs:line 19
   at AwesomeMart.Test.DbInitializer.get_SeededAwesomeMartDbContext() in C:\Users\kerner-m\Documents\GitHub\AwesomeMart\AwesomeMart\AwesomeMart.Test\DbInitializer.cs:line 29
   at AwesomeMart.Test.Model.Employee_Test.can_delete_employee() in C:\Users\kerner-m\Documents\GitHub\AwesomeMart\AwesomeMart\AwesomeMart.Test\Model\Employee_Test.cs:line 78
</StackTrace>
        </ErrorInfo>
      </Output>
    </UnitTestResult>
    <UnitTestResult executionId="8406d06f-6b0e-424b-8e16-1c8ccf07320f" testId="1de479d9-767f-0f2e-8696-ae1995c42fa6" testName="can_get_validation_message_from_annotation" computerName="25KYJS1" duration="00:00:00.0103183" startTime="2013-01-30T16:29:22.0803763-08:00" endTime="2013-01-30T16:29:22.0923763-08:00" testType="13cdc9d9-ddb5-4fa4-a97d-d965ccfc6d4b" outcome="Failed" testListId="8c84fa94-04c1-424b-9868-57a2d4851a1d" relativeResultsDirectory="8406d06f-6b0e-424b-8e16-1c8ccf07320f">
      <Output>
        <ErrorInfo>
          <Message>Test method AwesomeMart.Test.Model.Employee_Test.can_get_validation_message_from_annotation threw exception: 
System.Data.Entity.ModelConfiguration.ModelValidationException: One or more validation errors were detected during model generation:

\tSystem.Data.Entity.Edm.EdmEntityType: : EntityType 'Product' has no key defined. Define the key for this EntityType.
\tSystem.Data.Entity.Edm.EdmEntitySet: EntityType: EntitySet 'Products' is based on type 'Product' that has no keys defined.
</Message>
          <StackTrace>    at System.Data.Entity.ModelConfiguration.Edm.EdmModelExtensions.ValidateAndSerializeCsdl(EdmModel model, XmlWriter writer)
   at System.Data.Entity.DbModelBuilder.Build(DbProviderManifest providerManifest, DbProviderInfo providerInfo)
   at System.Data.Entity.DbModelBuilder.Build(DbConnection providerConnection)
   at System.Data.Entity.Internal.LazyInternalContext.CreateModel(LazyInternalContext internalContext)
   at System.Data.Entity.Internal.RetryLazy`2.GetValue(TInput input)
   at System.Data.Entity.Internal.LazyInternalContext.InitializeContext()
   at System.Data.Entity.Internal.InternalContext.CreateObjectContextForDdlOps()
   at System.Data.Entity.Database.Delete()
   at AwesomeMart.Test.DbInitializer.get_EmptyAwesomeMartDbContext() in C:\Users\kerner-m\Documents\GitHub\AwesomeMart\AwesomeMart\AwesomeMart.Test\DbInitializer.cs:line 19
   at AwesomeMart.Test.Model.Employee_Test.can_get_validation_message_from_annotation() in C:\Users\kerner-m\Documents\GitHub\AwesomeMart\AwesomeMart\AwesomeMart.Test\Model\Employee_Test.cs:line 289
</StackTrace>
        </ErrorInfo>
      </Output>
    </UnitTestResult>
    <UnitTestResult executionId="7e48811d-4a5d-436e-96dc-ee2655f61b65" testId="1faebceb-8451-a275-e86e-3b894760aa1e" testName="default_value_for_pay_type_is_hourly" computerName="25KYJS1" duration="00:00:00.0103207" startTime="2013-01-30T16:29:22.0943763-08:00" endTime="2013-01-30T16:29:22.1063763-08:00" testType="13cdc9d9-ddb5-4fa4-a97d-d965ccfc6d4b" outcome="Failed" testListId="8c84fa94-04c1-424b-9868-57a2d4851a1d" relativeResultsDirectory="7e48811d-4a5d-436e-96dc-ee2655f61b65">
      <Output>
        <ErrorInfo>
          <Message>Test method AwesomeMart.Test.Model.Employee_Test.default_value_for_pay_type_is_hourly threw exception: 
System.Data.Entity.ModelConfiguration.ModelValidationException: One or more validation errors were detected during model generation:

\tSystem.Data.Entity.Edm.EdmEntityType: : EntityType 'Product' has no key defined. Define the key for this EntityType.
\tSystem.Data.Entity.Edm.EdmEntitySet: EntityType: EntitySet 'Products' is based on type 'Product' that has no keys defined.
</Message>
          <StackTrace>    at System.Data.Entity.ModelConfiguration.Edm.EdmModelExtensions.ValidateAndSerializeCsdl(EdmModel model, XmlWriter writer)
   at System.Data.Entity.DbModelBuilder.Build(DbProviderManifest providerManifest, DbProviderInfo providerInfo)
   at System.Data.Entity.DbModelBuilder.Build(DbConnection providerConnection)
   at System.Data.Entity.Internal.LazyInternalContext.CreateModel(LazyInternalContext internalContext)
   at System.Data.Entity.Internal.RetryLazy`2.GetValue(TInput input)
   at System.Data.Entity.Internal.LazyInternalContext.InitializeContext()
   at System.Data.Entity.Internal.InternalContext.CreateObjectContextForDdlOps()
   at System.Data.Entity.Database.Delete()
   at AwesomeMart.Test.DbInitializer.get_EmptyAwesomeMartDbContext() in C:\Users\kerner-m\Documents\GitHub\AwesomeMart\AwesomeMart\AwesomeMart.Test\DbInitializer.cs:line 19
   at AwesomeMart.Test.Model.Employee_Test.default_value_for_pay_type_is_hourly() in C:\Users\kerner-m\Documents\GitHub\AwesomeMart\AwesomeMart\AwesomeMart.Test\Model\Employee_Test.cs:line 133
</StackTrace>
        </ErrorInfo>
      </Output>
    </UnitTestResult>
    <UnitTestResult executionId="4b0a76f3-a7a0-432c-b488-ededdd85af2b" testId="23156d09-9880-eee1-5655-94cfcbb1914a" testName="can_enter_sale" computerName="25KYJS1" duration="00:00:00.0112272" startTime="2013-01-30T16:29:22.1073763-08:00" endTime="2013-01-30T16:29:22.1203763-08:00" testType="13cdc9d9-ddb5-4fa4-a97d-d965ccfc6d4b" outcome="Failed" testListId="8c84fa94-04c1-424b-9868-57a2d4851a1d" relativeResultsDirectory="4b0a76f3-a7a0-432c-b488-ededdd85af2b">
      <Output>
        <ErrorInfo>
          <Message>Test method AwesomeMart.Test.Model.Sale_Test.can_enter_sale threw exception: 
System.Data.Entity.ModelConfiguration.ModelValidationException: One or more validation errors were detected during model generation:

\tSystem.Data.Entity.Edm.EdmEntityType: : EntityType 'Product' has no key defined. Define the key for this EntityType.
\tSystem.Data.Entity.Edm.EdmEntitySet: EntityType: EntitySet 'Products' is based on type 'Product' that has no keys defined.
</Message>
          <StackTrace>    at System.Data.Entity.ModelConfiguration.Edm.EdmModelExtensions.ValidateAndSerializeCsdl(EdmModel model, XmlWriter writer)
   at System.Data.Entity.DbModelBuilder.Build(DbProviderManifest providerManifest, DbProviderInfo providerInfo)
   at System.Data.Entity.DbModelBuilder.Build(DbConnection providerConnection)
   at System.Data.Entity.Internal.LazyInternalContext.CreateModel(LazyInternalContext internalContext)
   at System.Data.Entity.Internal.RetryLazy`2.GetValue(TInput input)
   at System.Data.Entity.Internal.LazyInternalContext.InitializeContext()
   at System.Data.Entity.Internal.InternalContext.CreateObjectContextForDdlOps()
   at System.Data.Entity.Database.Delete()
   at AwesomeMart.Test.DbInitializer.get_EmptyAwesomeMartDbContext() in C:\Users\kerner-m\Documents\GitHub\AwesomeMart\AwesomeMart\AwesomeMart.Test\DbInitializer.cs:line 19
   at AwesomeMart.Test.DbInitializer.get_SeededAwesomeMartDbContext() in C:\Users\kerner-m\Documents\GitHub\AwesomeMart\AwesomeMart\AwesomeMart.Test\DbInitializer.cs:line 29
   at AwesomeMart.Test.Model.Sale_Test.can_enter_sale() in C:\Users\kerner-m\Documents\GitHub\AwesomeMart\AwesomeMart\AwesomeMart.Test\Model\Sale_Test.cs:line 17
</StackTrace>
        </ErrorInfo>
      </Output>
    </UnitTestResult>
    <UnitTestResult executionId="178e60a8-a45f-4cbb-b883-853da6ea012b" testId="25e07621-69c6-eba1-3e42-eb19005502df" testName="can_have_more_than_one_product_in_sale" computerName="25KYJS1" duration="00:00:00.0108245" startTime="2013-01-30T16:29:22.1223763-08:00" endTime="2013-01-30T16:29:22.1343763-08:00" testType="13cdc9d9-ddb5-4fa4-a97d-d965ccfc6d4b" outcome="Failed" testListId="8c84fa94-04c1-424b-9868-57a2d4851a1d" relativeResultsDirectory="178e60a8-a45f-4cbb-b883-853da6ea012b">
      <Output>
        <ErrorInfo>
          <Message>Test method AwesomeMart.Test.Model.Sale_Test.can_have_more_than_one_product_in_sale threw exception: 
System.Data.Entity.ModelConfiguration.ModelValidationException: One or more validation errors were detected during model generation:

\tSystem.Data.Entity.Edm.EdmEntityType: : EntityType 'Product' has no key defined. Define the key for this EntityType.
\tSystem.Data.Entity.Edm.EdmEntitySet: EntityType: EntitySet 'Products' is based on type 'Product' that has no keys defined.
</Message>
          <StackTrace>    at System.Data.Entity.ModelConfiguration.Edm.EdmModelExtensions.ValidateAndSerializeCsdl(EdmModel model, XmlWriter writer)
   at System.Data.Entity.DbModelBuilder.Build(DbProviderManifest providerManifest, DbProviderInfo providerInfo)
   at System.Data.Entity.DbModelBuilder.Build(DbConnection providerConnection)
   at System.Data.Entity.Internal.LazyInternalContext.CreateModel(LazyInternalContext internalContext)
   at System.Data.Entity.Internal.RetryLazy`2.GetValue(TInput input)
   at System.Data.Entity.Internal.LazyInternalContext.InitializeContext()
   at System.Data.Entity.Internal.InternalContext.CreateObjectContextForDdlOps()
   at System.Data.Entity.Database.Delete()
   at AwesomeMart.Test.DbInitializer.get_EmptyAwesomeMartDbContext() in C:\Users\kerner-m\Documents\GitHub\AwesomeMart\AwesomeMart\AwesomeMart.Test\DbInitializer.cs:line 19
   at AwesomeMart.Test.DbInitializer.get_SeededAwesomeMartDbContext() in C:\Users\kerner-m\Documents\GitHub\AwesomeMart\AwesomeMart\AwesomeMart.Test\DbInitializer.cs:line 29
   at AwesomeMart.Test.Model.Sale_Test.can_have_more_than_one_product_in_sale() in C:\Users\kerner-m\Documents\GitHub\AwesomeMart\AwesomeMart\AwesomeMart.Test\Model\Sale_Test.cs:line 42
</StackTrace>
        </ErrorInfo>
      </Output>
    </UnitTestResult>
    <UnitTestResult executionId="0dd44954-88db-49ca-b1d0-f003e63172cd" testId="31afd779-579d-d7cd-63bf-667b03aa9167" testName="can_get_invalid_entity" computerName="25KYJS1" duration="00:00:00.0101933" startTime="2013-01-30T16:29:22.1363763-08:00" endTime="2013-01-30T16:29:22.1483763-08:00" testType="13cdc9d9-ddb5-4fa4-a97d-d965ccfc6d4b" outcome="Failed" testListId="8c84fa94-04c1-424b-9868-57a2d4851a1d" relativeResultsDirectory="0dd44954-88db-49ca-b1d0-f003e63172cd">
      <Output>
        <ErrorInfo>
          <Message>Test method AwesomeMart.Test.Model.Employee_Test.can_get_invalid_entity threw exception: 
System.Data.Entity.ModelConfiguration.ModelValidationException: One or more validation errors were detected during model generation:

\tSystem.Data.Entity.Edm.EdmEntityType: : EntityType 'Product' has no key defined. Define the key for this EntityType.
\tSystem.Data.Entity.Edm.EdmEntitySet: EntityType: EntitySet 'Products' is based on type 'Product' that has no keys defined.
</Message>
          <StackTrace>    at System.Data.Entity.ModelConfiguration.Edm.EdmModelExtensions.ValidateAndSerializeCsdl(EdmModel model, XmlWriter writer)
   at System.Data.Entity.DbModelBuilder.Build(DbProviderManifest providerManifest, DbProviderInfo providerInfo)
   at System.Data.Entity.DbModelBuilder.Build(DbConnection providerConnection)
   at System.Data.Entity.Internal.LazyInternalContext.CreateModel(LazyInternalContext internalContext)
   at System.Data.Entity.Internal.RetryLazy`2.GetValue(TInput input)
   at System.Data.Entity.Internal.LazyInternalContext.InitializeContext()
   at System.Data.Entity.Internal.InternalContext.CreateObjectContextForDdlOps()
   at System.Data.Entity.Database.Delete()
   at AwesomeMart.Test.DbInitializer.get_EmptyAwesomeMartDbContext() in C:\Users\kerner-m\Documents\GitHub\AwesomeMart\AwesomeMart\AwesomeMart.Test\DbInitializer.cs:line 19
   at AwesomeMart.Test.Model.Employee_Test.can_get_invalid_entity() in C:\Users\kerner-m\Documents\GitHub\AwesomeMart\AwesomeMart\AwesomeMart.Test\Model\Employee_Test.cs:line 331
</StackTrace>
        </ErrorInfo>
      </Output>
    </UnitTestResult>
    <UnitTestResult executionId="7d90afa1-1b0d-45f8-94e1-51ecb390c79e" testId="3c10e73d-4da6-0220-9d85-4f94384ad704" testName="id_field_is_updated_locally_when_the_context_is_saved" computerName="25KYJS1" duration="00:00:00.0097961" startTime="2013-01-30T16:29:22.1503763-08:00" endTime="2013-01-30T16:29:22.1613763-08:00" testType="13cdc9d9-ddb5-4fa4-a97d-d965ccfc6d4b" outcome="Failed" testListId="8c84fa94-04c1-424b-9868-57a2d4851a1d" relativeResultsDirectory="7d90afa1-1b0d-45f8-94e1-51ecb390c79e">
      <Output>
        <ErrorInfo>
          <Message>Test method AwesomeMart.Test.Model.Employee_Test.id_field_is_updated_locally_when_the_context_is_saved threw exception: 
System.Data.Entity.ModelConfiguration.ModelValidationException: One or more validation errors were detected during model generation:

\tSystem.Data.Entity.Edm.EdmEntityType: : EntityType 'Product' has no key defined. Define the key for this EntityType.
\tSystem.Data.Entity.Edm.EdmEntitySet: EntityType: EntitySet 'Products' is based on type 'Product' that has no keys defined.
</Message>
          <StackTrace>    at System.Data.Entity.ModelConfiguration.Edm.EdmModelExtensions.ValidateAndSerializeCsdl(EdmModel model, XmlWriter writer)
   at System.Data.Entity.DbModelBuilder.Build(DbProviderManifest providerManifest, DbProviderInfo providerInfo)
   at System.Data.Entity.DbModelBuilder.Build(DbConnection providerConnection)
   at System.Data.Entity.Internal.LazyInternalContext.CreateModel(LazyInternalContext internalContext)
   at System.Data.Entity.Internal.RetryLazy`2.GetValue(TInput input)
   at System.Data.Entity.Internal.LazyInternalContext.InitializeContext()
   at System.Data.Entity.Internal.InternalContext.CreateObjectContextForDdlOps()
   at System.Data.Entity.Database.Delete()
   at AwesomeMart.Test.DbInitializer.get_EmptyAwesomeMartDbContext() in C:\Users\kerner-m\Documents\GitHub\AwesomeMart\AwesomeMart\AwesomeMart.Test\DbInitializer.cs:line 19
   at AwesomeMart.Test.Model.Employee_Test.id_field_is_updated_locally_when_the_context_is_saved() in C:\Users\kerner-m\Documents\GitHub\AwesomeMart\AwesomeMart\AwesomeMart.Test\Model\Employee_Test.cs:line 181
</StackTrace>
        </ErrorInfo>
      </Output>
    </UnitTestResult>
    <UnitTestResult executionId="3c465ad7-3a78-4389-9124-cd2b5ff19b42" testId="492926e9-0840-f02c-f7b4-b90f733c4f50" testName="pay_rate_cant_be_negative" computerName="25KYJS1" duration="00:00:00.0098341" startTime="2013-01-30T16:29:22.1633763-08:00" endTime="2013-01-30T16:29:22.1743763-08:00" testType="13cdc9d9-ddb5-4fa4-a97d-d965ccfc6d4b" outcome="Failed" testListId="8c84fa94-04c1-424b-9868-57a2d4851a1d" relativeResultsDirectory="3c465ad7-3a78-4389-9124-cd2b5ff19b42">
      <Output>
        <ErrorInfo>
          <Message>Test method AwesomeMart.Test.Model.Employee_Test.pay_rate_cant_be_negative threw exception: 
System.Data.Entity.ModelConfiguration.ModelValidationException: One or more validation errors were detected during model generation:

\tSystem.Data.Entity.Edm.EdmEntityType: : EntityType 'Product' has no key defined. Define the key for this EntityType.
\tSystem.Data.Entity.Edm.EdmEntitySet: EntityType: EntitySet 'Products' is based on type 'Product' that has no keys defined.
</Message>
          <StackTrace>    at System.Data.Entity.ModelConfiguration.Edm.EdmModelExtensions.ValidateAndSerializeCsdl(EdmModel model, XmlWriter writer)
   at System.Data.Entity.DbModelBuilder.Build(DbProviderManifest providerManifest, DbProviderInfo providerInfo)
   at System.Data.Entity.DbModelBuilder.Build(DbConnection providerConnection)
   at System.Data.Entity.Internal.LazyInternalContext.CreateModel(LazyInternalContext internalContext)
   at System.Data.Entity.Internal.RetryLazy`2.GetValue(TInput input)
   at System.Data.Entity.Internal.LazyInternalContext.InitializeContext()
   at System.Data.Entity.Internal.InternalContext.CreateObjectContextForDdlOps()
   at System.Data.Entity.Database.Delete()
   at AwesomeMart.Test.DbInitializer.get_EmptyAwesomeMartDbContext() in C:\Users\kerner-m\Documents\GitHub\AwesomeMart\AwesomeMart\AwesomeMart.Test\DbInitializer.cs:line 19
   at AwesomeMart.Test.Model.Employee_Test.pay_rate_cant_be_negative() in C:\Users\kerner-m\Documents\GitHub\AwesomeMart\AwesomeMart\AwesomeMart.Test\Model\Employee_Test.cs:line 199
</StackTrace>
        </ErrorInfo>
      </Output>
    </UnitTestResult>
    <UnitTestResult executionId="fac39dc6-19f4-4bcd-a2bb-2c895223461d" testId="493c682a-ac29-c76e-bbbb-178d91201411" testName="pay_rate_can_be_5000000000" computerName="25KYJS1" duration="00:00:00.0097553" startTime="2013-01-30T16:29:22.1763763-08:00" endTime="2013-01-30T16:29:22.1873763-08:00" testType="13cdc9d9-ddb5-4fa4-a97d-d965ccfc6d4b" outcome="Failed" testListId="8c84fa94-04c1-424b-9868-57a2d4851a1d" relativeResultsDirectory="fac39dc6-19f4-4bcd-a2bb-2c895223461d">
      <Output>
        <ErrorInfo>
          <Message>Test method AwesomeMart.Test.Model.Employee_Test.pay_rate_can_be_5000000000 threw exception: 
System.Data.Entity.ModelConfiguration.ModelValidationException: One or more validation errors were detected during model generation:

\tSystem.Data.Entity.Edm.EdmEntityType: : EntityType 'Product' has no key defined. Define the key for this EntityType.
\tSystem.Data.Entity.Edm.EdmEntitySet: EntityType: EntitySet 'Products' is based on type 'Product' that has no keys defined.
</Message>
          <StackTrace>    at System.Data.Entity.ModelConfiguration.Edm.EdmModelExtensions.ValidateAndSerializeCsdl(EdmModel model, XmlWriter writer)
   at System.Data.Entity.DbModelBuilder.Build(DbProviderManifest providerManifest, DbProviderInfo providerInfo)
   at System.Data.Entity.DbModelBuilder.Build(DbConnection providerConnection)
   at System.Data.Entity.Internal.LazyInternalContext.CreateModel(LazyInternalContext internalContext)
   at System.Data.Entity.Internal.RetryLazy`2.GetValue(TInput input)
   at System.Data.Entity.Internal.LazyInternalContext.InitializeContext()
   at System.Data.Entity.Internal.InternalContext.CreateObjectContextForDdlOps()
   at System.Data.Entity.Database.Delete()
   at AwesomeMart.Test.DbInitializer.get_EmptyAwesomeMartDbContext() in C:\Users\kerner-m\Documents\GitHub\AwesomeMart\AwesomeMart\AwesomeMart.Test\DbInitializer.cs:line 19
   at AwesomeMart.Test.Model.Employee_Test.pay_rate_can_be_5000000000() in C:\Users\kerner-m\Documents\GitHub\AwesomeMart\AwesomeMart\AwesomeMart.Test\Model\Employee_Test.cs:line 267
</StackTrace>
        </ErrorInfo>
      </Output>
    </UnitTestResult>
    <UnitTestResult executionId="172b3030-6c65-425b-8490-64b8ab604a7b" testId="50016594-dfeb-0321-044f-2714ce910c7a" testName="pay_rate_can_be_0" computerName="25KYJS1" duration="00:00:00.0097722" startTime="2013-01-30T16:29:22.1883763-08:00" endTime="2013-01-30T16:29:22.2003763-08:00" testType="13cdc9d9-ddb5-4fa4-a97d-d965ccfc6d4b" outcome="Failed" testListId="8c84fa94-04c1-424b-9868-57a2d4851a1d" relativeResultsDirectory="172b3030-6c65-425b-8490-64b8ab604a7b">
      <Output>
        <ErrorInfo>
          <Message>Test method AwesomeMart.Test.Model.Employee_Test.pay_rate_can_be_0 threw exception: 
System.Data.Entity.ModelConfiguration.ModelValidationException: One or more validation errors were detected during model generation:

\tSystem.Data.Entity.Edm.EdmEntityType: : EntityType 'Product' has no key defined. Define the key for this EntityType.
\tSystem.Data.Entity.Edm.EdmEntitySet: EntityType: EntitySet 'Products' is based on type 'Product' that has no keys defined.
</Message>
          <StackTrace>    at System.Data.Entity.ModelConfiguration.Edm.EdmModelExtensions.ValidateAndSerializeCsdl(EdmModel model, XmlWriter writer)
   at System.Data.Entity.DbModelBuilder.Build(DbProviderManifest providerManifest, DbProviderInfo providerInfo)
   at System.Data.Entity.DbModelBuilder.Build(DbConnection providerConnection)
   at System.Data.Entity.Internal.LazyInternalContext.CreateModel(LazyInternalContext internalContext)
   at System.Data.Entity.Internal.RetryLazy`2.GetValue(TInput input)
   at System.Data.Entity.Internal.LazyInternalContext.InitializeContext()
   at System.Data.Entity.Internal.InternalContext.CreateObjectContextForDdlOps()
   at System.Data.Entity.Database.Delete()
   at AwesomeMart.Test.DbInitializer.get_EmptyAwesomeMartDbContext() in C:\Users\kerner-m\Documents\GitHub\AwesomeMart\AwesomeMart\AwesomeMart.Test\DbInitializer.cs:line 19
   at AwesomeMart.Test.Model.Employee_Test.pay_rate_can_be_0() in C:\Users\kerner-m\Documents\GitHub\AwesomeMart\AwesomeMart\AwesomeMart.Test\Model\Employee_Test.cs:line 222
</StackTrace>
        </ErrorInfo>
      </Output>
    </UnitTestResult>
    <UnitTestResult executionId="508b4c70-5b2a-4c30-9dd6-e1abc58af8f1" testId="637ca211-9ce2-7473-7d49-6124301dbf38" testName="can_retrieve_employee" computerName="25KYJS1" duration="00:00:00.0098456" startTime="2013-01-30T16:29:22.2023763-08:00" endTime="2013-01-30T16:29:22.2133763-08:00" testType="13cdc9d9-ddb5-4fa4-a97d-d965ccfc6d4b" outcome="Failed" testListId="8c84fa94-04c1-424b-9868-57a2d4851a1d" relativeResultsDirectory="508b4c70-5b2a-4c30-9dd6-e1abc58af8f1">
      <Output>
        <ErrorInfo>
          <Message>Test method AwesomeMart.Test.Model.Employee_Test.can_retrieve_employee threw exception: 
System.Data.Entity.ModelConfiguration.ModelValidationException: One or more validation errors were detected during model generation:

\tSystem.Data.Entity.Edm.EdmEntityType: : EntityType 'Product' has no key defined. Define the key for this EntityType.
\tSystem.Data.Entity.Edm.EdmEntitySet: EntityType: EntitySet 'Products' is based on type 'Product' that has no keys defined.
</Message>
          <StackTrace>    at System.Data.Entity.ModelConfiguration.Edm.EdmModelExtensions.ValidateAndSerializeCsdl(EdmModel model, XmlWriter writer)
   at System.Data.Entity.DbModelBuilder.Build(DbProviderManifest providerManifest, DbProviderInfo providerInfo)
   at System.Data.Entity.DbModelBuilder.Build(DbConnection providerConnection)
   at System.Data.Entity.Internal.LazyInternalContext.CreateModel(LazyInternalContext internalContext)
   at System.Data.Entity.Internal.RetryLazy`2.GetValue(TInput input)
   at System.Data.Entity.Internal.LazyInternalContext.InitializeContext()
   at System.Data.Entity.Internal.InternalContext.CreateObjectContextForDdlOps()
   at System.Data.Entity.Database.Delete()
   at AwesomeMart.Test.DbInitializer.get_EmptyAwesomeMartDbContext() in C:\Users\kerner-m\Documents\GitHub\AwesomeMart\AwesomeMart\AwesomeMart.Test\DbInitializer.cs:line 19
   at AwesomeMart.Test.Model.Employee_Test.can_retrieve_employee() in C:\Users\kerner-m\Documents\GitHub\AwesomeMart\AwesomeMart\AwesomeMart.Test\Model\Employee_Test.cs:line 34
</StackTrace>
        </ErrorInfo>
      </Output>
    </UnitTestResult>
    <UnitTestResult executionId="952f8d8b-48c2-4873-8b90-984bf6c505e2" testId="64b1c73e-cbd6-9f2f-f8b0-fe4804f3ee4f" testName="pay_type_is_able_to_be_changed" computerName="25KYJS1" duration="00:00:00.0101864" startTime="2013-01-30T16:29:22.2153763-08:00" endTime="2013-01-30T16:29:22.2263763-08:00" testType="13cdc9d9-ddb5-4fa4-a97d-d965ccfc6d4b" outcome="Failed" testListId="8c84fa94-04c1-424b-9868-57a2d4851a1d" relativeResultsDirectory="952f8d8b-48c2-4873-8b90-984bf6c505e2">
      <Output>
        <ErrorInfo>
          <Message>Test method AwesomeMart.Test.Model.Employee_Test.pay_type_is_able_to_be_changed threw exception: 
System.Data.Entity.ModelConfiguration.ModelValidationException: One or more validation errors were detected during model generation:

\tSystem.Data.Entity.Edm.EdmEntityType: : EntityType 'Product' has no key defined. Define the key for this EntityType.
\tSystem.Data.Entity.Edm.EdmEntitySet: EntityType: EntitySet 'Products' is based on type 'Product' that has no keys defined.
</Message>
          <StackTrace>    at System.Data.Entity.ModelConfiguration.Edm.EdmModelExtensions.ValidateAndSerializeCsdl(EdmModel model, XmlWriter writer)
   at System.Data.Entity.DbModelBuilder.Build(DbProviderManifest providerManifest, DbProviderInfo providerInfo)
   at System.Data.Entity.DbModelBuilder.Build(DbConnection providerConnection)
   at System.Data.Entity.Internal.LazyInternalContext.CreateModel(LazyInternalContext internalContext)
   at System.Data.Entity.Internal.RetryLazy`2.GetValue(TInput input)
   at System.Data.Entity.Internal.LazyInternalContext.InitializeContext()
   at System.Data.Entity.Internal.InternalContext.CreateObjectContextForDdlOps()
   at System.Data.Entity.Database.Delete()
   at AwesomeMart.Test.DbInitializer.get_EmptyAwesomeMartDbContext() in C:\Users\kerner-m\Documents\GitHub\AwesomeMart\AwesomeMart\AwesomeMart.Test\DbInitializer.cs:line 19
   at AwesomeMart.Test.Model.Employee_Test.pay_type_is_able_to_be_changed() in C:\Users\kerner-m\Documents\GitHub\AwesomeMart\AwesomeMart\AwesomeMart.Test\Model\Employee_Test.cs:line 144
</StackTrace>
        </ErrorInfo>
      </Output>
    </UnitTestResult>
    <UnitTestResult executionId="f8097dbe-2d6b-4d2d-9795-ac907cae3fa4" testId="7948a2ab-75da-b66f-01dc-cc0c50dd9b98" testName="linq_shorthand_is_equivalent_to_regular_syntax" computerName="25KYJS1" duration="00:00:00.0100910" startTime="2013-01-30T16:29:22.2283763-08:00" endTime="2013-01-30T16:29:22.2403763-08:00" testType="13cdc9d9-ddb5-4fa4-a97d-d965ccfc6d4b" outcome="Failed" testListId="8c84fa94-04c1-424b-9868-57a2d4851a1d" relativeResultsDirectory="f8097dbe-2d6b-4d2d-9795-ac907cae3fa4">
      <Output>
        <ErrorInfo>
          <Message>Test method AwesomeMart.Test.Model.Employee_Test.linq_shorthand_is_equivalent_to_regular_syntax threw exception: 
System.Data.Entity.ModelConfiguration.ModelValidationException: One or more validation errors were detected during model generation:

\tSystem.Data.Entity.Edm.EdmEntityType: : EntityType 'Product' has no key defined. Define the key for this EntityType.
\tSystem.Data.Entity.Edm.EdmEntitySet: EntityType: EntitySet 'Products' is based on type 'Product' that has no keys defined.
</Message>
          <StackTrace>    at System.Data.Entity.ModelConfiguration.Edm.EdmModelExtensions.ValidateAndSerializeCsdl(EdmModel model, XmlWriter writer)
   at System.Data.Entity.DbModelBuilder.Build(DbProviderManifest providerManifest, DbProviderInfo providerInfo)
   at System.Data.Entity.DbModelBuilder.Build(DbConnection providerConnection)
   at System.Data.Entity.Internal.LazyInternalContext.CreateModel(LazyInternalContext internalContext)
   at System.Data.Entity.Internal.RetryLazy`2.GetValue(TInput input)
   at System.Data.Entity.Internal.LazyInternalContext.InitializeContext()
   at System.Data.Entity.Internal.InternalContext.CreateObjectContextForDdlOps()
   at System.Data.Entity.Database.Delete()
   at AwesomeMart.Test.DbInitializer.get_EmptyAwesomeMartDbContext() in C:\Users\kerner-m\Documents\GitHub\AwesomeMart\AwesomeMart\AwesomeMart.Test\DbInitializer.cs:line 19
   at AwesomeMart.Test.DbInitializer.get_SeededAwesomeMartDbContext() in C:\Users\kerner-m\Documents\GitHub\AwesomeMart\AwesomeMart\AwesomeMart.Test\DbInitializer.cs:line 29
   at AwesomeMart.Test.Model.Employee_Test.linq_shorthand_is_equivalent_to_regular_syntax() in C:\Users\kerner-m\Documents\GitHub\AwesomeMart\AwesomeMart\AwesomeMart.Test\Model\Employee_Test.cs:line 167
</StackTrace>
        </ErrorInfo>
      </Output>
    </UnitTestResult>
    <UnitTestResult executionId="4a4e9064-272c-420c-9604-42cecfbee1c8" testId="7ba9dac2-7723-9839-8900-7d8d62e34f38" testName="default_value_for_start_date_is_null" computerName="25KYJS1" duration="00:00:00.0098356" startTime="2013-01-30T16:29:22.2413763-08:00" endTime="2013-01-30T16:29:22.2533763-08:00" testType="13cdc9d9-ddb5-4fa4-a97d-d965ccfc6d4b" outcome="Failed" testListId="8c84fa94-04c1-424b-9868-57a2d4851a1d" relativeResultsDirectory="4a4e9064-272c-420c-9604-42cecfbee1c8">
      <Output>
        <ErrorInfo>
          <Message>Test method AwesomeMart.Test.Model.Employee_Test.default_value_for_start_date_is_null threw exception: 
System.Data.Entity.ModelConfiguration.ModelValidationException: One or more validation errors were detected during model generation:

\tSystem.Data.Entity.Edm.EdmEntityType: : EntityType 'Product' has no key defined. Define the key for this EntityType.
\tSystem.Data.Entity.Edm.EdmEntitySet: EntityType: EntitySet 'Products' is based on type 'Product' that has no keys defined.
</Message>
          <StackTrace>    at System.Data.Entity.ModelConfiguration.Edm.EdmModelExtensions.ValidateAndSerializeCsdl(EdmModel model, XmlWriter writer)
   at System.Data.Entity.DbModelBuilder.Build(DbProviderManifest providerManifest, DbProviderInfo providerInfo)
   at System.Data.Entity.DbModelBuilder.Build(DbConnection providerConnection)
   at System.Data.Entity.Internal.LazyInternalContext.CreateModel(LazyInternalContext internalContext)
   at System.Data.Entity.Internal.RetryLazy`2.GetValue(TInput input)
   at System.Data.Entity.Internal.LazyInternalContext.InitializeContext()
   at System.Data.Entity.Internal.InternalContext.CreateObjectContextForDdlOps()
   at System.Data.Entity.Database.Delete()
   at AwesomeMart.Test.DbInitializer.get_EmptyAwesomeMartDbContext() in C:\Users\kerner-m\Documents\GitHub\AwesomeMart\AwesomeMart\AwesomeMart.Test\DbInitializer.cs:line 19
   at AwesomeMart.Test.Model.Employee_Test.default_value_for_start_date_is_null() in C:\Users\kerner-m\Documents\GitHub\AwesomeMart\AwesomeMart\AwesomeMart.Test\Model\Employee_Test.cs:line 99
</StackTrace>
        </ErrorInfo>
      </Output>
    </UnitTestResult>
    <UnitTestResult executionId="c455f08b-74b6-407d-b0e7-755e4de0fc0d" testId="7e89b305-8675-3aed-4c84-f356b475469a" testName="can_edit_employee" computerName="25KYJS1" duration="00:00:00.0101339" startTime="2013-01-30T16:29:22.2543763-08:00" endTime="2013-01-30T16:29:22.2663763-08:00" testType="13cdc9d9-ddb5-4fa4-a97d-d965ccfc6d4b" outcome="Failed" testListId="8c84fa94-04c1-424b-9868-57a2d4851a1d" relativeResultsDirectory="c455f08b-74b6-407d-b0e7-755e4de0fc0d">
      <Output>
        <ErrorInfo>
          <Message>Test method AwesomeMart.Test.Model.Employee_Test.can_edit_employee threw exception: 
System.Data.Entity.ModelConfiguration.ModelValidationException: One or more validation errors were detected during model generation:

\tSystem.Data.Entity.Edm.EdmEntityType: : EntityType 'Product' has no key defined. Define the key for this EntityType.
\tSystem.Data.Entity.Edm.EdmEntitySet: EntityType: EntitySet 'Products' is based on type 'Product' that has no keys defined.
</Message>
          <StackTrace>    at System.Data.Entity.ModelConfiguration.Edm.EdmModelExtensions.ValidateAndSerializeCsdl(EdmModel model, XmlWriter writer)
   at System.Data.Entity.DbModelBuilder.Build(DbProviderManifest providerManifest, DbProviderInfo providerInfo)
   at System.Data.Entity.DbModelBuilder.Build(DbConnection providerConnection)
   at System.Data.Entity.Internal.LazyInternalContext.CreateModel(LazyInternalContext internalContext)
   at System.Data.Entity.Internal.RetryLazy`2.GetValue(TInput input)
   at System.Data.Entity.Internal.LazyInternalContext.InitializeContext()
   at System.Data.Entity.Internal.InternalContext.CreateObjectContextForDdlOps()
   at System.Data.Entity.Database.Delete()
   at AwesomeMart.Test.DbInitializer.get_EmptyAwesomeMartDbContext() in C:\Users\kerner-m\Documents\GitHub\AwesomeMart\AwesomeMart\AwesomeMart.Test\DbInitializer.cs:line 19
   at AwesomeMart.Test.Model.Employee_Test.can_edit_employee() in C:\Users\kerner-m\Documents\GitHub\AwesomeMart\AwesomeMart\AwesomeMart.Test\Model\Employee_Test.cs:line 48
</StackTrace>
        </ErrorInfo>
      </Output>
    </UnitTestResult>
    <UnitTestResult executionId="98796d51-7cfd-41e8-9ef2-54773dfe820a" testId="8edd6437-f89d-5258-0bc8-730c57fc8d24" testName="relationships_work_between_sales_and_employees" computerName="25KYJS1" duration="00:00:00.0106035" startTime="2013-01-30T16:29:22.2683763-08:00" endTime="2013-01-30T16:29:22.2803763-08:00" testType="13cdc9d9-ddb5-4fa4-a97d-d965ccfc6d4b" outcome="Failed" testListId="8c84fa94-04c1-424b-9868-57a2d4851a1d" relativeResultsDirectory="98796d51-7cfd-41e8-9ef2-54773dfe820a">
      <Output>
        <ErrorInfo>
          <Message>Test method AwesomeMart.Test.Model.Sale_Test.relationships_work_between_sales_and_employees threw exception: 
System.Data.Entity.ModelConfiguration.ModelValidationException: One or more validation errors were detected during model generation:

\tSystem.Data.Entity.Edm.EdmEntityType: : EntityType 'Product' has no key defined. Define the key for this EntityType.
\tSystem.Data.Entity.Edm.EdmEntitySet: EntityType: EntitySet 'Products' is based on type 'Product' that has no keys defined.
</Message>
          <StackTrace>    at System.Data.Entity.ModelConfiguration.Edm.EdmModelExtensions.ValidateAndSerializeCsdl(EdmModel model, XmlWriter writer)
   at System.Data.Entity.DbModelBuilder.Build(DbProviderManifest providerManifest, DbProviderInfo providerInfo)
   at System.Data.Entity.DbModelBuilder.Build(DbConnection providerConnection)
   at System.Data.Entity.Internal.LazyInternalContext.CreateModel(LazyInternalContext internalContext)
   at System.Data.Entity.Internal.RetryLazy`2.GetValue(TInput input)
   at System.Data.Entity.Internal.LazyInternalContext.InitializeContext()
   at System.Data.Entity.Internal.InternalContext.CreateObjectContextForDdlOps()
   at System.Data.Entity.Database.Delete()
   at AwesomeMart.Test.DbInitializer.get_EmptyAwesomeMartDbContext() in C:\Users\kerner-m\Documents\GitHub\AwesomeMart\AwesomeMart\AwesomeMart.Test\DbInitializer.cs:line 19
   at AwesomeMart.Test.DbInitializer.get_SeededAwesomeMartDbContext() in C:\Users\kerner-m\Documents\GitHub\AwesomeMart\AwesomeMart\AwesomeMart.Test\DbInitializer.cs:line 29
   at AwesomeMart.Test.Model.Sale_Test.relationships_work_between_sales_and_employees() in C:\Users\kerner-m\Documents\GitHub\AwesomeMart\AwesomeMart\AwesomeMart.Test\Model\Sale_Test.cs:line 70
</StackTrace>
        </ErrorInfo>
      </Output>
    </UnitTestResult>
    <UnitTestResult executionId="9cd93da2-cf54-4a93-9b54-229af73b3d24" testId="9010d12c-3f2d-3c6d-95a8-9b36449c2b43" testName="can_seed_database_with_employee" computerName="25KYJS1" duration="00:00:00.0096841" startTime="2013-01-30T16:29:22.2823763-08:00" endTime="2013-01-30T16:29:22.2933763-08:00" testType="13cdc9d9-ddb5-4fa4-a97d-d965ccfc6d4b" outcome="Failed" testListId="8c84fa94-04c1-424b-9868-57a2d4851a1d" relativeResultsDirectory="9cd93da2-cf54-4a93-9b54-229af73b3d24">
      <Output>
        <ErrorInfo>
          <Message>Test method AwesomeMart.Test.Model.Employee_Test.can_seed_database_with_employee threw exception: 
System.Data.Entity.ModelConfiguration.ModelValidationException: One or more validation errors were detected during model generation:

\tSystem.Data.Entity.Edm.EdmEntityType: : EntityType 'Product' has no key defined. Define the key for this EntityType.
\tSystem.Data.Entity.Edm.EdmEntitySet: EntityType: EntitySet 'Products' is based on type 'Product' that has no keys defined.
</Message>
          <StackTrace>    at System.Data.Entity.ModelConfiguration.Edm.EdmModelExtensions.ValidateAndSerializeCsdl(EdmModel model, XmlWriter writer)
   at System.Data.Entity.DbModelBuilder.Build(DbProviderManifest providerManifest, DbProviderInfo providerInfo)
   at System.Data.Entity.DbModelBuilder.Build(DbConnection providerConnection)
   at System.Data.Entity.Internal.LazyInternalContext.CreateModel(LazyInternalContext internalContext)
   at System.Data.Entity.Internal.RetryLazy`2.GetValue(TInput input)
   at System.Data.Entity.Internal.LazyInternalContext.InitializeContext()
   at System.Data.Entity.Internal.InternalContext.CreateObjectContextForDdlOps()
   at System.Data.Entity.Database.Delete()
   at AwesomeMart.Test.DbInitializer.get_EmptyAwesomeMartDbContext() in C:\Users\kerner-m\Documents\GitHub\AwesomeMart\AwesomeMart\AwesomeMart.Test\DbInitializer.cs:line 19
   at AwesomeMart.Test.DbInitializer.get_SeededAwesomeMartDbContext() in C:\Users\kerner-m\Documents\GitHub\AwesomeMart\AwesomeMart\AwesomeMart.Test\DbInitializer.cs:line 29
   at AwesomeMart.Test.Model.Employee_Test.can_seed_database_with_employee() in C:\Users\kerner-m\Documents\GitHub\AwesomeMart\AwesomeMart\AwesomeMart.Test\Model\Employee_Test.cs:line 69
</StackTrace>
        </ErrorInfo>
      </Output>
    </UnitTestResult>
    <UnitTestResult executionId="e920fe22-7e29-4988-925e-7203da1106eb" testId="937886fc-50f1-96f2-137f-12f0beea6931" testName="can_add_new_employee" computerName="25KYJS1" duration="00:00:00.0128388" startTime="2013-01-30T16:29:22.2953763-08:00" endTime="2013-01-30T16:29:22.3093763-08:00" testType="13cdc9d9-ddb5-4fa4-a97d-d965ccfc6d4b" outcome="Failed" testListId="8c84fa94-04c1-424b-9868-57a2d4851a1d" relativeResultsDirectory="e920fe22-7e29-4988-925e-7203da1106eb">
      <Output>
        <ErrorInfo>
          <Message>Test method AwesomeMart.Test.Model.Employee_Test.can_add_new_employee threw exception: 
System.Data.Entity.ModelConfiguration.ModelValidationException: One or more validation errors were detected during model generation:

\tSystem.Data.Entity.Edm.EdmEntityType: : EntityType 'Product' has no key defined. Define the key for this EntityType.
\tSystem.Data.Entity.Edm.EdmEntitySet: EntityType: EntitySet 'Products' is based on type 'Product' that has no keys defined.
</Message>
          <StackTrace>    at System.Data.Entity.ModelConfiguration.Edm.EdmModelExtensions.ValidateAndSerializeCsdl(EdmModel model, XmlWriter writer)
   at System.Data.Entity.DbModelBuilder.Build(DbProviderManifest providerManifest, DbProviderInfo providerInfo)
   at System.Data.Entity.DbModelBuilder.Build(DbConnection providerConnection)
   at System.Data.Entity.Internal.LazyInternalContext.CreateModel(LazyInternalContext internalContext)
   at System.Data.Entity.Internal.RetryLazy`2.GetValue(TInput input)
   at System.Data.Entity.Internal.LazyInternalContext.InitializeContext()
   at System.Data.Entity.Internal.InternalContext.CreateObjectContextForDdlOps()
   at System.Data.Entity.Database.Delete()
   at AwesomeMart.Test.DbInitializer.get_EmptyAwesomeMartDbContext() in C:\Users\kerner-m\Documents\GitHub\AwesomeMart\AwesomeMart\AwesomeMart.Test\DbInitializer.cs:line 19
   at AwesomeMart.Test.Model.Employee_Test.can_add_new_employee() in C:\Users\kerner-m\Documents\GitHub\AwesomeMart\AwesomeMart\AwesomeMart.Test\Model\Employee_Test.cs:line 19
</StackTrace>
        </ErrorInfo>
      </Output>
    </UnitTestResult>
    <UnitTestResult executionId="f4457561-4f53-40c9-aaa1-4537c65342f3" testId="c2e768e2-9389-62d7-8919-0d56c84b6986" testName="lazy_loading_works_between_sales_and_employee" computerName="25KYJS1" duration="00:00:00.0106458" startTime="2013-01-30T16:29:22.3113763-08:00" endTime="2013-01-30T16:29:22.3233763-08:00" testType="13cdc9d9-ddb5-4fa4-a97d-d965ccfc6d4b" outcome="Failed" testListId="8c84fa94-04c1-424b-9868-57a2d4851a1d" relativeResultsDirectory="f4457561-4f53-40c9-aaa1-4537c65342f3">
      <Output>
        <ErrorInfo>
          <Message>Test method AwesomeMart.Test.Model.Sale_Test.lazy_loading_works_between_sales_and_employee threw exception: 
System.Data.Entity.ModelConfiguration.ModelValidationException: One or more validation errors were detected during model generation:

\tSystem.Data.Entity.Edm.EdmEntityType: : EntityType 'Product' has no key defined. Define the key for this EntityType.
\tSystem.Data.Entity.Edm.EdmEntitySet: EntityType: EntitySet 'Products' is based on type 'Product' that has no keys defined.
</Message>
          <StackTrace>    at System.Data.Entity.ModelConfiguration.Edm.EdmModelExtensions.ValidateAndSerializeCsdl(EdmModel model, XmlWriter writer)
   at System.Data.Entity.DbModelBuilder.Build(DbProviderManifest providerManifest, DbProviderInfo providerInfo)
   at System.Data.Entity.DbModelBuilder.Build(DbConnection providerConnection)
   at System.Data.Entity.Internal.LazyInternalContext.CreateModel(LazyInternalContext internalContext)
   at System.Data.Entity.Internal.RetryLazy`2.GetValue(TInput input)
   at System.Data.Entity.Internal.LazyInternalContext.InitializeContext()
   at System.Data.Entity.Internal.InternalContext.CreateObjectContextForDdlOps()
   at System.Data.Entity.Database.Delete()
   at AwesomeMart.Test.DbInitializer.get_EmptyAwesomeMartDbContext() in C:\Users\kerner-m\Documents\GitHub\AwesomeMart\AwesomeMart\AwesomeMart.Test\DbInitializer.cs:line 19
   at AwesomeMart.Test.DbInitializer.get_SeededAwesomeMartDbContext() in C:\Users\kerner-m\Documents\GitHub\AwesomeMart\AwesomeMart\AwesomeMart.Test\DbInitializer.cs:line 29
   at AwesomeMart.Test.Model.Sale_Test.lazy_loading_works_between_sales_and_employee() in C:\Users\kerner-m\Documents\GitHub\AwesomeMart\AwesomeMart\AwesomeMart.Test\Model\Sale_Test.cs:line 99
</StackTrace>
        </ErrorInfo>
      </Output>
    </UnitTestResult>
    <UnitTestResult executionId="37afa38c-b30b-4ccc-94b0-b62ff591b9b4" testId="d7c04fbe-7743-bb05-94f9-69ebbf46de8f" testName="default_value_for_position_is_null" computerName="25KYJS1" duration="00:00:00.0095630" startTime="2013-01-30T16:29:22.3253763-08:00" endTime="2013-01-30T16:29:22.3363763-08:00" testType="13cdc9d9-ddb5-4fa4-a97d-d965ccfc6d4b" outcome="Failed" testListId="8c84fa94-04c1-424b-9868-57a2d4851a1d" relativeResultsDirectory="37afa38c-b30b-4ccc-94b0-b62ff591b9b4">
      <Output>
        <ErrorInfo>
          <Message>Test method AwesomeMart.Test.Model.Employee_Test.default_value_for_position_is_null threw exception: 
System.Data.Entity.ModelConfiguration.ModelValidationException: One or more validation errors were detected during model generation:

\tSystem.Data.Entity.Edm.EdmEntityType: : EntityType 'Product' has no key defined. Define the key for this EntityType.
\tSystem.Data.Entity.Edm.EdmEntitySet: EntityType: EntitySet 'Products' is based on type 'Product' that has no keys defined.
</Message>
          <StackTrace>    at System.Data.Entity.ModelConfiguration.Edm.EdmModelExtensions.ValidateAndSerializeCsdl(EdmModel model, XmlWriter writer)
   at System.Data.Entity.DbModelBuilder.Build(DbProviderManifest providerManifest, DbProviderInfo providerInfo)
   at System.Data.Entity.DbModelBuilder.Build(DbConnection providerConnection)
   at System.Data.Entity.Internal.LazyInternalContext.CreateModel(LazyInternalContext internalContext)
   at System.Data.Entity.Internal.RetryLazy`2.GetValue(TInput input)
   at System.Data.Entity.Internal.LazyInternalContext.InitializeContext()
   at System.Data.Entity.Internal.InternalContext.CreateObjectContextForDdlOps()
   at System.Data.Entity.Database.Delete()
   at AwesomeMart.Test.DbInitializer.get_EmptyAwesomeMartDbContext() in C:\Users\kerner-m\Documents\GitHub\AwesomeMart\AwesomeMart\AwesomeMart.Test\DbInitializer.cs:line 19
   at AwesomeMart.Test.Model.Employee_Test.default_value_for_position_is_null() in C:\Users\kerner-m\Documents\GitHub\AwesomeMart\AwesomeMart\AwesomeMart.Test\Model\Employee_Test.cs:line 122
</StackTrace>
        </ErrorInfo>
      </Output>
    </UnitTestResult>
    <UnitTestResult executionId="aa9bfe17-925e-44ce-84d6-b8752402fa61" testId="e0371036-8b9a-f916-a7da-ca40b074839f" testName="can_check_for_validation_before_saving" computerName="25KYJS1" duration="00:00:00.0095624" startTime="2013-01-30T16:29:22.3373763-08:00" endTime="2013-01-30T16:29:22.3483763-08:00" testType="13cdc9d9-ddb5-4fa4-a97d-d965ccfc6d4b" outcome="Failed" testListId="8c84fa94-04c1-424b-9868-57a2d4851a1d" relativeResultsDirectory="aa9bfe17-925e-44ce-84d6-b8752402fa61">
      <Output>
        <ErrorInfo>
          <Message>Test method AwesomeMart.Test.Model.Employee_Test.can_check_for_validation_before_saving threw exception: 
System.Data.Entity.ModelConfiguration.ModelValidationException: One or more validation errors were detected during model generation:

\tSystem.Data.Entity.Edm.EdmEntityType: : EntityType 'Product' has no key defined. Define the key for this EntityType.
\tSystem.Data.Entity.Edm.EdmEntitySet: EntityType: EntitySet 'Products' is based on type 'Product' that has no keys defined.
</Message>
          <StackTrace>    at System.Data.Entity.ModelConfiguration.Edm.EdmModelExtensions.ValidateAndSerializeCsdl(EdmModel model, XmlWriter writer)
   at System.Data.Entity.DbModelBuilder.Build(DbProviderManifest providerManifest, DbProviderInfo providerInfo)
   at System.Data.Entity.DbModelBuilder.Build(DbConnection providerConnection)
   at System.Data.Entity.Internal.LazyInternalContext.CreateModel(LazyInternalContext internalContext)
   at System.Data.Entity.Internal.RetryLazy`2.GetValue(TInput input)
   at System.Data.Entity.Internal.LazyInternalContext.InitializeContext()
   at System.Data.Entity.Internal.InternalContext.CreateObjectContextForDdlOps()
   at System.Data.Entity.Database.Delete()
   at AwesomeMart.Test.DbInitializer.get_EmptyAwesomeMartDbContext() in C:\Users\kerner-m\Documents\GitHub\AwesomeMart\AwesomeMart\AwesomeMart.Test\DbInitializer.cs:line 19
   at AwesomeMart.Test.Model.Employee_Test.can_check_for_validation_before_saving() in C:\Users\kerner-m\Documents\GitHub\AwesomeMart\AwesomeMart\AwesomeMart.Test\Model\Employee_Test.cs:line 313
</StackTrace>
        </ErrorInfo>
      </Output>
    </UnitTestResult>
    <UnitTestResult executionId="28b4d3fe-756e-45f5-89e0-9577a3b86100" testId="ff8df26d-cfd2-ee2a-0027-fc09a963f201" testName="pay_rate_cant_be_more_than_5000000000" computerName="25KYJS1" duration="00:00:00.0095573" startTime="2013-01-30T16:29:22.3503763-08:00" endTime="2013-01-30T16:29:22.3613763-08:00" testType="13cdc9d9-ddb5-4fa4-a97d-d965ccfc6d4b" outcome="Failed" testListId="8c84fa94-04c1-424b-9868-57a2d4851a1d" relativeResultsDirectory="28b4d3fe-756e-45f5-89e0-9577a3b86100">
      <Output>
        <ErrorInfo>
          <Message>Test method AwesomeMart.Test.Model.Employee_Test.pay_rate_cant_be_more_than_5000000000 threw exception: 
System.Data.Entity.ModelConfiguration.ModelValidationException: One or more validation errors were detected during model generation:

\tSystem.Data.Entity.Edm.EdmEntityType: : EntityType 'Product' has no key defined. Define the key for this EntityType.
\tSystem.Data.Entity.Edm.EdmEntitySet: EntityType: EntitySet 'Products' is based on type 'Product' that has no keys defined.
</Message>
          <StackTrace>    at System.Data.Entity.ModelConfiguration.Edm.EdmModelExtensions.ValidateAndSerializeCsdl(EdmModel model, XmlWriter writer)
   at System.Data.Entity.DbModelBuilder.Build(DbProviderManifest providerManifest, DbProviderInfo providerInfo)
   at System.Data.Entity.DbModelBuilder.Build(DbConnection providerConnection)
   at System.Data.Entity.Internal.LazyInternalContext.CreateModel(LazyInternalContext internalContext)
   at System.Data.Entity.Internal.RetryLazy`2.GetValue(TInput input)
   at System.Data.Entity.Internal.LazyInternalContext.InitializeContext()
   at System.Data.Entity.Internal.InternalContext.CreateObjectContextForDdlOps()
   at System.Data.Entity.Database.Delete()
   at AwesomeMart.Test.DbInitializer.get_EmptyAwesomeMartDbContext() in C:\Users\kerner-m\Documents\GitHub\AwesomeMart\AwesomeMart\AwesomeMart.Test\DbInitializer.cs:line 19
   at AwesomeMart.Test.Model.Employee_Test.pay_rate_cant_be_more_than_5000000000() in C:\Users\kerner-m\Documents\GitHub\AwesomeMart\AwesomeMart\AwesomeMart.Test\Model\Employee_Test.cs:line 244
</StackTrace>
        </ErrorInfo>
      </Output>
    </UnitTestResult>
  </Results>
</TestRun>