<?xml version="1.0" encoding="UTF-8"?>
<TestRun id="178c9efb-82f4-4875-baee-a308ead3ccf8" name="KERNER-M@25KYJS1 2013-01-31 11:41:32" runUser="SA\KERNER-M" xmlns="http://microsoft.com/schemas/VisualStudio/TeamTest/2010">
  <TestSettings name="Local" id="0dbed112-f3d2-45f0-833e-0741c6af46f4">
    <Description>These are default test settings for a local test run.</Description>
    <Deployment enabled="false" runDeploymentRoot="KERNER-M_25KYJS1 2013-01-31 11_41_32">
      <DeploymentItem filename="C:\Users\kerner-m\Documents\GitHub\AwesomeMart\AwesomeMart\AwesomeMart\packages\EntityFramework.5.0.0\lib\net40\EntityFramework.dll" />
      <DeploymentItem filename="C:\Users\kerner-m\Documents\GitHub\AwesomeMart\AwesomeMart\AwesomeMart.Enumerations\bin\Debug\AwesomeMart.Enumerations.dll" />
      <DeploymentItem filename="C:\Users\kerner-m\Documents\GitHub\AwesomeMart\AwesomeMart\AwesomeMart.Model\bin\Debug\AwesomeMart.Data.dll" />
    </Deployment>
    <Execution>
      <TestTypeSpecific />
      <AgentRule name="Execution Agents">
      </AgentRule>
    </Execution>
  </TestSettings>
  <Times creation="2013-01-31T11:41:32.2543274-08:00" queuing="2013-01-31T11:41:33.0745795-08:00" start="2013-01-31T11:41:33.1837809-08:00" finish="2013-01-31T11:42:31.3005337-08:00" />
  <ResultSummary outcome="Error">
    <Counters total="1" executed="1" error="0" failed="0" timeout="0" aborted="1" inconclusive="0" passedButRunAborted="0" notRunnable="0" notExecuted="0" disconnected="0" warning="0" passed="0" completed="0" inProgress="0" pending="0" />
    <RunInfos>
      <RunInfo computerName="25KYJS1" outcome="Error" timestamp="2013-01-31T11:42:31.3005337-08:00">
        <Text>Test host process exited unexpectedly.</Text>
      </RunInfo>
    </RunInfos>
  </ResultSummary>
  <TestDefinitions>
    <UnitTest name="non_icollection_does_lazy_load" storage="c:\users\kerner-m\documents\github\awesomemart\awesomemart\awesomemart.test\bin\debug\awesomemart.test.dll" id="8c696147-2875-50cd-0fa2-82724cdbe80d">
      <Execution id="fc64d47c-13a5-4adf-b62c-324a385e5f58" />
      <TestMethod codeBase="C:/Users/kerner-m/Documents/GitHub/AwesomeMart/AwesomeMart/AwesomeMart.Test/bin/Debug/AwesomeMart.Test.DLL" adapterTypeName="Microsoft.VisualStudio.TestTools.TestTypes.Unit.UnitTestAdapter, Microsoft.VisualStudio.QualityTools.Tips.UnitTest.Adapter, Version=10.0.0.0, Culture=neutral, PublicKeyToken=b03f5f7f11d50a3a" className="AwesomeMart.Test.Model.Department_Test, AwesomeMart.Test, Version=1.0.0.0, Culture=neutral, PublicKeyToken=null" name="non_icollection_does_lazy_load" />
    </UnitTest>
  </TestDefinitions>
  <TestLists>
    <TestList name="Results Not in a List" id="8c84fa94-04c1-424b-9868-57a2d4851a1d" />
    <TestList name="All Loaded Results" id="19431567-8539-422a-85d7-44ee4e166bda" />
  </TestLists>
  <TestEntries>
    <TestEntry testId="8c696147-2875-50cd-0fa2-82724cdbe80d" executionId="a3590492-753d-4b93-9b45-f596317b0e4c" testListId="8c84fa94-04c1-424b-9868-57a2d4851a1d" />
  </TestEntries>
  <Results>
    <UnitTestResult executionId="a3590492-753d-4b93-9b45-f596317b0e4c" testId="8c696147-2875-50cd-0fa2-82724cdbe80d" testName="non_icollection_does_lazy_load" computerName="25KYJS1" duration="00:00:58.0231516" startTime="2013-01-31T11:41:33.2773821-08:00" endTime="2013-01-31T11:42:31.3005337-08:00" testType="13cdc9d9-ddb5-4fa4-a97d-d965ccfc6d4b" outcome="Aborted" testListId="8c84fa94-04c1-424b-9868-57a2d4851a1d" relativeResultsDirectory="a3590492-753d-4b93-9b45-f596317b0e4c">
    </UnitTestResult>
  </Results>
</TestRun>